[0.008s] Invoking command in '/home/david/ros2_ws/build/parc_robot': CMAKE_PREFIX_PATH=/opt/ros/humble CONDA_PROMPT_MODIFIER=(base) /usr/bin/cmake /home/david/ros2_ws/src/parc_robot -DCMAKE_INSTALL_PREFIX=/home/david/ros2_ws/install/parc_robot
[0.050s] -- The C compiler identification is GNU 11.4.0
[0.090s] -- The CXX compiler identification is GNU 11.4.0
[0.096s] -- Detecting C compiler ABI info
[0.142s] -- Detecting C compiler ABI info - done
[0.147s] -- Check for working C compiler: /usr/bin/cc - skipped
[0.147s] -- Detecting C compile features
[0.147s] -- Detecting C compile features - done
[0.149s] -- Detecting CXX compiler ABI info
[0.198s] -- Detecting CXX compiler ABI info - done
[0.204s] -- Check for working CXX compiler: /usr/bin/c++ - skipped
[0.204s] -- Detecting CXX compile features
[0.204s] -- Detecting CXX compile features - done
[0.205s] -- Found ament_cmake: 1.3.10 (/opt/ros/humble/share/ament_cmake/cmake)
[0.468s] -- Found Python3: /home/david/anaconda3/bin/python3 (found version "3.12.4") found components: Interpreter 
[0.595s] -- Configuring done
[0.596s] -- Generating done
[0.597s] -- Build files have been written to: /home/david/ros2_ws/build/parc_robot
[0.600s] Invoked command in '/home/david/ros2_ws/build/parc_robot' returned '0': CMAKE_PREFIX_PATH=/opt/ros/humble CONDA_PROMPT_MODIFIER=(base) /usr/bin/cmake /home/david/ros2_ws/src/parc_robot -DCMAKE_INSTALL_PREFIX=/home/david/ros2_ws/install/parc_robot
[0.602s] Invoking command in '/home/david/ros2_ws/build/parc_robot': CMAKE_PREFIX_PATH=/opt/ros/humble CONDA_PROMPT_MODIFIER=(base) /usr/bin/cmake --build /home/david/ros2_ws/build/parc_robot -- -j20 -l20
[0.629s] Invoked command in '/home/david/ros2_ws/build/parc_robot' returned '0': CMAKE_PREFIX_PATH=/opt/ros/humble CONDA_PROMPT_MODIFIER=(base) /usr/bin/cmake --build /home/david/ros2_ws/build/parc_robot -- -j20 -l20
[0.652s] Invoking command in '/home/david/ros2_ws/build/parc_robot': CMAKE_PREFIX_PATH=/opt/ros/humble CONDA_PROMPT_MODIFIER=(base) /usr/bin/cmake --install /home/david/ros2_ws/build/parc_robot
[0.657s] -- Install configuration: ""
[0.658s] -- Installing: /home/david/ros2_ws/install/parc_robot/share/ament_index/resource_index/package_run_dependencies/parc_robot
[0.658s] -- Installing: /home/david/ros2_ws/install/parc_robot/share/ament_index/resource_index/parent_prefix_path/parc_robot
[0.658s] -- Installing: /home/david/ros2_ws/install/parc_robot/share/parc_robot/environment/ament_prefix_path.sh
[0.658s] -- Installing: /home/david/ros2_ws/install/parc_robot/share/parc_robot/environment/ament_prefix_path.dsv
[0.658s] -- Installing: /home/david/ros2_ws/install/parc_robot/share/parc_robot/environment/path.sh
[0.658s] -- Installing: /home/david/ros2_ws/install/parc_robot/share/parc_robot/environment/path.dsv
[0.658s] -- Installing: /home/david/ros2_ws/install/parc_robot/share/parc_robot/local_setup.bash
[0.658s] -- Installing: /home/david/ros2_ws/install/parc_robot/share/parc_robot/local_setup.sh
[0.658s] -- Installing: /home/david/ros2_ws/install/parc_robot/share/parc_robot/local_setup.zsh
[0.658s] -- Installing: /home/david/ros2_ws/install/parc_robot/share/parc_robot/local_setup.dsv
[0.658s] -- Installing: /home/david/ros2_ws/install/parc_robot/share/parc_robot/package.dsv
[0.658s] -- Installing: /home/david/ros2_ws/install/parc_robot/share/ament_index/resource_index/packages/parc_robot
[0.658s] -- Installing: /home/david/ros2_ws/install/parc_robot/share/parc_robot/cmake/parc_robotConfig.cmake
[0.658s] -- Installing: /home/david/ros2_ws/install/parc_robot/share/parc_robot/cmake/parc_robotConfig-version.cmake
[0.659s] -- Installing: /home/david/ros2_ws/install/parc_robot/share/parc_robot/package.xml
[0.660s] Invoked command in '/home/david/ros2_ws/build/parc_robot' returned '0': CMAKE_PREFIX_PATH=/opt/ros/humble CONDA_PROMPT_MODIFIER=(base) /usr/bin/cmake --install /home/david/ros2_ws/build/parc_robot
