[0.009s] Invoking command in '/home/david/ros2_ws/build/parc_robot_description': CMAKE_PREFIX_PATH=/opt/ros/humble CONDA_PROMPT_MODIFIER=(base) /usr/bin/cmake /home/david/ros2_ws/src/parc_robot_description -DCMAKE_INSTALL_PREFIX=/home/david/ros2_ws/install/parc_robot_description
[0.053s] -- The C compiler identification is GNU 11.4.0
[0.088s] -- The CXX compiler identification is GNU 11.4.0
[0.093s] -- Detecting C compiler ABI info
[0.140s] -- Detecting C compiler ABI info - done
[0.144s] -- Check for working C compiler: /usr/bin/cc - skipped
[0.144s] -- Detecting C compile features
[0.144s] -- Detecting C compile features - done
[0.146s] -- Detecting CXX compiler ABI info
[0.201s] -- Detecting CXX compiler ABI info - done
[0.207s] -- Check for working CXX compiler: /usr/bin/c++ - skipped
[0.207s] -- Detecting CXX compile features
[0.208s] -- Detecting CXX compile features - done
[0.209s] -- Found ament_cmake: 1.3.10 (/opt/ros/humble/share/ament_cmake/cmake)
[0.469s] -- Found Python3: /home/david/anaconda3/bin/python3 (found version "3.12.4") found components: Interpreter 
[0.535s] -- Found urdf: 2.6.1 (/opt/ros/humble/share/urdf/cmake)
[0.568s] -- Found xacro: 2.0.8 (/opt/ros/humble/share/xacro/cmake)
[0.629s] -- Configuring done
[0.630s] -- Generating done
[0.630s] -- Build files have been written to: /home/david/ros2_ws/build/parc_robot_description
[0.635s] Invoked command in '/home/david/ros2_ws/build/parc_robot_description' returned '0': CMAKE_PREFIX_PATH=/opt/ros/humble CONDA_PROMPT_MODIFIER=(base) /usr/bin/cmake /home/david/ros2_ws/src/parc_robot_description -DCMAKE_INSTALL_PREFIX=/home/david/ros2_ws/install/parc_robot_description
[0.636s] Invoking command in '/home/david/ros2_ws/build/parc_robot_description': CMAKE_PREFIX_PATH=/opt/ros/humble CONDA_PROMPT_MODIFIER=(base) /usr/bin/cmake --build /home/david/ros2_ws/build/parc_robot_description -- -j20 -l20
[0.671s] Invoked command in '/home/david/ros2_ws/build/parc_robot_description' returned '0': CMAKE_PREFIX_PATH=/opt/ros/humble CONDA_PROMPT_MODIFIER=(base) /usr/bin/cmake --build /home/david/ros2_ws/build/parc_robot_description -- -j20 -l20
[0.690s] Invoking command in '/home/david/ros2_ws/build/parc_robot_description': CMAKE_PREFIX_PATH=/opt/ros/humble CONDA_PROMPT_MODIFIER=(base) /usr/bin/cmake --install /home/david/ros2_ws/build/parc_robot_description
[0.695s] -- Install configuration: ""
[0.695s] -- Installing: /home/david/ros2_ws/install/parc_robot_description/share/parc_robot_description/launch
[0.695s] -- Installing: /home/david/ros2_ws/install/parc_robot_description/share/parc_robot_description/launch/robot_state_publisher_launch.py
[0.695s] -- Installing: /home/david/ros2_ws/install/parc_robot_description/share/parc_robot_description/launch/description_launch.py
[0.696s] -- Installing: /home/david/ros2_ws/install/parc_robot_description/share/parc_robot_description/meshes
[0.696s] -- Installing: /home/david/ros2_ws/install/parc_robot_description/share/parc_robot_description/meshes/wheel_type1.dae
[0.697s] -- Installing: /home/david/ros2_ws/install/parc_robot_description/share/parc_robot_description/meshes/base_link.dae
[0.704s] -- Installing: /home/david/ros2_ws/install/parc_robot_description/share/parc_robot_description/meshes/seeder.stl
[0.704s] -- Installing: /home/david/ros2_ws/install/parc_robot_description/share/parc_robot_description/meshes/enclosure_with_overhang.dae
[0.706s] -- Installing: /home/david/ros2_ws/install/parc_robot_description/share/parc_robot_description/meshes/enclosure_with_overhang.stl
[0.730s] -- Installing: /home/david/ros2_ws/install/parc_robot_description/share/parc_robot_description/meshes/enclosure.dae
[0.747s] -- Installing: /home/david/ros2_ws/install/parc_robot_description/share/parc_robot_description/meshes/seeder_v1.stl
[0.748s] -- Installing: /home/david/ros2_ws/install/parc_robot_description/share/parc_robot_description/meshes/ZED2.dae
[0.748s] -- Installing: /home/david/ros2_ws/install/parc_robot_description/share/parc_robot_description/meshes/wheel_type2.dae
[0.749s] -- Installing: /home/david/ros2_ws/install/parc_robot_description/share/parc_robot_description/meshes/ydlidar.dae
[0.751s] -- Installing: /home/david/ros2_ws/install/parc_robot_description/share/parc_robot_description/urdf
[0.751s] -- Installing: /home/david/ros2_ws/install/parc_robot_description/share/parc_robot_description/urdf/parc_robot_with_collisions.sdf
[0.751s] -- Installing: /home/david/ros2_ws/install/parc_robot_description/share/parc_robot_description/urdf/parc_robot_gazebo.xacro
[0.751s] -- Installing: /home/david/ros2_ws/install/parc_robot_description/share/parc_robot_description/urdf/parc_robot.xacro
[0.751s] -- Installing: /home/david/ros2_ws/install/parc_robot_description/share/parc_robot_description/urdf/zed2.xacro
[0.751s] -- Installing: /home/david/ros2_ws/install/parc_robot_description/share/parc_robot_description/urdf/scout_wheel_type1.xacro
[0.751s] -- Installing: /home/david/ros2_ws/install/parc_robot_description/share/parc_robot_description/urdf/scout_wheel_type2.xacro
[0.751s] -- Installing: /home/david/ros2_ws/install/parc_robot_description/share/parc_robot_description/urdf/sensors.xacro
[0.751s] -- Installing: /home/david/ros2_ws/install/parc_robot_description/share/parc_robot_description/urdf/attachment.xacro
[0.752s] -- Installing: /home/david/ros2_ws/install/parc_robot_description/share/parc_robot_description/urdf/side_cameras.xacro
[0.752s] -- Installing: /home/david/ros2_ws/install/parc_robot_description/share/parc_robot_description/urdf/ydlidar.xacro
[0.752s] -- Installing: /home/david/ros2_ws/install/parc_robot_description/share/parc_robot_description/urdf/inertial_macros.xacro
[0.752s] -- Installing: /home/david/ros2_ws/install/parc_robot_description/share/parc_robot_description/urdf/imu.xacro
[0.752s] -- Installing: /home/david/ros2_ws/install/parc_robot_description/share/parc_robot_description/urdf/enclosure.xacro
[0.752s] -- Installing: /home/david/ros2_ws/install/parc_robot_description/share/parc_robot_description/urdf/scout_wheel.gazebo
[0.752s] -- Installing: /home/david/ros2_ws/install/parc_robot_description/share/parc_robot_description/urdf/gps.xacro
[0.752s] -- Installing: /home/david/ros2_ws/install/parc_robot_description/share/parc_robot_description/rviz
[0.752s] -- Installing: /home/david/ros2_ws/install/parc_robot_description/share/parc_robot_description/rviz/description.rviz
[0.752s] -- Installing: /home/david/ros2_ws/install/parc_robot_description/share/parc_robot_description/materials
[0.752s] -- Installing: /home/david/ros2_ws/install/parc_robot_description/share/parc_robot_description/materials/scripts
[0.752s] -- Installing: /home/david/ros2_ws/install/parc_robot_description/share/parc_robot_description/materials/scripts/dirty_metal.material
[0.752s] -- Installing: /home/david/ros2_ws/install/parc_robot_description/share/parc_robot_description/materials/scripts/.vscode
[0.752s] -- Installing: /home/david/ros2_ws/install/parc_robot_description/share/parc_robot_description/materials/scripts/.vscode/settings.json
[0.752s] -- Installing: /home/david/ros2_ws/install/parc_robot_description/share/parc_robot_description/materials/scripts/.vscode/c_cpp_properties.json
[0.752s] -- Installing: /home/david/ros2_ws/install/parc_robot_description/share/parc_robot_description/materials/textures
[0.752s] -- Installing: /home/david/ros2_ws/install/parc_robot_description/share/parc_robot_description/materials/textures/dirty_metal.jpg
[0.753s] -- Installing: /home/david/ros2_ws/install/parc_robot_description/share/ament_index/resource_index/package_run_dependencies/parc_robot_description
[0.753s] -- Installing: /home/david/ros2_ws/install/parc_robot_description/share/ament_index/resource_index/parent_prefix_path/parc_robot_description
[0.753s] -- Installing: /home/david/ros2_ws/install/parc_robot_description/share/parc_robot_description/environment/ament_prefix_path.sh
[0.753s] -- Installing: /home/david/ros2_ws/install/parc_robot_description/share/parc_robot_description/environment/ament_prefix_path.dsv
[0.753s] -- Installing: /home/david/ros2_ws/install/parc_robot_description/share/parc_robot_description/environment/path.sh
[0.753s] -- Installing: /home/david/ros2_ws/install/parc_robot_description/share/parc_robot_description/environment/path.dsv
[0.753s] -- Installing: /home/david/ros2_ws/install/parc_robot_description/share/parc_robot_description/local_setup.bash
[0.753s] -- Installing: /home/david/ros2_ws/install/parc_robot_description/share/parc_robot_description/local_setup.sh
[0.753s] -- Installing: /home/david/ros2_ws/install/parc_robot_description/share/parc_robot_description/local_setup.zsh
[0.753s] -- Installing: /home/david/ros2_ws/install/parc_robot_description/share/parc_robot_description/local_setup.dsv
[0.753s] -- Installing: /home/david/ros2_ws/install/parc_robot_description/share/parc_robot_description/package.dsv
[0.753s] -- Installing: /home/david/ros2_ws/install/parc_robot_description/share/ament_index/resource_index/packages/parc_robot_description
[0.753s] -- Installing: /home/david/ros2_ws/install/parc_robot_description/share/parc_robot_description/cmake/parc_robot_descriptionConfig.cmake
[0.753s] -- Installing: /home/david/ros2_ws/install/parc_robot_description/share/parc_robot_description/cmake/parc_robot_descriptionConfig-version.cmake
[0.753s] -- Installing: /home/david/ros2_ws/install/parc_robot_description/share/parc_robot_description/package.xml
[0.755s] Invoked command in '/home/david/ros2_ws/build/parc_robot_description' returned '0': CMAKE_PREFIX_PATH=/opt/ros/humble CONDA_PROMPT_MODIFIER=(base) /usr/bin/cmake --install /home/david/ros2_ws/build/parc_robot_description
