[0.006s] Invoking command in '/home/david/ros2_ws/build/parc_robot_bringup': AMENT_PREFIX_PATH=/home/david/ros2_ws/install/parc_robot_interfaces:/home/david/ros2_ws/install/parc_robot_description:${AMENT_PREFIX_PATH} CMAKE_PREFIX_PATH=/home/david/ros2_ws/install/parc_robot_interfaces:/home/david/ros2_ws/install/parc_robot_description:/opt/ros/humble CONDA_PROMPT_MODIFIER=(base) LD_LIBRARY_PATH=/home/david/ros2_ws/install/parc_robot_interfaces/lib:${LD_LIBRARY_PATH} PYTHONPATH=/home/david/ros2_ws/install/parc_robot_interfaces/lib/python3.12/site-packages:${PYTHONPATH} /usr/bin/cmake /home/david/ros2_ws/src/parc_robot_bringup -DCMAKE_INSTALL_PREFIX=/home/david/ros2_ws/install/parc_robot_bringup
[0.046s] -- The C compiler identification is GNU 11.4.0
[0.079s] -- The CXX compiler identification is GNU 11.4.0
[0.084s] -- Detecting C compiler ABI info
[0.130s] -- Detecting C compiler ABI info - done
[0.135s] -- Check for working C compiler: /usr/bin/cc - skipped
[0.135s] -- Detecting C compile features
[0.136s] -- Detecting C compile features - done
[0.138s] -- Detecting CXX compiler ABI info
[0.191s] -- Detecting CXX compiler ABI info - done
[0.195s] -- Check for working CXX compiler: /usr/bin/c++ - skipped
[0.195s] -- Detecting CXX compile features
[0.195s] -- Detecting CXX compile features - done
[0.197s] -- Found ament_cmake: 1.3.10 (/opt/ros/humble/share/ament_cmake/cmake)
[0.434s] -- Found Python3: /home/david/anaconda3/bin/python3 (found version "3.12.4") found components: Interpreter 
[0.498s] -- Found rclpy: 3.3.14 (/opt/ros/humble/share/rclpy/cmake)
[0.499s] -- Found urdf: 2.6.1 (/opt/ros/humble/share/urdf/cmake)
[0.530s] -- Found transmission_interface: 2.43.1 (/opt/ros/humble/share/transmission_interface/cmake)
[0.547s] -- Found rosidl_generator_c: 3.1.5 (/opt/ros/humble/share/rosidl_generator_c/cmake)
[0.550s] -- Found rosidl_adapter: 3.1.5 (/opt/ros/humble/share/rosidl_adapter/cmake)
[0.556s] -- Found rosidl_generator_cpp: 3.1.5 (/opt/ros/humble/share/rosidl_generator_cpp/cmake)
[0.564s] -- Using all available rosidl_typesupport_c: rosidl_typesupport_fastrtps_c;rosidl_typesupport_introspection_c
[0.572s] -- Using all available rosidl_typesupport_cpp: rosidl_typesupport_fastrtps_cpp;rosidl_typesupport_introspection_cpp
[0.672s] -- Found rmw_implementation_cmake: 6.1.2 (/opt/ros/humble/share/rmw_implementation_cmake/cmake)
[0.673s] -- Found rmw_fastrtps_cpp: 6.2.7 (/opt/ros/humble/share/rmw_fastrtps_cpp/cmake)
[0.687s] -- Found TinyXML2 via Config file: TinyXML2_DIR-NOTFOUND
[0.726s] -- Found OpenSSL: /usr/lib/x86_64-linux-gnu/libcrypto.so (found version "3.0.2")  
[0.728s] -- Found TinyXML2 via Config file: TinyXML2_DIR-NOTFOUND
[0.738s] -- Found FastRTPS: /opt/ros/humble/include  
[0.740s] -- Found TinyXML2 via Config file: TinyXML2_DIR-NOTFOUND
[0.745s] -- Found TinyXML2 via Config file: TinyXML2_DIR-NOTFOUND
[0.752s] -- Using RMW implementation 'rmw_fastrtps_cpp' as default
[0.758s] -- Looking for pthread.h
[0.808s] -- Looking for pthread.h - found
[0.808s] -- Performing Test CMAKE_HAVE_LIBC_PTHREAD
[0.862s] -- Performing Test CMAKE_HAVE_LIBC_PTHREAD - Success
[0.863s] -- Found Threads: TRUE  
[1.026s] -- Configuring done
[1.029s] -- Generating done
[1.030s] -- Build files have been written to: /home/david/ros2_ws/build/parc_robot_bringup
[1.037s] Invoked command in '/home/david/ros2_ws/build/parc_robot_bringup' returned '0': AMENT_PREFIX_PATH=/home/david/ros2_ws/install/parc_robot_interfaces:/home/david/ros2_ws/install/parc_robot_description:${AMENT_PREFIX_PATH} CMAKE_PREFIX_PATH=/home/david/ros2_ws/install/parc_robot_interfaces:/home/david/ros2_ws/install/parc_robot_description:/opt/ros/humble CONDA_PROMPT_MODIFIER=(base) LD_LIBRARY_PATH=/home/david/ros2_ws/install/parc_robot_interfaces/lib:${LD_LIBRARY_PATH} PYTHONPATH=/home/david/ros2_ws/install/parc_robot_interfaces/lib/python3.12/site-packages:${PYTHONPATH} /usr/bin/cmake /home/david/ros2_ws/src/parc_robot_bringup -DCMAKE_INSTALL_PREFIX=/home/david/ros2_ws/install/parc_robot_bringup
[1.038s] Invoking command in '/home/david/ros2_ws/build/parc_robot_bringup': AMENT_PREFIX_PATH=/home/david/ros2_ws/install/parc_robot_interfaces:/home/david/ros2_ws/install/parc_robot_description:${AMENT_PREFIX_PATH} CMAKE_PREFIX_PATH=/home/david/ros2_ws/install/parc_robot_interfaces:/home/david/ros2_ws/install/parc_robot_description:/opt/ros/humble CONDA_PROMPT_MODIFIER=(base) LD_LIBRARY_PATH=/home/david/ros2_ws/install/parc_robot_interfaces/lib:${LD_LIBRARY_PATH} PYTHONPATH=/home/david/ros2_ws/install/parc_robot_interfaces/lib/python3.12/site-packages:${PYTHONPATH} /usr/bin/cmake --build /home/david/ros2_ws/build/parc_robot_bringup -- -j20 -l20
[1.077s] Built target ament_cmake_python_copy_parc_robot_bringup
[1.236s] running egg_info
[1.236s] creating parc_robot_bringup.egg-info
[1.251s] writing parc_robot_bringup.egg-info/PKG-INFO
[1.251s] writing dependency_links to parc_robot_bringup.egg-info/dependency_links.txt
[1.251s] writing top-level names to parc_robot_bringup.egg-info/top_level.txt
[1.251s] writing manifest file 'parc_robot_bringup.egg-info/SOURCES.txt'
[1.294s] reading manifest file 'parc_robot_bringup.egg-info/SOURCES.txt'
[1.294s] writing manifest file 'parc_robot_bringup.egg-info/SOURCES.txt'
[1.313s] Built target ament_cmake_python_build_parc_robot_bringup_egg
[1.322s] Invoked command in '/home/david/ros2_ws/build/parc_robot_bringup' returned '0': AMENT_PREFIX_PATH=/home/david/ros2_ws/install/parc_robot_interfaces:/home/david/ros2_ws/install/parc_robot_description:${AMENT_PREFIX_PATH} CMAKE_PREFIX_PATH=/home/david/ros2_ws/install/parc_robot_interfaces:/home/david/ros2_ws/install/parc_robot_description:/opt/ros/humble CONDA_PROMPT_MODIFIER=(base) LD_LIBRARY_PATH=/home/david/ros2_ws/install/parc_robot_interfaces/lib:${LD_LIBRARY_PATH} PYTHONPATH=/home/david/ros2_ws/install/parc_robot_interfaces/lib/python3.12/site-packages:${PYTHONPATH} /usr/bin/cmake --build /home/david/ros2_ws/build/parc_robot_bringup -- -j20 -l20
[1.340s] Invoking command in '/home/david/ros2_ws/build/parc_robot_bringup': AMENT_PREFIX_PATH=/home/david/ros2_ws/install/parc_robot_interfaces:/home/david/ros2_ws/install/parc_robot_description:${AMENT_PREFIX_PATH} CMAKE_PREFIX_PATH=/home/david/ros2_ws/install/parc_robot_interfaces:/home/david/ros2_ws/install/parc_robot_description:/opt/ros/humble CONDA_PROMPT_MODIFIER=(base) LD_LIBRARY_PATH=/home/david/ros2_ws/install/parc_robot_interfaces/lib:${LD_LIBRARY_PATH} PYTHONPATH=/home/david/ros2_ws/install/parc_robot_interfaces/lib/python3.12/site-packages:${PYTHONPATH} /usr/bin/cmake --install /home/david/ros2_ws/build/parc_robot_bringup
[1.345s] -- Install configuration: ""
[1.345s] -- Installing: /home/david/ros2_ws/install/parc_robot_bringup/share/parc_robot_bringup/config
[1.345s] -- Installing: /home/david/ros2_ws/install/parc_robot_bringup/share/parc_robot_bringup/config/task1_route1_params.yaml
[1.345s] -- Installing: /home/david/ros2_ws/install/parc_robot_bringup/share/parc_robot_bringup/config/route1_world_coordinates.yaml
[1.345s] -- Installing: /home/david/ros2_ws/install/parc_robot_bringup/share/parc_robot_bringup/config/route3_world_coordinates.yaml
[1.345s] -- Installing: /home/david/ros2_ws/install/parc_robot_bringup/share/parc_robot_bringup/config/route2_world_coordinates.yaml
[1.345s] -- Installing: /home/david/ros2_ws/install/parc_robot_bringup/share/parc_robot_bringup/config/mapper_params_online_async.yaml
[1.345s] -- Installing: /home/david/ros2_ws/install/parc_robot_bringup/share/parc_robot_bringup/config/gazebo_params.yaml
[1.346s] -- Installing: /home/david/ros2_ws/install/parc_robot_bringup/share/parc_robot_bringup/config/gazebo_ros2_ctl_use_sim.yaml
[1.346s] -- Installing: /home/david/ros2_ws/install/parc_robot_bringup/share/parc_robot_bringup/config/joystick.yaml
[1.346s] -- Installing: /home/david/ros2_ws/install/parc_robot_bringup/share/parc_robot_bringup/config/task1_route3_params.yaml
[1.346s] -- Installing: /home/david/ros2_ws/install/parc_robot_bringup/share/parc_robot_bringup/config/controllers.yaml
[1.346s] -- Installing: /home/david/ros2_ws/install/parc_robot_bringup/share/parc_robot_bringup/config/task1_route2_params.yaml
[1.346s] -- Installing: /home/david/ros2_ws/install/parc_robot_bringup/share/parc_robot_bringup/launch
[1.346s] -- Installing: /home/david/ros2_ws/install/parc_robot_bringup/share/parc_robot_bringup/launch/teleop_launch.py
[1.346s] -- Installing: /home/david/ros2_ws/install/parc_robot_bringup/share/parc_robot_bringup/launch/task2_launch.py
[1.346s] -- Installing: /home/david/ros2_ws/install/parc_robot_bringup/share/parc_robot_bringup/launch/task1_launch.py
[1.346s] -- Installing: /home/david/ros2_ws/install/parc_robot_bringup/share/parc_robot_bringup/models
[1.346s] -- Installing: /home/david/ros2_ws/install/parc_robot_bringup/share/parc_robot_bringup/models/tomato_13
[1.346s] -- Installing: /home/david/ros2_ws/install/parc_robot_bringup/share/parc_robot_bringup/models/tomato_13/markers.json
[1.346s] -- Installing: /home/david/ros2_ws/install/parc_robot_bringup/share/parc_robot_bringup/models/tomato_13/meshes
[1.346s] -- Installing: /home/david/ros2_ws/install/parc_robot_bringup/share/parc_robot_bringup/models/tomato_13/meshes/.gitignore
[1.346s] -- Installing: /home/david/ros2_ws/install/parc_robot_bringup/share/parc_robot_bringup/models/tomato_13/meshes/tomato.dae
[1.348s] -- Installing: /home/david/ros2_ws/install/parc_robot_bringup/share/parc_robot_bringup/models/tomato_13/materials
[1.348s] -- Installing: /home/david/ros2_ws/install/parc_robot_bringup/share/parc_robot_bringup/models/tomato_13/materials/scripts
[1.348s] -- Installing: /home/david/ros2_ws/install/parc_robot_bringup/share/parc_robot_bringup/models/tomato_13/materials/scripts/blossom2.material
[1.348s] -- Installing: /home/david/ros2_ws/install/parc_robot_bringup/share/parc_robot_bringup/models/tomato_13/materials/scripts/fruit2.material
[1.348s] -- Installing: /home/david/ros2_ws/install/parc_robot_bringup/share/parc_robot_bringup/models/tomato_13/materials/scripts/fruit1.material
[1.348s] -- Installing: /home/david/ros2_ws/install/parc_robot_bringup/share/parc_robot_bringup/models/tomato_13/materials/scripts/fruit4.material
[1.348s] -- Installing: /home/david/ros2_ws/install/parc_robot_bringup/share/parc_robot_bringup/models/tomato_13/materials/scripts/leaf1.material
[1.348s] -- Installing: /home/david/ros2_ws/install/parc_robot_bringup/share/parc_robot_bringup/models/tomato_13/materials/scripts/branch.material
[1.348s] -- Installing: /home/david/ros2_ws/install/parc_robot_bringup/share/parc_robot_bringup/models/tomato_13/materials/scripts/fruit3.material
[1.348s] -- Installing: /home/david/ros2_ws/install/parc_robot_bringup/share/parc_robot_bringup/models/tomato_13/materials/scripts/blossom3.material
[1.348s] -- Installing: /home/david/ros2_ws/install/parc_robot_bringup/share/parc_robot_bringup/models/tomato_13/materials/scripts/blossom1.material
[1.348s] -- Installing: /home/david/ros2_ws/install/parc_robot_bringup/share/parc_robot_bringup/models/tomato_13/materials/scripts/leaf2.material
[1.348s] -- Installing: /home/david/ros2_ws/install/parc_robot_bringup/share/parc_robot_bringup/models/tomato_13/materials/textures
[1.348s] -- Installing: /home/david/ros2_ws/install/parc_robot_bringup/share/parc_robot_bringup/models/tomato_13/materials/textures/AG15lef1.png
[1.348s] -- Installing: /home/david/ros2_ws/install/parc_robot_bringup/share/parc_robot_bringup/models/tomato_13/materials/textures/AG15brn1.png
[1.348s] -- Installing: /home/david/ros2_ws/install/parc_robot_bringup/share/parc_robot_bringup/models/tomato_13/materials/textures/AG15frt1.png
[1.349s] -- Installing: /home/david/ros2_ws/install/parc_robot_bringup/share/parc_robot_bringup/models/tomato_13/materials/textures/AG15blo3.png
[1.349s] -- Installing: /home/david/ros2_ws/install/parc_robot_bringup/share/parc_robot_bringup/models/tomato_13/materials/textures/AG15blo2.png
[1.349s] -- Installing: /home/david/ros2_ws/install/parc_robot_bringup/share/parc_robot_bringup/models/tomato_13/materials/textures/AG15frt2.png
[1.349s] -- Installing: /home/david/ros2_ws/install/parc_robot_bringup/share/parc_robot_bringup/models/tomato_13/materials/textures/AG15frt3.png
[1.350s] -- Installing: /home/david/ros2_ws/install/parc_robot_bringup/share/parc_robot_bringup/models/tomato_13/materials/textures/AG15blo1.png
[1.350s] -- Installing: /home/david/ros2_ws/install/parc_robot_bringup/share/parc_robot_bringup/models/tomato_13/materials/textures/AG15frt4.png
[1.350s] -- Installing: /home/david/ros2_ws/install/parc_robot_bringup/share/parc_robot_bringup/models/tomato_13/materials/textures/AG15lef2.png
[1.350s] -- Installing: /home/david/ros2_ws/install/parc_robot_bringup/share/parc_robot_bringup/models/tomato_13/materials/textures/AG15brn1(copy).png
[1.350s] -- Installing: /home/david/ros2_ws/install/parc_robot_bringup/share/parc_robot_bringup/models/tomato_13/model.sdf
[1.350s] -- Installing: /home/david/ros2_ws/install/parc_robot_bringup/share/parc_robot_bringup/models/tomato_13/model.config
[1.350s] -- Installing: /home/david/ros2_ws/install/parc_robot_bringup/share/parc_robot_bringup/models/tomato_27
[1.350s] -- Installing: /home/david/ros2_ws/install/parc_robot_bringup/share/parc_robot_bringup/models/tomato_27/markers.json
[1.350s] -- Installing: /home/david/ros2_ws/install/parc_robot_bringup/share/parc_robot_bringup/models/tomato_27/meshes
[1.351s] -- Installing: /home/david/ros2_ws/install/parc_robot_bringup/share/parc_robot_bringup/models/tomato_27/meshes/.gitignore
[1.351s] -- Installing: /home/david/ros2_ws/install/parc_robot_bringup/share/parc_robot_bringup/models/tomato_27/meshes/tomato.dae
[1.354s] -- Installing: /home/david/ros2_ws/install/parc_robot_bringup/share/parc_robot_bringup/models/tomato_27/materials
[1.354s] -- Installing: /home/david/ros2_ws/install/parc_robot_bringup/share/parc_robot_bringup/models/tomato_27/materials/scripts
[1.354s] -- Installing: /home/david/ros2_ws/install/parc_robot_bringup/share/parc_robot_bringup/models/tomato_27/materials/scripts/blossom2.material
[1.354s] -- Installing: /home/david/ros2_ws/install/parc_robot_bringup/share/parc_robot_bringup/models/tomato_27/materials/scripts/fruit2.material
[1.354s] -- Installing: /home/david/ros2_ws/install/parc_robot_bringup/share/parc_robot_bringup/models/tomato_27/materials/scripts/fruit1.material
[1.354s] -- Installing: /home/david/ros2_ws/install/parc_robot_bringup/share/parc_robot_bringup/models/tomato_27/materials/scripts/fruit4.material
[1.354s] -- Installing: /home/david/ros2_ws/install/parc_robot_bringup/share/parc_robot_bringup/models/tomato_27/materials/scripts/leaf1.material
[1.354s] -- Installing: /home/david/ros2_ws/install/parc_robot_bringup/share/parc_robot_bringup/models/tomato_27/materials/scripts/branch.material
[1.355s] -- Installing: /home/david/ros2_ws/install/parc_robot_bringup/share/parc_robot_bringup/models/tomato_27/materials/scripts/fruit3.material
[1.355s] -- Installing: /home/david/ros2_ws/install/parc_robot_bringup/share/parc_robot_bringup/models/tomato_27/materials/scripts/blossom3.material
[1.355s] -- Installing: /home/david/ros2_ws/install/parc_robot_bringup/share/parc_robot_bringup/models/tomato_27/materials/scripts/blossom1.material
[1.355s] -- Installing: /home/david/ros2_ws/install/parc_robot_bringup/share/parc_robot_bringup/models/tomato_27/materials/scripts/leaf2.material
[1.355s] -- Installing: /home/david/ros2_ws/install/parc_robot_bringup/share/parc_robot_bringup/models/tomato_27/materials/textures
[1.355s] -- Installing: /home/david/ros2_ws/install/parc_robot_bringup/share/parc_robot_bringup/models/tomato_27/materials/textures/AG15lef1.png
[1.355s] -- Installing: /home/david/ros2_ws/install/parc_robot_bringup/share/parc_robot_bringup/models/tomato_27/materials/textures/AG15brn1.png
[1.355s] -- Installing: /home/david/ros2_ws/install/parc_robot_bringup/share/parc_robot_bringup/models/tomato_27/materials/textures/AG15frt1.png
[1.355s] -- Installing: /home/david/ros2_ws/install/parc_robot_bringup/share/parc_robot_bringup/models/tomato_27/materials/textures/AG15blo3.png
[1.355s] -- Installing: /home/david/ros2_ws/install/parc_robot_bringup/share/parc_robot_bringup/models/tomato_27/materials/textures/AG15blo2.png
[1.355s] -- Installing: /home/david/ros2_ws/install/parc_robot_bringup/share/parc_robot_bringup/models/tomato_27/materials/textures/AG15frt2.png
[1.355s] -- Installing: /home/david/ros2_ws/install/parc_robot_bringup/share/parc_robot_bringup/models/tomato_27/materials/textures/AG15frt3.png
[1.356s] -- Installing: /home/david/ros2_ws/install/parc_robot_bringup/share/parc_robot_bringup/models/tomato_27/materials/textures/AG15blo1.png
[1.356s] -- Installing: /home/david/ros2_ws/install/parc_robot_bringup/share/parc_robot_bringup/models/tomato_27/materials/textures/AG15frt4.png
[1.356s] -- Installing: /home/david/ros2_ws/install/parc_robot_bringup/share/parc_robot_bringup/models/tomato_27/materials/textures/AG15lef2.png
[1.356s] -- Installing: /home/david/ros2_ws/install/parc_robot_bringup/share/parc_robot_bringup/models/tomato_27/materials/textures/AG15brn1(copy).png
[1.357s] -- Installing: /home/david/ros2_ws/install/parc_robot_bringup/share/parc_robot_bringup/models/tomato_27/model.sdf
[1.357s] -- Installing: /home/david/ros2_ws/install/parc_robot_bringup/share/parc_robot_bringup/models/tomato_27/model.config
[1.357s] -- Installing: /home/david/ros2_ws/install/parc_robot_bringup/share/parc_robot_bringup/models/tomato_26
[1.357s] -- Installing: /home/david/ros2_ws/install/parc_robot_bringup/share/parc_robot_bringup/models/tomato_26/markers.json
[1.357s] -- Installing: /home/david/ros2_ws/install/parc_robot_bringup/share/parc_robot_bringup/models/tomato_26/meshes
[1.357s] -- Installing: /home/david/ros2_ws/install/parc_robot_bringup/share/parc_robot_bringup/models/tomato_26/meshes/.gitignore
[1.357s] -- Installing: /home/david/ros2_ws/install/parc_robot_bringup/share/parc_robot_bringup/models/tomato_26/meshes/tomato.dae
[1.359s] -- Installing: /home/david/ros2_ws/install/parc_robot_bringup/share/parc_robot_bringup/models/tomato_26/materials
[1.359s] -- Installing: /home/david/ros2_ws/install/parc_robot_bringup/share/parc_robot_bringup/models/tomato_26/materials/scripts
[1.360s] -- Installing: /home/david/ros2_ws/install/parc_robot_bringup/share/parc_robot_bringup/models/tomato_26/materials/scripts/blossom2.material
[1.360s] -- Installing: /home/david/ros2_ws/install/parc_robot_bringup/share/parc_robot_bringup/models/tomato_26/materials/scripts/fruit2.material
[1.360s] -- Installing: /home/david/ros2_ws/install/parc_robot_bringup/share/parc_robot_bringup/models/tomato_26/materials/scripts/fruit1.material
[1.360s] -- Installing: /home/david/ros2_ws/install/parc_robot_bringup/share/parc_robot_bringup/models/tomato_26/materials/scripts/fruit4.material
[1.360s] -- Installing: /home/david/ros2_ws/install/parc_robot_bringup/share/parc_robot_bringup/models/tomato_26/materials/scripts/leaf1.material
[1.360s] -- Installing: /home/david/ros2_ws/install/parc_robot_bringup/share/parc_robot_bringup/models/tomato_26/materials/scripts/branch.material
[1.360s] -- Installing: /home/david/ros2_ws/install/parc_robot_bringup/share/parc_robot_bringup/models/tomato_26/materials/scripts/fruit3.material
[1.360s] -- Installing: /home/david/ros2_ws/install/parc_robot_bringup/share/parc_robot_bringup/models/tomato_26/materials/scripts/blossom3.material
[1.360s] -- Installing: /home/david/ros2_ws/install/parc_robot_bringup/share/parc_robot_bringup/models/tomato_26/materials/scripts/blossom1.material
[1.360s] -- Installing: /home/david/ros2_ws/install/parc_robot_bringup/share/parc_robot_bringup/models/tomato_26/materials/scripts/leaf2.material
[1.360s] -- Installing: /home/david/ros2_ws/install/parc_robot_bringup/share/parc_robot_bringup/models/tomato_26/materials/textures
[1.360s] -- Installing: /home/david/ros2_ws/install/parc_robot_bringup/share/parc_robot_bringup/models/tomato_26/materials/textures/AG15lef1.png
[1.360s] -- Installing: /home/david/ros2_ws/install/parc_robot_bringup/share/parc_robot_bringup/models/tomato_26/materials/textures/AG15brn1.png
[1.360s] -- Installing: /home/david/ros2_ws/install/parc_robot_bringup/share/parc_robot_bringup/models/tomato_26/materials/textures/AG15frt1.png
[1.360s] -- Installing: /home/david/ros2_ws/install/parc_robot_bringup/share/parc_robot_bringup/models/tomato_26/materials/textures/AG15blo3.png
[1.360s] -- Installing: /home/david/ros2_ws/install/parc_robot_bringup/share/parc_robot_bringup/models/tomato_26/materials/textures/AG15blo2.png
[1.360s] -- Installing: /home/david/ros2_ws/install/parc_robot_bringup/share/parc_robot_bringup/models/tomato_26/materials/textures/AG15frt2.png
[1.361s] -- Installing: /home/david/ros2_ws/install/parc_robot_bringup/share/parc_robot_bringup/models/tomato_26/materials/textures/AG15frt3.png
[1.361s] -- Installing: /home/david/ros2_ws/install/parc_robot_bringup/share/parc_robot_bringup/models/tomato_26/materials/textures/AG15blo1.png
[1.361s] -- Installing: /home/david/ros2_ws/install/parc_robot_bringup/share/parc_robot_bringup/models/tomato_26/materials/textures/AG15frt4.png
[1.362s] -- Installing: /home/david/ros2_ws/install/parc_robot_bringup/share/parc_robot_bringup/models/tomato_26/materials/textures/AG15lef2.png
[1.362s] -- Installing: /home/david/ros2_ws/install/parc_robot_bringup/share/parc_robot_bringup/models/tomato_26/materials/textures/AG15brn1(copy).png
[1.362s] -- Installing: /home/david/ros2_ws/install/parc_robot_bringup/share/parc_robot_bringup/models/tomato_26/model.sdf
[1.362s] -- Installing: /home/david/ros2_ws/install/parc_robot_bringup/share/parc_robot_bringup/models/tomato_26/model.config
[1.362s] -- Installing: /home/david/ros2_ws/install/parc_robot_bringup/share/parc_robot_bringup/models/tomato_23
[1.362s] -- Installing: /home/david/ros2_ws/install/parc_robot_bringup/share/parc_robot_bringup/models/tomato_23/markers.json
[1.362s] -- Installing: /home/david/ros2_ws/install/parc_robot_bringup/share/parc_robot_bringup/models/tomato_23/meshes
[1.362s] -- Installing: /home/david/ros2_ws/install/parc_robot_bringup/share/parc_robot_bringup/models/tomato_23/meshes/.gitignore
[1.362s] -- Installing: /home/david/ros2_ws/install/parc_robot_bringup/share/parc_robot_bringup/models/tomato_23/meshes/tomato.dae
[1.365s] -- Installing: /home/david/ros2_ws/install/parc_robot_bringup/share/parc_robot_bringup/models/tomato_23/materials
[1.365s] -- Installing: /home/david/ros2_ws/install/parc_robot_bringup/share/parc_robot_bringup/models/tomato_23/materials/scripts
[1.365s] -- Installing: /home/david/ros2_ws/install/parc_robot_bringup/share/parc_robot_bringup/models/tomato_23/materials/scripts/blossom2.material
[1.365s] -- Installing: /home/david/ros2_ws/install/parc_robot_bringup/share/parc_robot_bringup/models/tomato_23/materials/scripts/fruit2.material
[1.365s] -- Installing: /home/david/ros2_ws/install/parc_robot_bringup/share/parc_robot_bringup/models/tomato_23/materials/scripts/fruit1.material
[1.365s] -- Installing: /home/david/ros2_ws/install/parc_robot_bringup/share/parc_robot_bringup/models/tomato_23/materials/scripts/fruit4.material
[1.365s] -- Installing: /home/david/ros2_ws/install/parc_robot_bringup/share/parc_robot_bringup/models/tomato_23/materials/scripts/leaf1.material
[1.365s] -- Installing: /home/david/ros2_ws/install/parc_robot_bringup/share/parc_robot_bringup/models/tomato_23/materials/scripts/branch.material
[1.365s] -- Installing: /home/david/ros2_ws/install/parc_robot_bringup/share/parc_robot_bringup/models/tomato_23/materials/scripts/fruit3.material
[1.365s] -- Installing: /home/david/ros2_ws/install/parc_robot_bringup/share/parc_robot_bringup/models/tomato_23/materials/scripts/blossom3.material
[1.365s] -- Installing: /home/david/ros2_ws/install/parc_robot_bringup/share/parc_robot_bringup/models/tomato_23/materials/scripts/blossom1.material
[1.365s] -- Installing: /home/david/ros2_ws/install/parc_robot_bringup/share/parc_robot_bringup/models/tomato_23/materials/scripts/leaf2.material
[1.365s] -- Installing: /home/david/ros2_ws/install/parc_robot_bringup/share/parc_robot_bringup/models/tomato_23/materials/textures
[1.365s] -- Installing: /home/david/ros2_ws/install/parc_robot_bringup/share/parc_robot_bringup/models/tomato_23/materials/textures/AG15lef1.png
[1.365s] -- Installing: /home/david/ros2_ws/install/parc_robot_bringup/share/parc_robot_bringup/models/tomato_23/materials/textures/AG15brn1.png
[1.365s] -- Installing: /home/david/ros2_ws/install/parc_robot_bringup/share/parc_robot_bringup/models/tomato_23/materials/textures/AG15frt1.png
[1.365s] -- Installing: /home/david/ros2_ws/install/parc_robot_bringup/share/parc_robot_bringup/models/tomato_23/materials/textures/AG15blo3.png
[1.366s] -- Installing: /home/david/ros2_ws/install/parc_robot_bringup/share/parc_robot_bringup/models/tomato_23/materials/textures/AG15blo2.png
[1.366s] -- Installing: /home/david/ros2_ws/install/parc_robot_bringup/share/parc_robot_bringup/models/tomato_23/materials/textures/AG15frt2.png
[1.366s] -- Installing: /home/david/ros2_ws/install/parc_robot_bringup/share/parc_robot_bringup/models/tomato_23/materials/textures/AG15frt3.png
[1.366s] -- Installing: /home/david/ros2_ws/install/parc_robot_bringup/share/parc_robot_bringup/models/tomato_23/materials/textures/AG15blo1.png
[1.366s] -- Installing: /home/david/ros2_ws/install/parc_robot_bringup/share/parc_robot_bringup/models/tomato_23/materials/textures/AG15frt4.png
[1.367s] -- Installing: /home/david/ros2_ws/install/parc_robot_bringup/share/parc_robot_bringup/models/tomato_23/materials/textures/AG15lef2.png
[1.367s] -- Installing: /home/david/ros2_ws/install/parc_robot_bringup/share/parc_robot_bringup/models/tomato_23/materials/textures/AG15brn1(copy).png
[1.367s] -- Installing: /home/david/ros2_ws/install/parc_robot_bringup/share/parc_robot_bringup/models/tomato_23/model.sdf
[1.367s] -- Installing: /home/david/ros2_ws/install/parc_robot_bringup/share/parc_robot_bringup/models/tomato_23/model.config
[1.367s] -- Installing: /home/david/ros2_ws/install/parc_robot_bringup/share/parc_robot_bringup/models/tomato_32
[1.367s] -- Installing: /home/david/ros2_ws/install/parc_robot_bringup/share/parc_robot_bringup/models/tomato_32/markers.json
[1.367s] -- Installing: /home/david/ros2_ws/install/parc_robot_bringup/share/parc_robot_bringup/models/tomato_32/meshes
[1.367s] -- Installing: /home/david/ros2_ws/install/parc_robot_bringup/share/parc_robot_bringup/models/tomato_32/meshes/.gitignore
[1.367s] -- Installing: /home/david/ros2_ws/install/parc_robot_bringup/share/parc_robot_bringup/models/tomato_32/meshes/tomato.dae
[1.369s] -- Installing: /home/david/ros2_ws/install/parc_robot_bringup/share/parc_robot_bringup/models/tomato_32/materials
[1.369s] -- Installing: /home/david/ros2_ws/install/parc_robot_bringup/share/parc_robot_bringup/models/tomato_32/materials/scripts
[1.369s] -- Installing: /home/david/ros2_ws/install/parc_robot_bringup/share/parc_robot_bringup/models/tomato_32/materials/scripts/blossom2.material
[1.369s] -- Installing: /home/david/ros2_ws/install/parc_robot_bringup/share/parc_robot_bringup/models/tomato_32/materials/scripts/fruit2.material
[1.369s] -- Installing: /home/david/ros2_ws/install/parc_robot_bringup/share/parc_robot_bringup/models/tomato_32/materials/scripts/fruit1.material
[1.369s] -- Installing: /home/david/ros2_ws/install/parc_robot_bringup/share/parc_robot_bringup/models/tomato_32/materials/scripts/fruit4.material
[1.369s] -- Installing: /home/david/ros2_ws/install/parc_robot_bringup/share/parc_robot_bringup/models/tomato_32/materials/scripts/leaf1.material
[1.369s] -- Installing: /home/david/ros2_ws/install/parc_robot_bringup/share/parc_robot_bringup/models/tomato_32/materials/scripts/branch.material
[1.369s] -- Installing: /home/david/ros2_ws/install/parc_robot_bringup/share/parc_robot_bringup/models/tomato_32/materials/scripts/fruit3.material
[1.369s] -- Installing: /home/david/ros2_ws/install/parc_robot_bringup/share/parc_robot_bringup/models/tomato_32/materials/scripts/blossom3.material
[1.370s] -- Installing: /home/david/ros2_ws/install/parc_robot_bringup/share/parc_robot_bringup/models/tomato_32/materials/scripts/blossom1.material
[1.370s] -- Installing: /home/david/ros2_ws/install/parc_robot_bringup/share/parc_robot_bringup/models/tomato_32/materials/scripts/leaf2.material
[1.370s] -- Installing: /home/david/ros2_ws/install/parc_robot_bringup/share/parc_robot_bringup/models/tomato_32/materials/textures
[1.370s] -- Installing: /home/david/ros2_ws/install/parc_robot_bringup/share/parc_robot_bringup/models/tomato_32/materials/textures/AG15lef1.png
[1.370s] -- Installing: /home/david/ros2_ws/install/parc_robot_bringup/share/parc_robot_bringup/models/tomato_32/materials/textures/AG15brn1.png
[1.370s] -- Installing: /home/david/ros2_ws/install/parc_robot_bringup/share/parc_robot_bringup/models/tomato_32/materials/textures/AG15frt1.png
[1.370s] -- Installing: /home/david/ros2_ws/install/parc_robot_bringup/share/parc_robot_bringup/models/tomato_32/materials/textures/AG15blo3.png
[1.370s] -- Installing: /home/david/ros2_ws/install/parc_robot_bringup/share/parc_robot_bringup/models/tomato_32/materials/textures/AG15blo2.png
[1.370s] -- Installing: /home/david/ros2_ws/install/parc_robot_bringup/share/parc_robot_bringup/models/tomato_32/materials/textures/AG15frt2.png
[1.371s] -- Installing: /home/david/ros2_ws/install/parc_robot_bringup/share/parc_robot_bringup/models/tomato_32/materials/textures/AG15frt3.png
[1.371s] -- Installing: /home/david/ros2_ws/install/parc_robot_bringup/share/parc_robot_bringup/models/tomato_32/materials/textures/AG15blo1.png
[1.371s] -- Installing: /home/david/ros2_ws/install/parc_robot_bringup/share/parc_robot_bringup/models/tomato_32/materials/textures/AG15frt4.png
[1.371s] -- Installing: /home/david/ros2_ws/install/parc_robot_bringup/share/parc_robot_bringup/models/tomato_32/materials/textures/AG15lef2.png
[1.372s] -- Installing: /home/david/ros2_ws/install/parc_robot_bringup/share/parc_robot_bringup/models/tomato_32/materials/textures/AG15brn1(copy).png
[1.372s] -- Installing: /home/david/ros2_ws/install/parc_robot_bringup/share/parc_robot_bringup/models/tomato_32/model.sdf
[1.372s] -- Installing: /home/david/ros2_ws/install/parc_robot_bringup/share/parc_robot_bringup/models/tomato_32/model.config
[1.372s] -- Installing: /home/david/ros2_ws/install/parc_robot_bringup/share/parc_robot_bringup/models/peg
[1.372s] -- Installing: /home/david/ros2_ws/install/parc_robot_bringup/share/parc_robot_bringup/models/peg/model.sdf
[1.372s] -- Installing: /home/david/ros2_ws/install/parc_robot_bringup/share/parc_robot_bringup/models/peg/model.config
[1.372s] -- Installing: /home/david/ros2_ws/install/parc_robot_bringup/share/parc_robot_bringup/models/tomato_33
[1.372s] -- Installing: /home/david/ros2_ws/install/parc_robot_bringup/share/parc_robot_bringup/models/tomato_33/markers.json
[1.372s] -- Installing: /home/david/ros2_ws/install/parc_robot_bringup/share/parc_robot_bringup/models/tomato_33/meshes
[1.372s] -- Installing: /home/david/ros2_ws/install/parc_robot_bringup/share/parc_robot_bringup/models/tomato_33/meshes/.gitignore
[1.372s] -- Installing: /home/david/ros2_ws/install/parc_robot_bringup/share/parc_robot_bringup/models/tomato_33/meshes/tomato.dae
[1.374s] -- Installing: /home/david/ros2_ws/install/parc_robot_bringup/share/parc_robot_bringup/models/tomato_33/materials
[1.374s] -- Installing: /home/david/ros2_ws/install/parc_robot_bringup/share/parc_robot_bringup/models/tomato_33/materials/scripts
[1.374s] -- Installing: /home/david/ros2_ws/install/parc_robot_bringup/share/parc_robot_bringup/models/tomato_33/materials/scripts/blossom2.material
[1.374s] -- Installing: /home/david/ros2_ws/install/parc_robot_bringup/share/parc_robot_bringup/models/tomato_33/materials/scripts/fruit2.material
[1.374s] -- Installing: /home/david/ros2_ws/install/parc_robot_bringup/share/parc_robot_bringup/models/tomato_33/materials/scripts/fruit1.material
[1.374s] -- Installing: /home/david/ros2_ws/install/parc_robot_bringup/share/parc_robot_bringup/models/tomato_33/materials/scripts/fruit4.material
[1.374s] -- Installing: /home/david/ros2_ws/install/parc_robot_bringup/share/parc_robot_bringup/models/tomato_33/materials/scripts/leaf1.material
[1.374s] -- Installing: /home/david/ros2_ws/install/parc_robot_bringup/share/parc_robot_bringup/models/tomato_33/materials/scripts/branch.material
[1.374s] -- Installing: /home/david/ros2_ws/install/parc_robot_bringup/share/parc_robot_bringup/models/tomato_33/materials/scripts/fruit3.material
[1.374s] -- Installing: /home/david/ros2_ws/install/parc_robot_bringup/share/parc_robot_bringup/models/tomato_33/materials/scripts/blossom3.material
[1.374s] -- Installing: /home/david/ros2_ws/install/parc_robot_bringup/share/parc_robot_bringup/models/tomato_33/materials/scripts/blossom1.material
[1.374s] -- Installing: /home/david/ros2_ws/install/parc_robot_bringup/share/parc_robot_bringup/models/tomato_33/materials/scripts/leaf2.material
[1.374s] -- Installing: /home/david/ros2_ws/install/parc_robot_bringup/share/parc_robot_bringup/models/tomato_33/materials/textures
[1.374s] -- Installing: /home/david/ros2_ws/install/parc_robot_bringup/share/parc_robot_bringup/models/tomato_33/materials/textures/AG15lef1.png
[1.375s] -- Installing: /home/david/ros2_ws/install/parc_robot_bringup/share/parc_robot_bringup/models/tomato_33/materials/textures/AG15brn1.png
[1.375s] -- Installing: /home/david/ros2_ws/install/parc_robot_bringup/share/parc_robot_bringup/models/tomato_33/materials/textures/AG15frt1.png
[1.375s] -- Installing: /home/david/ros2_ws/install/parc_robot_bringup/share/parc_robot_bringup/models/tomato_33/materials/textures/AG15blo3.png
[1.375s] -- Installing: /home/david/ros2_ws/install/parc_robot_bringup/share/parc_robot_bringup/models/tomato_33/materials/textures/AG15blo2.png
[1.375s] -- Installing: /home/david/ros2_ws/install/parc_robot_bringup/share/parc_robot_bringup/models/tomato_33/materials/textures/AG15frt2.png
[1.375s] -- Installing: /home/david/ros2_ws/install/parc_robot_bringup/share/parc_robot_bringup/models/tomato_33/materials/textures/AG15frt3.png
[1.376s] -- Installing: /home/david/ros2_ws/install/parc_robot_bringup/share/parc_robot_bringup/models/tomato_33/materials/textures/AG15blo1.png
[1.376s] -- Installing: /home/david/ros2_ws/install/parc_robot_bringup/share/parc_robot_bringup/models/tomato_33/materials/textures/AG15frt4.png
[1.376s] -- Installing: /home/david/ros2_ws/install/parc_robot_bringup/share/parc_robot_bringup/models/tomato_33/materials/textures/AG15lef2.png
[1.376s] -- Installing: /home/david/ros2_ws/install/parc_robot_bringup/share/parc_robot_bringup/models/tomato_33/materials/textures/AG15brn1(copy).png
[1.376s] -- Installing: /home/david/ros2_ws/install/parc_robot_bringup/share/parc_robot_bringup/models/tomato_33/model.sdf
[1.376s] -- Installing: /home/david/ros2_ws/install/parc_robot_bringup/share/parc_robot_bringup/models/tomato_33/model.config
[1.376s] -- Installing: /home/david/ros2_ws/install/parc_robot_bringup/share/parc_robot_bringup/models/tomato_16
[1.377s] -- Installing: /home/david/ros2_ws/install/parc_robot_bringup/share/parc_robot_bringup/models/tomato_16/markers.json
[1.377s] -- Installing: /home/david/ros2_ws/install/parc_robot_bringup/share/parc_robot_bringup/models/tomato_16/meshes
[1.377s] -- Installing: /home/david/ros2_ws/install/parc_robot_bringup/share/parc_robot_bringup/models/tomato_16/meshes/.gitignore
[1.377s] -- Installing: /home/david/ros2_ws/install/parc_robot_bringup/share/parc_robot_bringup/models/tomato_16/meshes/tomato.dae
[1.380s] -- Installing: /home/david/ros2_ws/install/parc_robot_bringup/share/parc_robot_bringup/models/tomato_16/materials
[1.380s] -- Installing: /home/david/ros2_ws/install/parc_robot_bringup/share/parc_robot_bringup/models/tomato_16/materials/scripts
[1.380s] -- Installing: /home/david/ros2_ws/install/parc_robot_bringup/share/parc_robot_bringup/models/tomato_16/materials/scripts/blossom2.material
[1.380s] -- Installing: /home/david/ros2_ws/install/parc_robot_bringup/share/parc_robot_bringup/models/tomato_16/materials/scripts/fruit2.material
[1.380s] -- Installing: /home/david/ros2_ws/install/parc_robot_bringup/share/parc_robot_bringup/models/tomato_16/materials/scripts/fruit1.material
[1.380s] -- Installing: /home/david/ros2_ws/install/parc_robot_bringup/share/parc_robot_bringup/models/tomato_16/materials/scripts/fruit4.material
[1.380s] -- Installing: /home/david/ros2_ws/install/parc_robot_bringup/share/parc_robot_bringup/models/tomato_16/materials/scripts/leaf1.material
[1.380s] -- Installing: /home/david/ros2_ws/install/parc_robot_bringup/share/parc_robot_bringup/models/tomato_16/materials/scripts/branch.material
[1.380s] -- Installing: /home/david/ros2_ws/install/parc_robot_bringup/share/parc_robot_bringup/models/tomato_16/materials/scripts/fruit3.material
[1.380s] -- Installing: /home/david/ros2_ws/install/parc_robot_bringup/share/parc_robot_bringup/models/tomato_16/materials/scripts/blossom3.material
[1.380s] -- Installing: /home/david/ros2_ws/install/parc_robot_bringup/share/parc_robot_bringup/models/tomato_16/materials/scripts/blossom1.material
[1.380s] -- Installing: /home/david/ros2_ws/install/parc_robot_bringup/share/parc_robot_bringup/models/tomato_16/materials/scripts/leaf2.material
[1.380s] -- Installing: /home/david/ros2_ws/install/parc_robot_bringup/share/parc_robot_bringup/models/tomato_16/materials/textures
[1.380s] -- Installing: /home/david/ros2_ws/install/parc_robot_bringup/share/parc_robot_bringup/models/tomato_16/materials/textures/AG15lef1.png
[1.381s] -- Installing: /home/david/ros2_ws/install/parc_robot_bringup/share/parc_robot_bringup/models/tomato_16/materials/textures/AG15brn1.png
[1.381s] -- Installing: /home/david/ros2_ws/install/parc_robot_bringup/share/parc_robot_bringup/models/tomato_16/materials/textures/AG15frt1.png
[1.381s] -- Installing: /home/david/ros2_ws/install/parc_robot_bringup/share/parc_robot_bringup/models/tomato_16/materials/textures/AG15blo3.png
[1.381s] -- Installing: /home/david/ros2_ws/install/parc_robot_bringup/share/parc_robot_bringup/models/tomato_16/materials/textures/AG15blo2.png
[1.381s] -- Installing: /home/david/ros2_ws/install/parc_robot_bringup/share/parc_robot_bringup/models/tomato_16/materials/textures/AG15frt2.png
[1.381s] -- Installing: /home/david/ros2_ws/install/parc_robot_bringup/share/parc_robot_bringup/models/tomato_16/materials/textures/AG15frt3.png
[1.382s] -- Installing: /home/david/ros2_ws/install/parc_robot_bringup/share/parc_robot_bringup/models/tomato_16/materials/textures/AG15blo1.png
[1.382s] -- Installing: /home/david/ros2_ws/install/parc_robot_bringup/share/parc_robot_bringup/models/tomato_16/materials/textures/AG15frt4.png
[1.382s] -- Installing: /home/david/ros2_ws/install/parc_robot_bringup/share/parc_robot_bringup/models/tomato_16/materials/textures/AG15lef2.png
[1.382s] -- Installing: /home/david/ros2_ws/install/parc_robot_bringup/share/parc_robot_bringup/models/tomato_16/materials/textures/AG15brn1(copy).png
[1.382s] -- Installing: /home/david/ros2_ws/install/parc_robot_bringup/share/parc_robot_bringup/models/tomato_16/model.sdf
[1.382s] -- Installing: /home/david/ros2_ws/install/parc_robot_bringup/share/parc_robot_bringup/models/tomato_16/model.config
[1.382s] -- Installing: /home/david/ros2_ws/install/parc_robot_bringup/share/parc_robot_bringup/models/my_grass_plane
[1.382s] -- Installing: /home/david/ros2_ws/install/parc_robot_bringup/share/parc_robot_bringup/models/my_grass_plane/materials
[1.382s] -- Installing: /home/david/ros2_ws/install/parc_robot_bringup/share/parc_robot_bringup/models/my_grass_plane/materials/scripts
[1.382s] -- Installing: /home/david/ros2_ws/install/parc_robot_bringup/share/parc_robot_bringup/models/my_grass_plane/materials/scripts/my_grass_plane.material
[1.382s] -- Installing: /home/david/ros2_ws/install/parc_robot_bringup/share/parc_robot_bringup/models/my_grass_plane/materials/textures
[1.382s] -- Installing: /home/david/ros2_ws/install/parc_robot_bringup/share/parc_robot_bringup/models/my_grass_plane/materials/textures/grass_grid.png
[1.384s] -- Installing: /home/david/ros2_ws/install/parc_robot_bringup/share/parc_robot_bringup/models/my_grass_plane/materials/textures/grass_color.jpg
[1.386s] -- Installing: /home/david/ros2_ws/install/parc_robot_bringup/share/parc_robot_bringup/models/my_grass_plane/model.sdf
[1.386s] -- Installing: /home/david/ros2_ws/install/parc_robot_bringup/share/parc_robot_bringup/models/my_grass_plane/model.config
[1.386s] -- Installing: /home/david/ros2_ws/install/parc_robot_bringup/share/parc_robot_bringup/models/tomato_9
[1.386s] -- Installing: /home/david/ros2_ws/install/parc_robot_bringup/share/parc_robot_bringup/models/tomato_9/markers.json
[1.386s] -- Installing: /home/david/ros2_ws/install/parc_robot_bringup/share/parc_robot_bringup/models/tomato_9/meshes
[1.386s] -- Installing: /home/david/ros2_ws/install/parc_robot_bringup/share/parc_robot_bringup/models/tomato_9/meshes/.gitignore
[1.386s] -- Installing: /home/david/ros2_ws/install/parc_robot_bringup/share/parc_robot_bringup/models/tomato_9/meshes/tomato.dae
[1.388s] -- Installing: /home/david/ros2_ws/install/parc_robot_bringup/share/parc_robot_bringup/models/tomato_9/materials
[1.388s] -- Installing: /home/david/ros2_ws/install/parc_robot_bringup/share/parc_robot_bringup/models/tomato_9/materials/scripts
[1.388s] -- Installing: /home/david/ros2_ws/install/parc_robot_bringup/share/parc_robot_bringup/models/tomato_9/materials/scripts/blossom2.material
[1.389s] -- Installing: /home/david/ros2_ws/install/parc_robot_bringup/share/parc_robot_bringup/models/tomato_9/materials/scripts/fruit2.material
[1.389s] -- Installing: /home/david/ros2_ws/install/parc_robot_bringup/share/parc_robot_bringup/models/tomato_9/materials/scripts/fruit1.material
[1.389s] -- Installing: /home/david/ros2_ws/install/parc_robot_bringup/share/parc_robot_bringup/models/tomato_9/materials/scripts/fruit4.material
[1.389s] -- Installing: /home/david/ros2_ws/install/parc_robot_bringup/share/parc_robot_bringup/models/tomato_9/materials/scripts/leaf1.material
[1.389s] -- Installing: /home/david/ros2_ws/install/parc_robot_bringup/share/parc_robot_bringup/models/tomato_9/materials/scripts/branch.material
[1.389s] -- Installing: /home/david/ros2_ws/install/parc_robot_bringup/share/parc_robot_bringup/models/tomato_9/materials/scripts/fruit3.material
[1.389s] -- Installing: /home/david/ros2_ws/install/parc_robot_bringup/share/parc_robot_bringup/models/tomato_9/materials/scripts/blossom3.material
[1.389s] -- Installing: /home/david/ros2_ws/install/parc_robot_bringup/share/parc_robot_bringup/models/tomato_9/materials/scripts/blossom1.material
[1.389s] -- Installing: /home/david/ros2_ws/install/parc_robot_bringup/share/parc_robot_bringup/models/tomato_9/materials/scripts/leaf2.material
[1.389s] -- Installing: /home/david/ros2_ws/install/parc_robot_bringup/share/parc_robot_bringup/models/tomato_9/materials/textures
[1.389s] -- Installing: /home/david/ros2_ws/install/parc_robot_bringup/share/parc_robot_bringup/models/tomato_9/materials/textures/AG15lef1.png
[1.389s] -- Installing: /home/david/ros2_ws/install/parc_robot_bringup/share/parc_robot_bringup/models/tomato_9/materials/textures/AG15brn1.png
[1.389s] -- Installing: /home/david/ros2_ws/install/parc_robot_bringup/share/parc_robot_bringup/models/tomato_9/materials/textures/AG15frt1.png
[1.389s] -- Installing: /home/david/ros2_ws/install/parc_robot_bringup/share/parc_robot_bringup/models/tomato_9/materials/textures/AG15blo3.png
[1.389s] -- Installing: /home/david/ros2_ws/install/parc_robot_bringup/share/parc_robot_bringup/models/tomato_9/materials/textures/AG15blo2.png
[1.389s] -- Installing: /home/david/ros2_ws/install/parc_robot_bringup/share/parc_robot_bringup/models/tomato_9/materials/textures/AG15frt2.png
[1.390s] -- Installing: /home/david/ros2_ws/install/parc_robot_bringup/share/parc_robot_bringup/models/tomato_9/materials/textures/AG15frt3.png
[1.390s] -- Installing: /home/david/ros2_ws/install/parc_robot_bringup/share/parc_robot_bringup/models/tomato_9/materials/textures/AG15blo1.png
[1.390s] -- Installing: /home/david/ros2_ws/install/parc_robot_bringup/share/parc_robot_bringup/models/tomato_9/materials/textures/AG15frt4.png
[1.390s] -- Installing: /home/david/ros2_ws/install/parc_robot_bringup/share/parc_robot_bringup/models/tomato_9/materials/textures/AG15lef2.png
[1.391s] -- Installing: /home/david/ros2_ws/install/parc_robot_bringup/share/parc_robot_bringup/models/tomato_9/materials/textures/AG15brn1(copy).png
[1.391s] -- Installing: /home/david/ros2_ws/install/parc_robot_bringup/share/parc_robot_bringup/models/tomato_9/model.sdf
[1.391s] -- Installing: /home/david/ros2_ws/install/parc_robot_bringup/share/parc_robot_bringup/models/tomato_9/model.config
[1.391s] -- Installing: /home/david/ros2_ws/install/parc_robot_bringup/share/parc_robot_bringup/models/tomato_28
[1.391s] -- Installing: /home/david/ros2_ws/install/parc_robot_bringup/share/parc_robot_bringup/models/tomato_28/markers.json
[1.391s] -- Installing: /home/david/ros2_ws/install/parc_robot_bringup/share/parc_robot_bringup/models/tomato_28/meshes
[1.391s] -- Installing: /home/david/ros2_ws/install/parc_robot_bringup/share/parc_robot_bringup/models/tomato_28/meshes/.gitignore
[1.391s] -- Installing: /home/david/ros2_ws/install/parc_robot_bringup/share/parc_robot_bringup/models/tomato_28/meshes/tomato.dae
[1.394s] -- Installing: /home/david/ros2_ws/install/parc_robot_bringup/share/parc_robot_bringup/models/tomato_28/materials
[1.394s] -- Installing: /home/david/ros2_ws/install/parc_robot_bringup/share/parc_robot_bringup/models/tomato_28/materials/scripts
[1.394s] -- Installing: /home/david/ros2_ws/install/parc_robot_bringup/share/parc_robot_bringup/models/tomato_28/materials/scripts/blossom2.material
[1.394s] -- Installing: /home/david/ros2_ws/install/parc_robot_bringup/share/parc_robot_bringup/models/tomato_28/materials/scripts/fruit2.material
[1.394s] -- Installing: /home/david/ros2_ws/install/parc_robot_bringup/share/parc_robot_bringup/models/tomato_28/materials/scripts/fruit1.material
[1.394s] -- Installing: /home/david/ros2_ws/install/parc_robot_bringup/share/parc_robot_bringup/models/tomato_28/materials/scripts/fruit4.material
[1.394s] -- Installing: /home/david/ros2_ws/install/parc_robot_bringup/share/parc_robot_bringup/models/tomato_28/materials/scripts/leaf1.material
[1.394s] -- Installing: /home/david/ros2_ws/install/parc_robot_bringup/share/parc_robot_bringup/models/tomato_28/materials/scripts/branch.material
[1.394s] -- Installing: /home/david/ros2_ws/install/parc_robot_bringup/share/parc_robot_bringup/models/tomato_28/materials/scripts/fruit3.material
[1.394s] -- Installing: /home/david/ros2_ws/install/parc_robot_bringup/share/parc_robot_bringup/models/tomato_28/materials/scripts/blossom3.material
[1.394s] -- Installing: /home/david/ros2_ws/install/parc_robot_bringup/share/parc_robot_bringup/models/tomato_28/materials/scripts/blossom1.material
[1.394s] -- Installing: /home/david/ros2_ws/install/parc_robot_bringup/share/parc_robot_bringup/models/tomato_28/materials/scripts/leaf2.material
[1.394s] -- Installing: /home/david/ros2_ws/install/parc_robot_bringup/share/parc_robot_bringup/models/tomato_28/materials/textures
[1.394s] -- Installing: /home/david/ros2_ws/install/parc_robot_bringup/share/parc_robot_bringup/models/tomato_28/materials/textures/AG15lef1.png
[1.394s] -- Installing: /home/david/ros2_ws/install/parc_robot_bringup/share/parc_robot_bringup/models/tomato_28/materials/textures/AG15brn1.png
[1.394s] -- Installing: /home/david/ros2_ws/install/parc_robot_bringup/share/parc_robot_bringup/models/tomato_28/materials/textures/AG15frt1.png
[1.395s] -- Installing: /home/david/ros2_ws/install/parc_robot_bringup/share/parc_robot_bringup/models/tomato_28/materials/textures/AG15blo3.png
[1.395s] -- Installing: /home/david/ros2_ws/install/parc_robot_bringup/share/parc_robot_bringup/models/tomato_28/materials/textures/AG15blo2.png
[1.395s] -- Installing: /home/david/ros2_ws/install/parc_robot_bringup/share/parc_robot_bringup/models/tomato_28/materials/textures/AG15frt2.png
[1.395s] -- Installing: /home/david/ros2_ws/install/parc_robot_bringup/share/parc_robot_bringup/models/tomato_28/materials/textures/AG15frt3.png
[1.395s] -- Installing: /home/david/ros2_ws/install/parc_robot_bringup/share/parc_robot_bringup/models/tomato_28/materials/textures/AG15blo1.png
[1.395s] -- Installing: /home/david/ros2_ws/install/parc_robot_bringup/share/parc_robot_bringup/models/tomato_28/materials/textures/AG15frt4.png
[1.396s] -- Installing: /home/david/ros2_ws/install/parc_robot_bringup/share/parc_robot_bringup/models/tomato_28/materials/textures/AG15lef2.png
[1.396s] -- Installing: /home/david/ros2_ws/install/parc_robot_bringup/share/parc_robot_bringup/models/tomato_28/materials/textures/AG15brn1(copy).png
[1.396s] -- Installing: /home/david/ros2_ws/install/parc_robot_bringup/share/parc_robot_bringup/models/tomato_28/model.sdf
[1.396s] -- Installing: /home/david/ros2_ws/install/parc_robot_bringup/share/parc_robot_bringup/models/tomato_28/model.config
[1.396s] -- Installing: /home/david/ros2_ws/install/parc_robot_bringup/share/parc_robot_bringup/models/materials
[1.396s] -- Installing: /home/david/ros2_ws/install/parc_robot_bringup/share/parc_robot_bringup/models/materials/textures
[1.396s] -- Installing: /home/david/ros2_ws/install/parc_robot_bringup/share/parc_robot_bringup/models/materials/textures/dirt_diffusespecular.png
[1.397s] -- Installing: /home/david/ros2_ws/install/parc_robot_bringup/share/parc_robot_bringup/models/materials/textures/flat_normal.png
[1.397s] -- Installing: /home/david/ros2_ws/install/parc_robot_bringup/share/parc_robot_bringup/models/materials/textures/grass_roughness.jpg
[1.398s] -- Installing: /home/david/ros2_ws/install/parc_robot_bringup/share/parc_robot_bringup/models/materials/textures/fungus_diffusespecular.png
[1.400s] -- Installing: /home/david/ros2_ws/install/parc_robot_bringup/share/parc_robot_bringup/models/materials/textures/grass_displacement.jpg
[1.400s] -- Installing: /home/david/ros2_ws/install/parc_robot_bringup/share/parc_robot_bringup/models/materials/textures/grass_normal.jpg
[1.404s] -- Installing: /home/david/ros2_ws/install/parc_robot_bringup/share/parc_robot_bringup/models/materials/textures/plowed_soil.jpg
[1.405s] -- Installing: /home/david/ros2_ws/install/parc_robot_bringup/share/parc_robot_bringup/models/materials/textures/grass_color.jpg
[1.407s] -- Installing: /home/david/ros2_ws/install/parc_robot_bringup/share/parc_robot_bringup/models/tomato_44
[1.407s] -- Installing: /home/david/ros2_ws/install/parc_robot_bringup/share/parc_robot_bringup/models/tomato_44/markers.json
[1.407s] -- Installing: /home/david/ros2_ws/install/parc_robot_bringup/share/parc_robot_bringup/models/tomato_44/meshes
[1.407s] -- Installing: /home/david/ros2_ws/install/parc_robot_bringup/share/parc_robot_bringup/models/tomato_44/meshes/.gitignore
[1.407s] -- Installing: /home/david/ros2_ws/install/parc_robot_bringup/share/parc_robot_bringup/models/tomato_44/meshes/tomato.dae
[1.409s] -- Installing: /home/david/ros2_ws/install/parc_robot_bringup/share/parc_robot_bringup/models/tomato_44/materials
[1.409s] -- Installing: /home/david/ros2_ws/install/parc_robot_bringup/share/parc_robot_bringup/models/tomato_44/materials/scripts
[1.409s] -- Installing: /home/david/ros2_ws/install/parc_robot_bringup/share/parc_robot_bringup/models/tomato_44/materials/scripts/blossom2.material
[1.409s] -- Installing: /home/david/ros2_ws/install/parc_robot_bringup/share/parc_robot_bringup/models/tomato_44/materials/scripts/fruit2.material
[1.409s] -- Installing: /home/david/ros2_ws/install/parc_robot_bringup/share/parc_robot_bringup/models/tomato_44/materials/scripts/fruit1.material
[1.409s] -- Installing: /home/david/ros2_ws/install/parc_robot_bringup/share/parc_robot_bringup/models/tomato_44/materials/scripts/fruit4.material
[1.409s] -- Installing: /home/david/ros2_ws/install/parc_robot_bringup/share/parc_robot_bringup/models/tomato_44/materials/scripts/leaf1.material
[1.409s] -- Installing: /home/david/ros2_ws/install/parc_robot_bringup/share/parc_robot_bringup/models/tomato_44/materials/scripts/branch.material
[1.409s] -- Installing: /home/david/ros2_ws/install/parc_robot_bringup/share/parc_robot_bringup/models/tomato_44/materials/scripts/fruit3.material
[1.409s] -- Installing: /home/david/ros2_ws/install/parc_robot_bringup/share/parc_robot_bringup/models/tomato_44/materials/scripts/blossom3.material
[1.409s] -- Installing: /home/david/ros2_ws/install/parc_robot_bringup/share/parc_robot_bringup/models/tomato_44/materials/scripts/blossom1.material
[1.409s] -- Installing: /home/david/ros2_ws/install/parc_robot_bringup/share/parc_robot_bringup/models/tomato_44/materials/scripts/leaf2.material
[1.409s] -- Installing: /home/david/ros2_ws/install/parc_robot_bringup/share/parc_robot_bringup/models/tomato_44/materials/textures
[1.409s] -- Installing: /home/david/ros2_ws/install/parc_robot_bringup/share/parc_robot_bringup/models/tomato_44/materials/textures/AG15lef1.png
[1.409s] -- Installing: /home/david/ros2_ws/install/parc_robot_bringup/share/parc_robot_bringup/models/tomato_44/materials/textures/AG15brn1.png
[1.409s] -- Installing: /home/david/ros2_ws/install/parc_robot_bringup/share/parc_robot_bringup/models/tomato_44/materials/textures/AG15frt1.png
[1.410s] -- Installing: /home/david/ros2_ws/install/parc_robot_bringup/share/parc_robot_bringup/models/tomato_44/materials/textures/AG15blo3.png
[1.410s] -- Installing: /home/david/ros2_ws/install/parc_robot_bringup/share/parc_robot_bringup/models/tomato_44/materials/textures/AG15blo2.png
[1.410s] -- Installing: /home/david/ros2_ws/install/parc_robot_bringup/share/parc_robot_bringup/models/tomato_44/materials/textures/AG15frt2.png
[1.410s] -- Installing: /home/david/ros2_ws/install/parc_robot_bringup/share/parc_robot_bringup/models/tomato_44/materials/textures/AG15frt3.png
[1.410s] -- Installing: /home/david/ros2_ws/install/parc_robot_bringup/share/parc_robot_bringup/models/tomato_44/materials/textures/AG15blo1.png
[1.411s] -- Installing: /home/david/ros2_ws/install/parc_robot_bringup/share/parc_robot_bringup/models/tomato_44/materials/textures/AG15frt4.png
[1.411s] -- Installing: /home/david/ros2_ws/install/parc_robot_bringup/share/parc_robot_bringup/models/tomato_44/materials/textures/AG15lef2.png
[1.411s] -- Installing: /home/david/ros2_ws/install/parc_robot_bringup/share/parc_robot_bringup/models/tomato_44/materials/textures/AG15brn1(copy).png
[1.411s] -- Installing: /home/david/ros2_ws/install/parc_robot_bringup/share/parc_robot_bringup/models/tomato_44/model.sdf
[1.411s] -- Installing: /home/david/ros2_ws/install/parc_robot_bringup/share/parc_robot_bringup/models/tomato_44/model.config
[1.411s] -- Installing: /home/david/ros2_ws/install/parc_robot_bringup/share/parc_robot_bringup/models/tomato_34
[1.411s] -- Installing: /home/david/ros2_ws/install/parc_robot_bringup/share/parc_robot_bringup/models/tomato_34/markers.json
[1.411s] -- Installing: /home/david/ros2_ws/install/parc_robot_bringup/share/parc_robot_bringup/models/tomato_34/meshes
[1.411s] -- Installing: /home/david/ros2_ws/install/parc_robot_bringup/share/parc_robot_bringup/models/tomato_34/meshes/.gitignore
[1.411s] -- Installing: /home/david/ros2_ws/install/parc_robot_bringup/share/parc_robot_bringup/models/tomato_34/meshes/tomato.dae
[1.413s] -- Installing: /home/david/ros2_ws/install/parc_robot_bringup/share/parc_robot_bringup/models/tomato_34/materials
[1.413s] -- Installing: /home/david/ros2_ws/install/parc_robot_bringup/share/parc_robot_bringup/models/tomato_34/materials/scripts
[1.413s] -- Installing: /home/david/ros2_ws/install/parc_robot_bringup/share/parc_robot_bringup/models/tomato_34/materials/scripts/blossom2.material
[1.413s] -- Installing: /home/david/ros2_ws/install/parc_robot_bringup/share/parc_robot_bringup/models/tomato_34/materials/scripts/fruit2.material
[1.413s] -- Installing: /home/david/ros2_ws/install/parc_robot_bringup/share/parc_robot_bringup/models/tomato_34/materials/scripts/fruit1.material
[1.413s] -- Installing: /home/david/ros2_ws/install/parc_robot_bringup/share/parc_robot_bringup/models/tomato_34/materials/scripts/fruit4.material
[1.413s] -- Installing: /home/david/ros2_ws/install/parc_robot_bringup/share/parc_robot_bringup/models/tomato_34/materials/scripts/leaf1.material
[1.413s] -- Installing: /home/david/ros2_ws/install/parc_robot_bringup/share/parc_robot_bringup/models/tomato_34/materials/scripts/branch.material
[1.413s] -- Installing: /home/david/ros2_ws/install/parc_robot_bringup/share/parc_robot_bringup/models/tomato_34/materials/scripts/fruit3.material
[1.413s] -- Installing: /home/david/ros2_ws/install/parc_robot_bringup/share/parc_robot_bringup/models/tomato_34/materials/scripts/blossom3.material
[1.414s] -- Installing: /home/david/ros2_ws/install/parc_robot_bringup/share/parc_robot_bringup/models/tomato_34/materials/scripts/blossom1.material
[1.414s] -- Installing: /home/david/ros2_ws/install/parc_robot_bringup/share/parc_robot_bringup/models/tomato_34/materials/scripts/leaf2.material
[1.414s] -- Installing: /home/david/ros2_ws/install/parc_robot_bringup/share/parc_robot_bringup/models/tomato_34/materials/textures
[1.414s] -- Installing: /home/david/ros2_ws/install/parc_robot_bringup/share/parc_robot_bringup/models/tomato_34/materials/textures/AG15lef1.png
[1.414s] -- Installing: /home/david/ros2_ws/install/parc_robot_bringup/share/parc_robot_bringup/models/tomato_34/materials/textures/AG15brn1.png
[1.414s] -- Installing: /home/david/ros2_ws/install/parc_robot_bringup/share/parc_robot_bringup/models/tomato_34/materials/textures/AG15frt1.png
[1.414s] -- Installing: /home/david/ros2_ws/install/parc_robot_bringup/share/parc_robot_bringup/models/tomato_34/materials/textures/AG15blo3.png
[1.414s] -- Installing: /home/david/ros2_ws/install/parc_robot_bringup/share/parc_robot_bringup/models/tomato_34/materials/textures/AG15blo2.png
[1.414s] -- Installing: /home/david/ros2_ws/install/parc_robot_bringup/share/parc_robot_bringup/models/tomato_34/materials/textures/AG15frt2.png
[1.415s] -- Installing: /home/david/ros2_ws/install/parc_robot_bringup/share/parc_robot_bringup/models/tomato_34/materials/textures/AG15frt3.png
[1.415s] -- Installing: /home/david/ros2_ws/install/parc_robot_bringup/share/parc_robot_bringup/models/tomato_34/materials/textures/AG15blo1.png
[1.415s] -- Installing: /home/david/ros2_ws/install/parc_robot_bringup/share/parc_robot_bringup/models/tomato_34/materials/textures/AG15frt4.png
[1.415s] -- Installing: /home/david/ros2_ws/install/parc_robot_bringup/share/parc_robot_bringup/models/tomato_34/materials/textures/AG15lef2.png
[1.415s] -- Installing: /home/david/ros2_ws/install/parc_robot_bringup/share/parc_robot_bringup/models/tomato_34/materials/textures/AG15brn1(copy).png
[1.416s] -- Installing: /home/david/ros2_ws/install/parc_robot_bringup/share/parc_robot_bringup/models/tomato_34/model.sdf
[1.416s] -- Installing: /home/david/ros2_ws/install/parc_robot_bringup/share/parc_robot_bringup/models/tomato_34/model.config
[1.416s] -- Installing: /home/david/ros2_ws/install/parc_robot_bringup/share/parc_robot_bringup/models/small_peg
[1.416s] -- Installing: /home/david/ros2_ws/install/parc_robot_bringup/share/parc_robot_bringup/models/small_peg/model.sdf
[1.416s] -- Installing: /home/david/ros2_ws/install/parc_robot_bringup/share/parc_robot_bringup/models/small_peg/model.config
[1.416s] -- Installing: /home/david/ros2_ws/install/parc_robot_bringup/share/parc_robot_bringup/models/tomato_18
[1.416s] -- Installing: /home/david/ros2_ws/install/parc_robot_bringup/share/parc_robot_bringup/models/tomato_18/markers.json
[1.416s] -- Installing: /home/david/ros2_ws/install/parc_robot_bringup/share/parc_robot_bringup/models/tomato_18/meshes
[1.416s] -- Installing: /home/david/ros2_ws/install/parc_robot_bringup/share/parc_robot_bringup/models/tomato_18/meshes/.gitignore
[1.416s] -- Installing: /home/david/ros2_ws/install/parc_robot_bringup/share/parc_robot_bringup/models/tomato_18/meshes/tomato.dae
[1.419s] -- Installing: /home/david/ros2_ws/install/parc_robot_bringup/share/parc_robot_bringup/models/tomato_18/materials
[1.419s] -- Installing: /home/david/ros2_ws/install/parc_robot_bringup/share/parc_robot_bringup/models/tomato_18/materials/scripts
[1.419s] -- Installing: /home/david/ros2_ws/install/parc_robot_bringup/share/parc_robot_bringup/models/tomato_18/materials/scripts/blossom2.material
[1.419s] -- Installing: /home/david/ros2_ws/install/parc_robot_bringup/share/parc_robot_bringup/models/tomato_18/materials/scripts/fruit2.material
[1.419s] -- Installing: /home/david/ros2_ws/install/parc_robot_bringup/share/parc_robot_bringup/models/tomato_18/materials/scripts/fruit1.material
[1.419s] -- Installing: /home/david/ros2_ws/install/parc_robot_bringup/share/parc_robot_bringup/models/tomato_18/materials/scripts/fruit4.material
[1.419s] -- Installing: /home/david/ros2_ws/install/parc_robot_bringup/share/parc_robot_bringup/models/tomato_18/materials/scripts/leaf1.material
[1.419s] -- Installing: /home/david/ros2_ws/install/parc_robot_bringup/share/parc_robot_bringup/models/tomato_18/materials/scripts/branch.material
[1.419s] -- Installing: /home/david/ros2_ws/install/parc_robot_bringup/share/parc_robot_bringup/models/tomato_18/materials/scripts/fruit3.material
[1.419s] -- Installing: /home/david/ros2_ws/install/parc_robot_bringup/share/parc_robot_bringup/models/tomato_18/materials/scripts/blossom3.material
[1.419s] -- Installing: /home/david/ros2_ws/install/parc_robot_bringup/share/parc_robot_bringup/models/tomato_18/materials/scripts/blossom1.material
[1.419s] -- Installing: /home/david/ros2_ws/install/parc_robot_bringup/share/parc_robot_bringup/models/tomato_18/materials/scripts/leaf2.material
[1.419s] -- Installing: /home/david/ros2_ws/install/parc_robot_bringup/share/parc_robot_bringup/models/tomato_18/materials/textures
[1.419s] -- Installing: /home/david/ros2_ws/install/parc_robot_bringup/share/parc_robot_bringup/models/tomato_18/materials/textures/AG15lef1.png
[1.419s] -- Installing: /home/david/ros2_ws/install/parc_robot_bringup/share/parc_robot_bringup/models/tomato_18/materials/textures/AG15brn1.png
[1.420s] -- Installing: /home/david/ros2_ws/install/parc_robot_bringup/share/parc_robot_bringup/models/tomato_18/materials/textures/AG15frt1.png
[1.420s] -- Installing: /home/david/ros2_ws/install/parc_robot_bringup/share/parc_robot_bringup/models/tomato_18/materials/textures/AG15blo3.png
[1.420s] -- Installing: /home/david/ros2_ws/install/parc_robot_bringup/share/parc_robot_bringup/models/tomato_18/materials/textures/AG15blo2.png
[1.420s] -- Installing: /home/david/ros2_ws/install/parc_robot_bringup/share/parc_robot_bringup/models/tomato_18/materials/textures/AG15frt2.png
[1.420s] -- Installing: /home/david/ros2_ws/install/parc_robot_bringup/share/parc_robot_bringup/models/tomato_18/materials/textures/AG15frt3.png
[1.420s] -- Installing: /home/david/ros2_ws/install/parc_robot_bringup/share/parc_robot_bringup/models/tomato_18/materials/textures/AG15blo1.png
[1.420s] -- Installing: /home/david/ros2_ws/install/parc_robot_bringup/share/parc_robot_bringup/models/tomato_18/materials/textures/AG15frt4.png
[1.421s] -- Installing: /home/david/ros2_ws/install/parc_robot_bringup/share/parc_robot_bringup/models/tomato_18/materials/textures/AG15lef2.png
[1.421s] -- Installing: /home/david/ros2_ws/install/parc_robot_bringup/share/parc_robot_bringup/models/tomato_18/materials/textures/AG15brn1(copy).png
[1.421s] -- Installing: /home/david/ros2_ws/install/parc_robot_bringup/share/parc_robot_bringup/models/tomato_18/model.sdf
[1.421s] -- Installing: /home/david/ros2_ws/install/parc_robot_bringup/share/parc_robot_bringup/models/tomato_18/model.config
[1.421s] -- Installing: /home/david/ros2_ws/install/parc_robot_bringup/share/parc_robot_bringup/models/mud_box
[1.421s] -- Installing: /home/david/ros2_ws/install/parc_robot_bringup/share/parc_robot_bringup/models/mud_box/materials
[1.421s] -- Installing: /home/david/ros2_ws/install/parc_robot_bringup/share/parc_robot_bringup/models/mud_box/materials/scripts
[1.421s] -- Installing: /home/david/ros2_ws/install/parc_robot_bringup/share/parc_robot_bringup/models/mud_box/materials/scripts/mud.material
[1.421s] -- Installing: /home/david/ros2_ws/install/parc_robot_bringup/share/parc_robot_bringup/models/mud_box/materials/textures
[1.421s] -- Installing: /home/david/ros2_ws/install/parc_robot_bringup/share/parc_robot_bringup/models/mud_box/materials/textures/mud_soft_leaves.png
[1.422s] -- Installing: /home/david/ros2_ws/install/parc_robot_bringup/share/parc_robot_bringup/models/mud_box/model.sdf
[1.422s] -- Installing: /home/david/ros2_ws/install/parc_robot_bringup/share/parc_robot_bringup/models/mud_box/model-1_4.sdf
[1.422s] -- Installing: /home/david/ros2_ws/install/parc_robot_bringup/share/parc_robot_bringup/models/mud_box/model.config
[1.422s] -- Installing: /home/david/ros2_ws/install/parc_robot_bringup/share/parc_robot_bringup/models/mud_box/model (copy).sdf
[1.422s] -- Installing: /home/david/ros2_ws/install/parc_robot_bringup/share/parc_robot_bringup/models/goal_location
[1.422s] -- Installing: /home/david/ros2_ws/install/parc_robot_bringup/share/parc_robot_bringup/models/goal_location/model.sdf
[1.422s] -- Installing: /home/david/ros2_ws/install/parc_robot_bringup/share/parc_robot_bringup/models/goal_location/model.config
[1.422s] -- Installing: /home/david/ros2_ws/install/parc_robot_bringup/share/parc_robot_bringup/rviz
[1.422s] -- Installing: /home/david/ros2_ws/install/parc_robot_bringup/share/parc_robot_bringup/rviz/parc_robot_bringup.rviz
[1.422s] -- Installing: /home/david/ros2_ws/install/parc_robot_bringup/share/parc_robot_bringup/rviz/task2.rviz
[1.422s] -- Installing: /home/david/ros2_ws/install/parc_robot_bringup/share/parc_robot_bringup/rviz/task1.rviz
[1.422s] -- Installing: /home/david/ros2_ws/install/parc_robot_bringup/share/parc_robot_bringup/worlds
[1.422s] -- Installing: /home/david/ros2_ws/install/parc_robot_bringup/share/parc_robot_bringup/worlds/world2.world
[1.422s] -- Installing: /home/david/ros2_ws/install/parc_robot_bringup/share/parc_robot_bringup/worlds/parc_task1.world
[1.422s] -- Installing: /home/david/ros2_ws/install/parc_robot_bringup/share/parc_robot_bringup/worlds/world1.world
[1.422s] -- Installing: /home/david/ros2_ws/install/parc_robot_bringup/share/parc_robot_bringup/worlds/world3.world
[1.422s] -- Installing: /home/david/ros2_ws/install/parc_robot_bringup/share/parc_robot_bringup/environment/pythonpath.sh
[1.422s] -- Installing: /home/david/ros2_ws/install/parc_robot_bringup/share/parc_robot_bringup/environment/pythonpath.dsv
[1.422s] -- Installing: /home/david/ros2_ws/install/parc_robot_bringup/lib/python3.12/site-packages/parc_robot_bringup-0.0.0-py3.12.egg-info
[1.423s] -- Installing: /home/david/ros2_ws/install/parc_robot_bringup/lib/python3.12/site-packages/parc_robot_bringup-0.0.0-py3.12.egg-info/top_level.txt
[1.423s] -- Installing: /home/david/ros2_ws/install/parc_robot_bringup/lib/python3.12/site-packages/parc_robot_bringup-0.0.0-py3.12.egg-info/SOURCES.txt
[1.423s] -- Installing: /home/david/ros2_ws/install/parc_robot_bringup/lib/python3.12/site-packages/parc_robot_bringup-0.0.0-py3.12.egg-info/dependency_links.txt
[1.423s] -- Installing: /home/david/ros2_ws/install/parc_robot_bringup/lib/python3.12/site-packages/parc_robot_bringup-0.0.0-py3.12.egg-info/PKG-INFO
[1.423s] -- Installing: /home/david/ros2_ws/install/parc_robot_bringup/lib/python3.12/site-packages/parc_robot_bringup
[1.423s] -- Installing: /home/david/ros2_ws/install/parc_robot_bringup/lib/python3.12/site-packages/parc_robot_bringup/gps2cartesian.py
[1.423s] -- Installing: /home/david/ros2_ws/install/parc_robot_bringup/lib/python3.12/site-packages/parc_robot_bringup/__init__.py
[1.448s] Listing '/home/david/ros2_ws/install/parc_robot_bringup/lib/python3.12/site-packages/parc_robot_bringup'...
[1.448s] Compiling '/home/david/ros2_ws/install/parc_robot_bringup/lib/python3.12/site-packages/parc_robot_bringup/__init__.py'...
[1.448s] Compiling '/home/david/ros2_ws/install/parc_robot_bringup/lib/python3.12/site-packages/parc_robot_bringup/gps2cartesian.py'...
[1.452s] -- Installing: /home/david/ros2_ws/install/parc_robot_bringup/lib/parc_robot_bringup/load_task1_params.py
[1.452s] -- Installing: /home/david/ros2_ws/install/parc_robot_bringup/lib/parc_robot_bringup/parc_robot_route.py
[1.452s] -- Installing: /home/david/ros2_ws/install/parc_robot_bringup/lib/parc_robot_bringup/parc_robot_nav.py
[1.452s] -- Installing: /home/david/ros2_ws/install/parc_robot_bringup/share/ament_index/resource_index/package_run_dependencies/parc_robot_bringup
[1.452s] -- Installing: /home/david/ros2_ws/install/parc_robot_bringup/share/ament_index/resource_index/parent_prefix_path/parc_robot_bringup
[1.452s] -- Installing: /home/david/ros2_ws/install/parc_robot_bringup/share/parc_robot_bringup/environment/ament_prefix_path.sh
[1.452s] -- Installing: /home/david/ros2_ws/install/parc_robot_bringup/share/parc_robot_bringup/environment/ament_prefix_path.dsv
[1.452s] -- Installing: /home/david/ros2_ws/install/parc_robot_bringup/share/parc_robot_bringup/environment/path.sh
[1.452s] -- Installing: /home/david/ros2_ws/install/parc_robot_bringup/share/parc_robot_bringup/environment/path.dsv
[1.452s] -- Installing: /home/david/ros2_ws/install/parc_robot_bringup/share/parc_robot_bringup/local_setup.bash
[1.452s] -- Installing: /home/david/ros2_ws/install/parc_robot_bringup/share/parc_robot_bringup/local_setup.sh
[1.452s] -- Installing: /home/david/ros2_ws/install/parc_robot_bringup/share/parc_robot_bringup/local_setup.zsh
[1.452s] -- Installing: /home/david/ros2_ws/install/parc_robot_bringup/share/parc_robot_bringup/local_setup.dsv
[1.452s] -- Installing: /home/david/ros2_ws/install/parc_robot_bringup/share/parc_robot_bringup/package.dsv
[1.452s] -- Installing: /home/david/ros2_ws/install/parc_robot_bringup/share/ament_index/resource_index/packages/parc_robot_bringup
[1.452s] -- Installing: /home/david/ros2_ws/install/parc_robot_bringup/share/parc_robot_bringup/cmake/parc_robot_bringupConfig.cmake
[1.453s] -- Installing: /home/david/ros2_ws/install/parc_robot_bringup/share/parc_robot_bringup/cmake/parc_robot_bringupConfig-version.cmake
[1.453s] -- Installing: /home/david/ros2_ws/install/parc_robot_bringup/share/parc_robot_bringup/package.xml
[1.455s] Invoked command in '/home/david/ros2_ws/build/parc_robot_bringup' returned '0': AMENT_PREFIX_PATH=/home/david/ros2_ws/install/parc_robot_interfaces:/home/david/ros2_ws/install/parc_robot_description:${AMENT_PREFIX_PATH} CMAKE_PREFIX_PATH=/home/david/ros2_ws/install/parc_robot_interfaces:/home/david/ros2_ws/install/parc_robot_description:/opt/ros/humble CONDA_PROMPT_MODIFIER=(base) LD_LIBRARY_PATH=/home/david/ros2_ws/install/parc_robot_interfaces/lib:${LD_LIBRARY_PATH} PYTHONPATH=/home/david/ros2_ws/install/parc_robot_interfaces/lib/python3.12/site-packages:${PYTHONPATH} /usr/bin/cmake --install /home/david/ros2_ws/build/parc_robot_bringup
