[0.040s] Invoking command in '/home/david/ros2_ws/build/parc_robot_description': CMAKE_PREFIX_PATH=${CMAKE_PREFIX_PATH}:/home/david/ros2_ws/install/test_publisher:/opt/ros/humble /usr/bin/cmake --build /home/david/ros2_ws/build/parc_robot_description -- -j20 -l20
[0.206s] Invoked command in '/home/david/ros2_ws/build/parc_robot_description' returned '0': CMAKE_PREFIX_PATH=${CMAKE_PREFIX_PATH}:/home/david/ros2_ws/install/test_publisher:/opt/ros/humble /usr/bin/cmake --build /home/david/ros2_ws/build/parc_robot_description -- -j20 -l20
[0.228s] Invoking command in '/home/david/ros2_ws/build/parc_robot_description': CMAKE_PREFIX_PATH=${CMAKE_PREFIX_PATH}:/home/david/ros2_ws/install/test_publisher:/opt/ros/humble /usr/bin/cmake --install /home/david/ros2_ws/build/parc_robot_description
[0.232s] -- Install configuration: ""
[0.232s] -- Up-to-date: /home/david/ros2_ws/install/parc_robot_description/share/parc_robot_description/launch
[0.232s] -- Up-to-date: /home/david/ros2_ws/install/parc_robot_description/share/parc_robot_description/launch/robot_state_publisher_launch.py
[0.232s] -- Up-to-date: /home/david/ros2_ws/install/parc_robot_description/share/parc_robot_description/launch/description_launch.py
[0.232s] -- Up-to-date: /home/david/ros2_ws/install/parc_robot_description/share/parc_robot_description/meshes
[0.232s] -- Up-to-date: /home/david/ros2_ws/install/parc_robot_description/share/parc_robot_description/meshes/wheel_type1.dae
[0.232s] -- Up-to-date: /home/david/ros2_ws/install/parc_robot_description/share/parc_robot_description/meshes/base_link.dae
[0.232s] -- Up-to-date: /home/david/ros2_ws/install/parc_robot_description/share/parc_robot_description/meshes/seeder.stl
[0.232s] -- Up-to-date: /home/david/ros2_ws/install/parc_robot_description/share/parc_robot_description/meshes/enclosure_with_overhang.dae
[0.232s] -- Up-to-date: /home/david/ros2_ws/install/parc_robot_description/share/parc_robot_description/meshes/enclosure_with_overhang.stl
[0.232s] -- Up-to-date: /home/david/ros2_ws/install/parc_robot_description/share/parc_robot_description/meshes/enclosure.dae
[0.232s] -- Up-to-date: /home/david/ros2_ws/install/parc_robot_description/share/parc_robot_description/meshes/seeder_v1.stl
[0.232s] -- Up-to-date: /home/david/ros2_ws/install/parc_robot_description/share/parc_robot_description/meshes/ZED2.dae
[0.232s] -- Up-to-date: /home/david/ros2_ws/install/parc_robot_description/share/parc_robot_description/meshes/wheel_type2.dae
[0.232s] -- Up-to-date: /home/david/ros2_ws/install/parc_robot_description/share/parc_robot_description/meshes/ydlidar.dae
[0.232s] -- Up-to-date: /home/david/ros2_ws/install/parc_robot_description/share/parc_robot_description/urdf
[0.232s] -- Up-to-date: /home/david/ros2_ws/install/parc_robot_description/share/parc_robot_description/urdf/parc_robot_with_collisions.sdf
[0.232s] -- Up-to-date: /home/david/ros2_ws/install/parc_robot_description/share/parc_robot_description/urdf/parc_robot_gazebo.xacro
[0.232s] -- Up-to-date: /home/david/ros2_ws/install/parc_robot_description/share/parc_robot_description/urdf/parc_robot.xacro
[0.232s] -- Up-to-date: /home/david/ros2_ws/install/parc_robot_description/share/parc_robot_description/urdf/zed2.xacro
[0.232s] -- Up-to-date: /home/david/ros2_ws/install/parc_robot_description/share/parc_robot_description/urdf/scout_wheel_type1.xacro
[0.233s] -- Up-to-date: /home/david/ros2_ws/install/parc_robot_description/share/parc_robot_description/urdf/scout_wheel_type2.xacro
[0.233s] -- Up-to-date: /home/david/ros2_ws/install/parc_robot_description/share/parc_robot_description/urdf/sensors.xacro
[0.233s] -- Up-to-date: /home/david/ros2_ws/install/parc_robot_description/share/parc_robot_description/urdf/attachment.xacro
[0.233s] -- Up-to-date: /home/david/ros2_ws/install/parc_robot_description/share/parc_robot_description/urdf/side_cameras.xacro
[0.233s] -- Up-to-date: /home/david/ros2_ws/install/parc_robot_description/share/parc_robot_description/urdf/ydlidar.xacro
[0.233s] -- Up-to-date: /home/david/ros2_ws/install/parc_robot_description/share/parc_robot_description/urdf/inertial_macros.xacro
[0.233s] -- Up-to-date: /home/david/ros2_ws/install/parc_robot_description/share/parc_robot_description/urdf/imu.xacro
[0.233s] -- Up-to-date: /home/david/ros2_ws/install/parc_robot_description/share/parc_robot_description/urdf/enclosure.xacro
[0.233s] -- Up-to-date: /home/david/ros2_ws/install/parc_robot_description/share/parc_robot_description/urdf/scout_wheel.gazebo
[0.233s] -- Up-to-date: /home/david/ros2_ws/install/parc_robot_description/share/parc_robot_description/urdf/gps.xacro
[0.233s] -- Up-to-date: /home/david/ros2_ws/install/parc_robot_description/share/parc_robot_description/rviz
[0.233s] -- Up-to-date: /home/david/ros2_ws/install/parc_robot_description/share/parc_robot_description/rviz/description.rviz
[0.233s] -- Up-to-date: /home/david/ros2_ws/install/parc_robot_description/share/parc_robot_description/materials
[0.233s] -- Up-to-date: /home/david/ros2_ws/install/parc_robot_description/share/parc_robot_description/materials/scripts
[0.233s] -- Up-to-date: /home/david/ros2_ws/install/parc_robot_description/share/parc_robot_description/materials/scripts/dirty_metal.material
[0.233s] -- Up-to-date: /home/david/ros2_ws/install/parc_robot_description/share/parc_robot_description/materials/scripts/.vscode
[0.233s] -- Up-to-date: /home/david/ros2_ws/install/parc_robot_description/share/parc_robot_description/materials/scripts/.vscode/settings.json
[0.233s] -- Up-to-date: /home/david/ros2_ws/install/parc_robot_description/share/parc_robot_description/materials/scripts/.vscode/c_cpp_properties.json
[0.233s] -- Up-to-date: /home/david/ros2_ws/install/parc_robot_description/share/parc_robot_description/materials/textures
[0.233s] -- Up-to-date: /home/david/ros2_ws/install/parc_robot_description/share/parc_robot_description/materials/textures/dirty_metal.jpg
[0.233s] -- Up-to-date: /home/david/ros2_ws/install/parc_robot_description/share/ament_index/resource_index/package_run_dependencies/parc_robot_description
[0.233s] -- Up-to-date: /home/david/ros2_ws/install/parc_robot_description/share/ament_index/resource_index/parent_prefix_path/parc_robot_description
[0.233s] -- Up-to-date: /home/david/ros2_ws/install/parc_robot_description/share/parc_robot_description/environment/ament_prefix_path.sh
[0.233s] -- Up-to-date: /home/david/ros2_ws/install/parc_robot_description/share/parc_robot_description/environment/ament_prefix_path.dsv
[0.233s] -- Up-to-date: /home/david/ros2_ws/install/parc_robot_description/share/parc_robot_description/environment/path.sh
[0.233s] -- Up-to-date: /home/david/ros2_ws/install/parc_robot_description/share/parc_robot_description/environment/path.dsv
[0.233s] -- Up-to-date: /home/david/ros2_ws/install/parc_robot_description/share/parc_robot_description/local_setup.bash
[0.234s] -- Up-to-date: /home/david/ros2_ws/install/parc_robot_description/share/parc_robot_description/local_setup.sh
[0.234s] -- Up-to-date: /home/david/ros2_ws/install/parc_robot_description/share/parc_robot_description/local_setup.zsh
[0.234s] -- Up-to-date: /home/david/ros2_ws/install/parc_robot_description/share/parc_robot_description/local_setup.dsv
[0.234s] -- Installing: /home/david/ros2_ws/install/parc_robot_description/share/parc_robot_description/package.dsv
[0.234s] -- Up-to-date: /home/david/ros2_ws/install/parc_robot_description/share/ament_index/resource_index/packages/parc_robot_description
[0.234s] -- Up-to-date: /home/david/ros2_ws/install/parc_robot_description/share/parc_robot_description/cmake/parc_robot_descriptionConfig.cmake
[0.234s] -- Up-to-date: /home/david/ros2_ws/install/parc_robot_description/share/parc_robot_description/cmake/parc_robot_descriptionConfig-version.cmake
[0.234s] -- Up-to-date: /home/david/ros2_ws/install/parc_robot_description/share/parc_robot_description/package.xml
[0.243s] Invoked command in '/home/david/ros2_ws/build/parc_robot_description' returned '0': CMAKE_PREFIX_PATH=${CMAKE_PREFIX_PATH}:/home/david/ros2_ws/install/test_publisher:/opt/ros/humble /usr/bin/cmake --install /home/david/ros2_ws/build/parc_robot_description
