[0.011s] Invoking command in '/home/david/ros2_ws/build/parc_robot_interfaces': CMAKE_PREFIX_PATH=${CMAKE_PREFIX_PATH}:/home/david/ros2_ws/install/test_publisher:/opt/ros/humble /usr/bin/cmake --build /home/david/ros2_ws/build/parc_robot_interfaces -- -j20 -l20
[0.042s] [  9%] Built target parc_robot_interfaces__rosidl_generator_c
[0.043s] [ 12%] Built target parc_robot_interfaces__cpp
[0.049s] [ 12%] Built target ament_cmake_python_copy_parc_robot_interfaces
[0.055s] [ 22%] Built target parc_robot_interfaces__rosidl_typesupport_fastrtps_c
[0.055s] [ 32%] Built target parc_robot_interfaces__rosidl_typesupport_introspection_cpp
[0.056s] [ 41%] Built target parc_robot_interfaces__rosidl_typesupport_c
[0.058s] [ 51%] Built target parc_robot_interfaces__rosidl_typesupport_introspection_c
[0.058s] [ 61%] Built target parc_robot_interfaces__rosidl_typesupport_fastrtps_cpp
[0.059s] [ 70%] Built target parc_robot_interfaces__rosidl_typesupport_cpp
[0.071s] [ 70%] Built target parc_robot_interfaces
[0.084s] [ 74%] Built target parc_robot_interfaces__py
[0.101s] [ 80%] Built target parc_robot_interfaces__rosidl_generator_py
[0.117s] [ 93%] Built target parc_robot_interfaces__rosidl_typesupport_fastrtps_c__pyext
[0.117s] [ 90%] Built target parc_robot_interfaces__rosidl_typesupport_c__pyext
[0.118s] [100%] Built target parc_robot_interfaces__rosidl_typesupport_introspection_c__pyext
[0.201s] running egg_info
[0.215s] writing parc_robot_interfaces.egg-info/PKG-INFO
[0.215s] writing dependency_links to parc_robot_interfaces.egg-info/dependency_links.txt
[0.215s] writing top-level names to parc_robot_interfaces.egg-info/top_level.txt
[0.251s] reading manifest file 'parc_robot_interfaces.egg-info/SOURCES.txt'
[0.251s] writing manifest file 'parc_robot_interfaces.egg-info/SOURCES.txt'
[0.269s] [100%] Built target ament_cmake_python_build_parc_robot_interfaces_egg
