[0.056s] DEBUG:colcon:Command line arguments: ['/usr/bin/colcon', 'build']
[0.056s] DEBUG:colcon:Parsed command line arguments: Namespace(log_base=None, log_level=None, verb_name='build', build_base='build', install_base='install', merge_install=False, symlink_install=False, test_result_base=None, continue_on_error=False, executor='parallel', parallel_workers=20, event_handlers=None, ignore_user_meta=False, metas=['./colcon.meta'], base_paths=['.'], packages_ignore=None, packages_ignore_regex=None, paths=None, packages_up_to=None, packages_up_to_regex=None, packages_above=None, packages_above_and_dependencies=None, packages_above_depth=None, packages_select_by_dep=None, packages_skip_by_dep=None, packages_skip_up_to=None, packages_select_build_failed=False, packages_skip_build_finished=False, packages_select_test_failures=False, packages_skip_test_passed=False, packages_select=None, packages_skip=None, packages_select_regex=None, packages_skip_regex=None, packages_start=None, packages_end=None, allow_overriding=[], cmake_args=None, cmake_target=None, cmake_target_skip_unavailable=False, cmake_clean_cache=False, cmake_clean_first=False, cmake_force_configure=False, ament_cmake_args=None, catkin_cmake_args=None, catkin_skip_building_tests=False, mixin_files=None, mixin=None, verb_parser=<colcon_mixin.mixin.mixin_argument.MixinArgumentDecorator object at 0x704484b02d70>, verb_extension=<colcon_core.verb.build.BuildVerb object at 0x704484cb0310>, main=<bound method BuildVerb.main of <colcon_core.verb.build.BuildVerb object at 0x704484cb0310>>, mixin_verb=('build',))
[0.146s] Level 1:colcon.colcon_core.package_discovery:discover_packages(colcon_meta) check parameters
[0.147s] Level 1:colcon.colcon_core.package_discovery:discover_packages(recursive) check parameters
[0.147s] Level 1:colcon.colcon_core.package_discovery:discover_packages(ignore) check parameters
[0.147s] Level 1:colcon.colcon_core.package_discovery:discover_packages(path) check parameters
[0.147s] Level 1:colcon.colcon_core.package_discovery:discover_packages(colcon_meta) discover
[0.147s] Level 1:colcon.colcon_core.package_discovery:discover_packages(recursive) discover
[0.147s] INFO:colcon.colcon_core.package_discovery:Crawling recursively for packages in '/home/david/ros2_ws'
[0.147s] Level 1:colcon.colcon_core.package_identification:_identify(.) by extensions ['ignore', 'ignore_ament_install']
[0.147s] Level 1:colcon.colcon_core.package_identification:_identify(.) by extension 'ignore'
[0.147s] Level 1:colcon.colcon_core.package_identification:_identify(.) by extension 'ignore_ament_install'
[0.147s] Level 1:colcon.colcon_core.package_identification:_identify(.) by extensions ['colcon_pkg']
[0.147s] Level 1:colcon.colcon_core.package_identification:_identify(.) by extension 'colcon_pkg'
[0.147s] Level 1:colcon.colcon_core.package_identification:_identify(.) by extensions ['colcon_meta']
[0.147s] Level 1:colcon.colcon_core.package_identification:_identify(.) by extension 'colcon_meta'
[0.147s] Level 1:colcon.colcon_core.package_identification:_identify(.) by extensions ['ros']
[0.147s] Level 1:colcon.colcon_core.package_identification:_identify(.) by extension 'ros'
[0.153s] Level 1:colcon.colcon_core.package_identification:_identify(.) by extensions ['cmake', 'python']
[0.153s] Level 1:colcon.colcon_core.package_identification:_identify(.) by extension 'cmake'
[0.153s] Level 1:colcon.colcon_core.package_identification:_identify(.) by extension 'python'
[0.153s] Level 1:colcon.colcon_core.package_identification:_identify(.) by extensions ['python_setup_py']
[0.153s] Level 1:colcon.colcon_core.package_identification:_identify(.) by extension 'python_setup_py'
[0.153s] Level 1:colcon.colcon_core.package_identification:_identify(build) by extensions ['ignore', 'ignore_ament_install']
[0.153s] Level 1:colcon.colcon_core.package_identification:_identify(build) by extension 'ignore'
[0.153s] Level 1:colcon.colcon_core.package_identification:_identify(build) ignored
[0.153s] Level 1:colcon.colcon_core.package_identification:_identify(install) by extensions ['ignore', 'ignore_ament_install']
[0.153s] Level 1:colcon.colcon_core.package_identification:_identify(install) by extension 'ignore'
[0.153s] Level 1:colcon.colcon_core.package_identification:_identify(install) ignored
[0.153s] Level 1:colcon.colcon_core.package_identification:_identify(log) by extensions ['ignore', 'ignore_ament_install']
[0.154s] Level 1:colcon.colcon_core.package_identification:_identify(log) by extension 'ignore'
[0.154s] Level 1:colcon.colcon_core.package_identification:_identify(log) ignored
[0.154s] Level 1:colcon.colcon_core.package_identification:_identify(src) by extensions ['ignore', 'ignore_ament_install']
[0.154s] Level 1:colcon.colcon_core.package_identification:_identify(src) by extension 'ignore'
[0.154s] Level 1:colcon.colcon_core.package_identification:_identify(src) by extension 'ignore_ament_install'
[0.154s] Level 1:colcon.colcon_core.package_identification:_identify(src) by extensions ['colcon_pkg']
[0.154s] Level 1:colcon.colcon_core.package_identification:_identify(src) by extension 'colcon_pkg'
[0.154s] Level 1:colcon.colcon_core.package_identification:_identify(src) by extensions ['colcon_meta']
[0.154s] Level 1:colcon.colcon_core.package_identification:_identify(src) by extension 'colcon_meta'
[0.154s] Level 1:colcon.colcon_core.package_identification:_identify(src) by extensions ['ros']
[0.154s] Level 1:colcon.colcon_core.package_identification:_identify(src) by extension 'ros'
[0.154s] Level 1:colcon.colcon_core.package_identification:_identify(src) by extensions ['cmake', 'python']
[0.154s] Level 1:colcon.colcon_core.package_identification:_identify(src) by extension 'cmake'
[0.154s] Level 1:colcon.colcon_core.package_identification:_identify(src) by extension 'python'
[0.154s] Level 1:colcon.colcon_core.package_identification:_identify(src) by extensions ['python_setup_py']
[0.154s] Level 1:colcon.colcon_core.package_identification:_identify(src) by extension 'python_setup_py'
[0.154s] Level 1:colcon.colcon_core.package_identification:_identify(src/parc_robot) by extensions ['ignore', 'ignore_ament_install']
[0.154s] Level 1:colcon.colcon_core.package_identification:_identify(src/parc_robot) by extension 'ignore'
[0.154s] Level 1:colcon.colcon_core.package_identification:_identify(src/parc_robot) by extension 'ignore_ament_install'
[0.154s] Level 1:colcon.colcon_core.package_identification:_identify(src/parc_robot) by extensions ['colcon_pkg']
[0.154s] Level 1:colcon.colcon_core.package_identification:_identify(src/parc_robot) by extension 'colcon_pkg'
[0.154s] Level 1:colcon.colcon_core.package_identification:_identify(src/parc_robot) by extensions ['colcon_meta']
[0.154s] Level 1:colcon.colcon_core.package_identification:_identify(src/parc_robot) by extension 'colcon_meta'
[0.154s] Level 1:colcon.colcon_core.package_identification:_identify(src/parc_robot) by extensions ['ros']
[0.154s] Level 1:colcon.colcon_core.package_identification:_identify(src/parc_robot) by extension 'ros'
[0.155s] DEBUG:colcon.colcon_core.package_identification:Package 'src/parc_robot' with type 'ros.ament_cmake' and name 'parc_robot'
[0.155s] Level 1:colcon.colcon_core.package_identification:_identify(src/parc_robot_bringup) by extensions ['ignore', 'ignore_ament_install']
[0.155s] Level 1:colcon.colcon_core.package_identification:_identify(src/parc_robot_bringup) by extension 'ignore'
[0.155s] Level 1:colcon.colcon_core.package_identification:_identify(src/parc_robot_bringup) by extension 'ignore_ament_install'
[0.156s] Level 1:colcon.colcon_core.package_identification:_identify(src/parc_robot_bringup) by extensions ['colcon_pkg']
[0.156s] Level 1:colcon.colcon_core.package_identification:_identify(src/parc_robot_bringup) by extension 'colcon_pkg'
[0.156s] Level 1:colcon.colcon_core.package_identification:_identify(src/parc_robot_bringup) by extensions ['colcon_meta']
[0.156s] Level 1:colcon.colcon_core.package_identification:_identify(src/parc_robot_bringup) by extension 'colcon_meta'
[0.156s] Level 1:colcon.colcon_core.package_identification:_identify(src/parc_robot_bringup) by extensions ['ros']
[0.156s] Level 1:colcon.colcon_core.package_identification:_identify(src/parc_robot_bringup) by extension 'ros'
[0.156s] DEBUG:colcon.colcon_core.package_identification:Package 'src/parc_robot_bringup' with type 'ros.ament_cmake' and name 'parc_robot_bringup'
[0.156s] Level 1:colcon.colcon_core.package_identification:_identify(src/parc_robot_description) by extensions ['ignore', 'ignore_ament_install']
[0.156s] Level 1:colcon.colcon_core.package_identification:_identify(src/parc_robot_description) by extension 'ignore'
[0.156s] Level 1:colcon.colcon_core.package_identification:_identify(src/parc_robot_description) by extension 'ignore_ament_install'
[0.156s] Level 1:colcon.colcon_core.package_identification:_identify(src/parc_robot_description) by extensions ['colcon_pkg']
[0.156s] Level 1:colcon.colcon_core.package_identification:_identify(src/parc_robot_description) by extension 'colcon_pkg'
[0.156s] Level 1:colcon.colcon_core.package_identification:_identify(src/parc_robot_description) by extensions ['colcon_meta']
[0.156s] Level 1:colcon.colcon_core.package_identification:_identify(src/parc_robot_description) by extension 'colcon_meta'
[0.156s] Level 1:colcon.colcon_core.package_identification:_identify(src/parc_robot_description) by extensions ['ros']
[0.156s] Level 1:colcon.colcon_core.package_identification:_identify(src/parc_robot_description) by extension 'ros'
[0.157s] DEBUG:colcon.colcon_core.package_identification:Package 'src/parc_robot_description' with type 'ros.ament_cmake' and name 'parc_robot_description'
[0.157s] Level 1:colcon.colcon_core.package_identification:_identify(src/parc_robot_interfaces) by extensions ['ignore', 'ignore_ament_install']
[0.157s] Level 1:colcon.colcon_core.package_identification:_identify(src/parc_robot_interfaces) by extension 'ignore'
[0.157s] Level 1:colcon.colcon_core.package_identification:_identify(src/parc_robot_interfaces) by extension 'ignore_ament_install'
[0.157s] Level 1:colcon.colcon_core.package_identification:_identify(src/parc_robot_interfaces) by extensions ['colcon_pkg']
[0.157s] Level 1:colcon.colcon_core.package_identification:_identify(src/parc_robot_interfaces) by extension 'colcon_pkg'
[0.157s] Level 1:colcon.colcon_core.package_identification:_identify(src/parc_robot_interfaces) by extensions ['colcon_meta']
[0.157s] Level 1:colcon.colcon_core.package_identification:_identify(src/parc_robot_interfaces) by extension 'colcon_meta'
[0.157s] Level 1:colcon.colcon_core.package_identification:_identify(src/parc_robot_interfaces) by extensions ['ros']
[0.157s] Level 1:colcon.colcon_core.package_identification:_identify(src/parc_robot_interfaces) by extension 'ros'
[0.157s] DEBUG:colcon.colcon_core.package_identification:Package 'src/parc_robot_interfaces' with type 'ros.ament_cmake' and name 'parc_robot_interfaces'
[0.157s] Level 1:colcon.colcon_core.package_identification:_identify(src/test_publisher) by extensions ['ignore', 'ignore_ament_install']
[0.157s] Level 1:colcon.colcon_core.package_identification:_identify(src/test_publisher) by extension 'ignore'
[0.157s] Level 1:colcon.colcon_core.package_identification:_identify(src/test_publisher) by extension 'ignore_ament_install'
[0.157s] Level 1:colcon.colcon_core.package_identification:_identify(src/test_publisher) by extensions ['colcon_pkg']
[0.157s] Level 1:colcon.colcon_core.package_identification:_identify(src/test_publisher) by extension 'colcon_pkg'
[0.157s] Level 1:colcon.colcon_core.package_identification:_identify(src/test_publisher) by extensions ['colcon_meta']
[0.157s] Level 1:colcon.colcon_core.package_identification:_identify(src/test_publisher) by extension 'colcon_meta'
[0.158s] Level 1:colcon.colcon_core.package_identification:_identify(src/test_publisher) by extensions ['ros']
[0.158s] Level 1:colcon.colcon_core.package_identification:_identify(src/test_publisher) by extension 'ros'
[0.158s] DEBUG:colcon.colcon_core.package_identification:Package 'src/test_publisher' with type 'ros.ament_python' and name 'test_publisher'
[0.158s] Level 1:colcon.colcon_core.package_discovery:discover_packages(recursive) using defaults
[0.158s] Level 1:colcon.colcon_core.package_discovery:discover_packages(ignore) discover
[0.158s] Level 1:colcon.colcon_core.package_discovery:discover_packages(ignore) using defaults
[0.158s] Level 1:colcon.colcon_core.package_discovery:discover_packages(path) discover
[0.158s] Level 1:colcon.colcon_core.package_discovery:discover_packages(path) using defaults
[0.174s] Level 1:colcon.colcon_core.package_discovery:discover_packages(prefix_path) check parameters
[0.174s] Level 1:colcon.colcon_core.package_discovery:discover_packages(prefix_path) discover
[0.175s] DEBUG:colcon.colcon_installed_package_information.package_discovery:Found 5 installed packages in /home/david/ros2_ws/install
[0.176s] DEBUG:colcon.colcon_installed_package_information.package_discovery:Found 377 installed packages in /opt/ros/humble
[0.177s] Level 1:colcon.colcon_core.package_discovery:discover_packages(prefix_path) using defaults
[0.200s] Level 5:colcon.colcon_core.verb:set package 'parc_robot' build argument 'cmake_args' from command line to 'None'
[0.200s] Level 5:colcon.colcon_core.verb:set package 'parc_robot' build argument 'cmake_target' from command line to 'None'
[0.200s] Level 5:colcon.colcon_core.verb:set package 'parc_robot' build argument 'cmake_target_skip_unavailable' from command line to 'False'
[0.200s] Level 5:colcon.colcon_core.verb:set package 'parc_robot' build argument 'cmake_clean_cache' from command line to 'False'
[0.200s] Level 5:colcon.colcon_core.verb:set package 'parc_robot' build argument 'cmake_clean_first' from command line to 'False'
[0.200s] Level 5:colcon.colcon_core.verb:set package 'parc_robot' build argument 'cmake_force_configure' from command line to 'False'
[0.200s] Level 5:colcon.colcon_core.verb:set package 'parc_robot' build argument 'ament_cmake_args' from command line to 'None'
[0.200s] Level 5:colcon.colcon_core.verb:set package 'parc_robot' build argument 'catkin_cmake_args' from command line to 'None'
[0.200s] Level 5:colcon.colcon_core.verb:set package 'parc_robot' build argument 'catkin_skip_building_tests' from command line to 'False'
[0.200s] DEBUG:colcon.colcon_core.verb:Building package 'parc_robot' with the following arguments: {'ament_cmake_args': None, 'build_base': '/home/david/ros2_ws/build/parc_robot', 'catkin_cmake_args': None, 'catkin_skip_building_tests': False, 'cmake_args': None, 'cmake_clean_cache': False, 'cmake_clean_first': False, 'cmake_force_configure': False, 'cmake_target': None, 'cmake_target_skip_unavailable': False, 'install_base': '/home/david/ros2_ws/install/parc_robot', 'merge_install': False, 'path': '/home/david/ros2_ws/src/parc_robot', 'symlink_install': False, 'test_result_base': None}
[0.200s] Level 5:colcon.colcon_core.verb:set package 'parc_robot_description' build argument 'cmake_args' from command line to 'None'
[0.200s] Level 5:colcon.colcon_core.verb:set package 'parc_robot_description' build argument 'cmake_target' from command line to 'None'
[0.200s] Level 5:colcon.colcon_core.verb:set package 'parc_robot_description' build argument 'cmake_target_skip_unavailable' from command line to 'False'
[0.200s] Level 5:colcon.colcon_core.verb:set package 'parc_robot_description' build argument 'cmake_clean_cache' from command line to 'False'
[0.200s] Level 5:colcon.colcon_core.verb:set package 'parc_robot_description' build argument 'cmake_clean_first' from command line to 'False'
[0.200s] Level 5:colcon.colcon_core.verb:set package 'parc_robot_description' build argument 'cmake_force_configure' from command line to 'False'
[0.200s] Level 5:colcon.colcon_core.verb:set package 'parc_robot_description' build argument 'ament_cmake_args' from command line to 'None'
[0.200s] Level 5:colcon.colcon_core.verb:set package 'parc_robot_description' build argument 'catkin_cmake_args' from command line to 'None'
[0.200s] Level 5:colcon.colcon_core.verb:set package 'parc_robot_description' build argument 'catkin_skip_building_tests' from command line to 'False'
[0.200s] DEBUG:colcon.colcon_core.verb:Building package 'parc_robot_description' with the following arguments: {'ament_cmake_args': None, 'build_base': '/home/david/ros2_ws/build/parc_robot_description', 'catkin_cmake_args': None, 'catkin_skip_building_tests': False, 'cmake_args': None, 'cmake_clean_cache': False, 'cmake_clean_first': False, 'cmake_force_configure': False, 'cmake_target': None, 'cmake_target_skip_unavailable': False, 'install_base': '/home/david/ros2_ws/install/parc_robot_description', 'merge_install': False, 'path': '/home/david/ros2_ws/src/parc_robot_description', 'symlink_install': False, 'test_result_base': None}
[0.200s] Level 5:colcon.colcon_core.verb:set package 'parc_robot_interfaces' build argument 'cmake_args' from command line to 'None'
[0.200s] Level 5:colcon.colcon_core.verb:set package 'parc_robot_interfaces' build argument 'cmake_target' from command line to 'None'
[0.200s] Level 5:colcon.colcon_core.verb:set package 'parc_robot_interfaces' build argument 'cmake_target_skip_unavailable' from command line to 'False'
[0.200s] Level 5:colcon.colcon_core.verb:set package 'parc_robot_interfaces' build argument 'cmake_clean_cache' from command line to 'False'
[0.200s] Level 5:colcon.colcon_core.verb:set package 'parc_robot_interfaces' build argument 'cmake_clean_first' from command line to 'False'
[0.200s] Level 5:colcon.colcon_core.verb:set package 'parc_robot_interfaces' build argument 'cmake_force_configure' from command line to 'False'
[0.200s] Level 5:colcon.colcon_core.verb:set package 'parc_robot_interfaces' build argument 'ament_cmake_args' from command line to 'None'
[0.200s] Level 5:colcon.colcon_core.verb:set package 'parc_robot_interfaces' build argument 'catkin_cmake_args' from command line to 'None'
[0.200s] Level 5:colcon.colcon_core.verb:set package 'parc_robot_interfaces' build argument 'catkin_skip_building_tests' from command line to 'False'
[0.200s] DEBUG:colcon.colcon_core.verb:Building package 'parc_robot_interfaces' with the following arguments: {'ament_cmake_args': None, 'build_base': '/home/david/ros2_ws/build/parc_robot_interfaces', 'catkin_cmake_args': None, 'catkin_skip_building_tests': False, 'cmake_args': None, 'cmake_clean_cache': False, 'cmake_clean_first': False, 'cmake_force_configure': False, 'cmake_target': None, 'cmake_target_skip_unavailable': False, 'install_base': '/home/david/ros2_ws/install/parc_robot_interfaces', 'merge_install': False, 'path': '/home/david/ros2_ws/src/parc_robot_interfaces', 'symlink_install': False, 'test_result_base': None}
[0.200s] Level 5:colcon.colcon_core.verb:set package 'test_publisher' build argument 'cmake_args' from command line to 'None'
[0.200s] Level 5:colcon.colcon_core.verb:set package 'test_publisher' build argument 'cmake_target' from command line to 'None'
[0.200s] Level 5:colcon.colcon_core.verb:set package 'test_publisher' build argument 'cmake_target_skip_unavailable' from command line to 'False'
[0.200s] Level 5:colcon.colcon_core.verb:set package 'test_publisher' build argument 'cmake_clean_cache' from command line to 'False'
[0.200s] Level 5:colcon.colcon_core.verb:set package 'test_publisher' build argument 'cmake_clean_first' from command line to 'False'
[0.200s] Level 5:colcon.colcon_core.verb:set package 'test_publisher' build argument 'cmake_force_configure' from command line to 'False'
[0.201s] Level 5:colcon.colcon_core.verb:set package 'test_publisher' build argument 'ament_cmake_args' from command line to 'None'
[0.201s] Level 5:colcon.colcon_core.verb:set package 'test_publisher' build argument 'catkin_cmake_args' from command line to 'None'
[0.201s] Level 5:colcon.colcon_core.verb:set package 'test_publisher' build argument 'catkin_skip_building_tests' from command line to 'False'
[0.201s] DEBUG:colcon.colcon_core.verb:Building package 'test_publisher' with the following arguments: {'ament_cmake_args': None, 'build_base': '/home/david/ros2_ws/build/test_publisher', 'catkin_cmake_args': None, 'catkin_skip_building_tests': False, 'cmake_args': None, 'cmake_clean_cache': False, 'cmake_clean_first': False, 'cmake_force_configure': False, 'cmake_target': None, 'cmake_target_skip_unavailable': False, 'install_base': '/home/david/ros2_ws/install/test_publisher', 'merge_install': False, 'path': '/home/david/ros2_ws/src/test_publisher', 'symlink_install': False, 'test_result_base': None}
[0.201s] Level 5:colcon.colcon_core.verb:set package 'parc_robot_bringup' build argument 'cmake_args' from command line to 'None'
[0.201s] Level 5:colcon.colcon_core.verb:set package 'parc_robot_bringup' build argument 'cmake_target' from command line to 'None'
[0.201s] Level 5:colcon.colcon_core.verb:set package 'parc_robot_bringup' build argument 'cmake_target_skip_unavailable' from command line to 'False'
[0.201s] Level 5:colcon.colcon_core.verb:set package 'parc_robot_bringup' build argument 'cmake_clean_cache' from command line to 'False'
[0.201s] Level 5:colcon.colcon_core.verb:set package 'parc_robot_bringup' build argument 'cmake_clean_first' from command line to 'False'
[0.201s] Level 5:colcon.colcon_core.verb:set package 'parc_robot_bringup' build argument 'cmake_force_configure' from command line to 'False'
[0.201s] Level 5:colcon.colcon_core.verb:set package 'parc_robot_bringup' build argument 'ament_cmake_args' from command line to 'None'
[0.201s] Level 5:colcon.colcon_core.verb:set package 'parc_robot_bringup' build argument 'catkin_cmake_args' from command line to 'None'
[0.201s] Level 5:colcon.colcon_core.verb:set package 'parc_robot_bringup' build argument 'catkin_skip_building_tests' from command line to 'False'
[0.201s] DEBUG:colcon.colcon_core.verb:Building package 'parc_robot_bringup' with the following arguments: {'ament_cmake_args': None, 'build_base': '/home/david/ros2_ws/build/parc_robot_bringup', 'catkin_cmake_args': None, 'catkin_skip_building_tests': False, 'cmake_args': None, 'cmake_clean_cache': False, 'cmake_clean_first': False, 'cmake_force_configure': False, 'cmake_target': None, 'cmake_target_skip_unavailable': False, 'install_base': '/home/david/ros2_ws/install/parc_robot_bringup', 'merge_install': False, 'path': '/home/david/ros2_ws/src/parc_robot_bringup', 'symlink_install': False, 'test_result_base': None}
[0.201s] INFO:colcon.colcon_core.executor:Executing jobs using 'parallel' executor
[0.202s] DEBUG:colcon.colcon_parallel_executor.executor.parallel:run_until_complete
[0.202s] INFO:colcon.colcon_ros.task.ament_cmake.build:Building ROS package in '/home/david/ros2_ws/src/parc_robot_description' with build type 'ament_cmake'
[0.202s] INFO:colcon.colcon_cmake.task.cmake.build:Building CMake package in '/home/david/ros2_ws/src/parc_robot_description'
[0.203s] INFO:colcon.colcon_core.plugin_system:Skipping extension 'colcon_core.shell.bat': Not used on non-Windows systems
[0.203s] INFO:colcon.colcon_core.shell:Skip shell extension 'powershell' for command environment: Not usable outside of PowerShell
[0.203s] DEBUG:colcon.colcon_core.shell:Skip shell extension 'dsv' for command environment
[0.205s] INFO:colcon.colcon_ros.task.ament_cmake.build:Building ROS package in '/home/david/ros2_ws/src/parc_robot_interfaces' with build type 'ament_cmake'
[0.205s] INFO:colcon.colcon_cmake.task.cmake.build:Building CMake package in '/home/david/ros2_ws/src/parc_robot_interfaces'
[0.205s] INFO:colcon.colcon_core.shell:Skip shell extension 'powershell' for command environment: Not usable outside of PowerShell
[0.205s] DEBUG:colcon.colcon_core.shell:Skip shell extension 'dsv' for command environment
[0.207s] INFO:colcon.colcon_ros.task.ament_cmake.build:Building ROS package in '/home/david/ros2_ws/src/parc_robot' with build type 'ament_cmake'
[0.207s] INFO:colcon.colcon_cmake.task.cmake.build:Building CMake package in '/home/david/ros2_ws/src/parc_robot'
[0.207s] INFO:colcon.colcon_core.shell:Skip shell extension 'powershell' for command environment: Not usable outside of PowerShell
[0.207s] DEBUG:colcon.colcon_core.shell:Skip shell extension 'dsv' for command environment
[0.209s] INFO:colcon.colcon_ros.task.ament_python.build:Building ROS package in '/home/david/ros2_ws/src/test_publisher' with build type 'ament_python'
[0.209s] Level 1:colcon.colcon_core.shell:create_environment_hook('test_publisher', 'ament_prefix_path')
[0.209s] INFO:colcon.colcon_core.shell:Creating environment hook '/home/david/ros2_ws/install/test_publisher/share/test_publisher/hook/ament_prefix_path.ps1'
[0.209s] INFO:colcon.colcon_core.shell:Creating environment descriptor '/home/david/ros2_ws/install/test_publisher/share/test_publisher/hook/ament_prefix_path.dsv'
[0.210s] INFO:colcon.colcon_core.shell:Creating environment hook '/home/david/ros2_ws/install/test_publisher/share/test_publisher/hook/ament_prefix_path.sh'
[0.210s] INFO:colcon.colcon_core.shell:Skip shell extension 'powershell' for command environment: Not usable outside of PowerShell
[0.210s] DEBUG:colcon.colcon_core.shell:Skip shell extension 'dsv' for command environment
[0.242s] DEBUG:colcon.colcon_core.event_handler.log_command:Invoking command in '/home/david/ros2_ws/build/parc_robot_description': CMAKE_PREFIX_PATH=${CMAKE_PREFIX_PATH}:/home/david/ros2_ws/install/test_publisher:/opt/ros/humble /usr/bin/cmake --build /home/david/ros2_ws/build/parc_robot_description -- -j20 -l20
[0.243s] DEBUG:colcon.colcon_core.event_handler.log_command:Invoking command in '/home/david/ros2_ws/build/parc_robot_interfaces': CMAKE_PREFIX_PATH=${CMAKE_PREFIX_PATH}:/home/david/ros2_ws/install/test_publisher:/opt/ros/humble /usr/bin/cmake --build /home/david/ros2_ws/build/parc_robot_interfaces -- -j20 -l20
[0.245s] DEBUG:colcon.colcon_core.event_handler.log_command:Invoking command in '/home/david/ros2_ws/build/parc_robot': CMAKE_PREFIX_PATH=${CMAKE_PREFIX_PATH}:/home/david/ros2_ws/install/test_publisher:/opt/ros/humble /usr/bin/cmake --build /home/david/ros2_ws/build/parc_robot -- -j20 -l20
[0.405s] INFO:colcon.colcon_core.task.python.build:Building Python package in '/home/david/ros2_ws/src/test_publisher'
[0.405s] INFO:colcon.colcon_core.shell:Skip shell extension 'powershell' for command environment: Not usable outside of PowerShell
[0.405s] DEBUG:colcon.colcon_core.shell:Skip shell extension 'dsv' for command environment
[0.409s] DEBUG:colcon.colcon_core.event_handler.log_command:Invoked command in '/home/david/ros2_ws/build/parc_robot_description' returned '0': CMAKE_PREFIX_PATH=${CMAKE_PREFIX_PATH}:/home/david/ros2_ws/install/test_publisher:/opt/ros/humble /usr/bin/cmake --build /home/david/ros2_ws/build/parc_robot_description -- -j20 -l20
[0.410s] DEBUG:colcon.colcon_core.event_handler.log_command:Invoked command in '/home/david/ros2_ws/build/parc_robot' returned '0': CMAKE_PREFIX_PATH=${CMAKE_PREFIX_PATH}:/home/david/ros2_ws/install/test_publisher:/opt/ros/humble /usr/bin/cmake --build /home/david/ros2_ws/build/parc_robot -- -j20 -l20
[0.430s] DEBUG:colcon.colcon_core.event_handler.log_command:Invoking command in '/home/david/ros2_ws/build/parc_robot_description': CMAKE_PREFIX_PATH=${CMAKE_PREFIX_PATH}:/home/david/ros2_ws/install/test_publisher:/opt/ros/humble /usr/bin/cmake --install /home/david/ros2_ws/build/parc_robot_description
[0.431s] DEBUG:colcon.colcon_core.event_handler.log_command:Invoking command in '/home/david/ros2_ws/build/parc_robot': CMAKE_PREFIX_PATH=${CMAKE_PREFIX_PATH}:/home/david/ros2_ws/install/test_publisher:/opt/ros/humble /usr/bin/cmake --install /home/david/ros2_ws/build/parc_robot
[0.437s] Level 1:colcon.colcon_core.environment:create_environment_scripts_only(parc_robot)
[0.437s] DEBUG:colcon.colcon_core.event_handler.log_command:Invoked command in '/home/david/ros2_ws/build/parc_robot' returned '0': CMAKE_PREFIX_PATH=${CMAKE_PREFIX_PATH}:/home/david/ros2_ws/install/test_publisher:/opt/ros/humble /usr/bin/cmake --install /home/david/ros2_ws/build/parc_robot
[0.440s] Level 1:colcon.colcon_core.environment:checking '/home/david/ros2_ws/install/parc_robot' for CMake module files
[0.440s] Level 1:colcon.colcon_core.environment:checking '/home/david/ros2_ws/install/parc_robot' for CMake config files
[0.440s] Level 1:colcon.colcon_core.shell:create_environment_hook('parc_robot', 'cmake_prefix_path')
[0.441s] INFO:colcon.colcon_core.shell:Creating environment hook '/home/david/ros2_ws/install/parc_robot/share/parc_robot/hook/cmake_prefix_path.ps1'
[0.441s] INFO:colcon.colcon_core.shell:Creating environment descriptor '/home/david/ros2_ws/install/parc_robot/share/parc_robot/hook/cmake_prefix_path.dsv'
[0.441s] INFO:colcon.colcon_core.shell:Creating environment hook '/home/david/ros2_ws/install/parc_robot/share/parc_robot/hook/cmake_prefix_path.sh'
[0.442s] Level 1:colcon.colcon_core.environment:checking '/home/david/ros2_ws/install/parc_robot/bin'
[0.442s] Level 1:colcon.colcon_core.environment:checking '/home/david/ros2_ws/install/parc_robot/lib/pkgconfig/parc_robot.pc'
[0.442s] Level 1:colcon.colcon_core.environment:checking '/home/david/ros2_ws/install/parc_robot/lib/python3.10/site-packages'
[0.442s] Level 1:colcon.colcon_core.environment:checking '/home/david/ros2_ws/install/parc_robot/bin'
[0.442s] INFO:colcon.colcon_core.shell:Creating package script '/home/david/ros2_ws/install/parc_robot/share/parc_robot/package.ps1'
[0.443s] INFO:colcon.colcon_core.shell:Creating package descriptor '/home/david/ros2_ws/install/parc_robot/share/parc_robot/package.dsv'
[0.443s] INFO:colcon.colcon_core.shell:Creating package script '/home/david/ros2_ws/install/parc_robot/share/parc_robot/package.sh'
[0.443s] INFO:colcon.colcon_core.shell:Creating package script '/home/david/ros2_ws/install/parc_robot/share/parc_robot/package.bash'
[0.444s] INFO:colcon.colcon_core.shell:Creating package script '/home/david/ros2_ws/install/parc_robot/share/parc_robot/package.zsh'
[0.444s] Level 1:colcon.colcon_core.environment:create_file_with_runtime_dependencies(/home/david/ros2_ws/install/parc_robot/share/colcon-core/packages/parc_robot)
[0.445s] Level 1:colcon.colcon_core.environment:create_environment_scripts_only(parc_robot_description)
[0.445s] Level 1:colcon.colcon_core.environment:checking '/home/david/ros2_ws/install/parc_robot_description' for CMake module files
[0.445s] DEBUG:colcon.colcon_core.event_handler.log_command:Invoked command in '/home/david/ros2_ws/build/parc_robot_description' returned '0': CMAKE_PREFIX_PATH=${CMAKE_PREFIX_PATH}:/home/david/ros2_ws/install/test_publisher:/opt/ros/humble /usr/bin/cmake --install /home/david/ros2_ws/build/parc_robot_description
[0.445s] Level 1:colcon.colcon_core.environment:checking '/home/david/ros2_ws/install/parc_robot_description' for CMake config files
[0.446s] Level 1:colcon.colcon_core.shell:create_environment_hook('parc_robot_description', 'cmake_prefix_path')
[0.446s] INFO:colcon.colcon_core.shell:Creating environment hook '/home/david/ros2_ws/install/parc_robot_description/share/parc_robot_description/hook/cmake_prefix_path.ps1'
[0.446s] INFO:colcon.colcon_core.shell:Creating environment descriptor '/home/david/ros2_ws/install/parc_robot_description/share/parc_robot_description/hook/cmake_prefix_path.dsv'
[0.446s] INFO:colcon.colcon_core.shell:Creating environment hook '/home/david/ros2_ws/install/parc_robot_description/share/parc_robot_description/hook/cmake_prefix_path.sh'
[0.446s] Level 1:colcon.colcon_core.environment:checking '/home/david/ros2_ws/install/parc_robot_description/bin'
[0.446s] Level 1:colcon.colcon_core.environment:checking '/home/david/ros2_ws/install/parc_robot_description/lib/pkgconfig/parc_robot_description.pc'
[0.447s] Level 1:colcon.colcon_core.environment:checking '/home/david/ros2_ws/install/parc_robot_description/lib/python3.10/site-packages'
[0.447s] Level 1:colcon.colcon_core.environment:checking '/home/david/ros2_ws/install/parc_robot_description/bin'
[0.447s] INFO:colcon.colcon_core.shell:Creating package script '/home/david/ros2_ws/install/parc_robot_description/share/parc_robot_description/package.ps1'
[0.447s] INFO:colcon.colcon_core.shell:Creating package descriptor '/home/david/ros2_ws/install/parc_robot_description/share/parc_robot_description/package.dsv'
[0.447s] INFO:colcon.colcon_core.shell:Creating package script '/home/david/ros2_ws/install/parc_robot_description/share/parc_robot_description/package.sh'
[0.447s] INFO:colcon.colcon_core.shell:Creating package script '/home/david/ros2_ws/install/parc_robot_description/share/parc_robot_description/package.bash'
[0.448s] INFO:colcon.colcon_core.shell:Creating package script '/home/david/ros2_ws/install/parc_robot_description/share/parc_robot_description/package.zsh'
[0.448s] Level 1:colcon.colcon_core.environment:create_file_with_runtime_dependencies(/home/david/ros2_ws/install/parc_robot_description/share/colcon-core/packages/parc_robot_description)
[0.460s] Level 1:colcon.colcon_core.environment:create_environment_scripts_only(parc_robot)
[0.460s] Level 1:colcon.colcon_core.environment:checking '/home/david/ros2_ws/install/parc_robot' for CMake module files
[0.460s] Level 1:colcon.colcon_core.environment:checking '/home/david/ros2_ws/install/parc_robot' for CMake config files
[0.460s] Level 1:colcon.colcon_core.shell:create_environment_hook('parc_robot', 'cmake_prefix_path')
[0.461s] INFO:colcon.colcon_core.shell:Creating environment hook '/home/david/ros2_ws/install/parc_robot/share/parc_robot/hook/cmake_prefix_path.ps1'
[0.461s] INFO:colcon.colcon_core.shell:Creating environment descriptor '/home/david/ros2_ws/install/parc_robot/share/parc_robot/hook/cmake_prefix_path.dsv'
[0.461s] INFO:colcon.colcon_core.shell:Creating environment hook '/home/david/ros2_ws/install/parc_robot/share/parc_robot/hook/cmake_prefix_path.sh'
[0.461s] Level 1:colcon.colcon_core.environment:checking '/home/david/ros2_ws/install/parc_robot/bin'
[0.461s] Level 1:colcon.colcon_core.environment:checking '/home/david/ros2_ws/install/parc_robot/lib/pkgconfig/parc_robot.pc'
[0.462s] Level 1:colcon.colcon_core.environment:checking '/home/david/ros2_ws/install/parc_robot/lib/python3.10/site-packages'
[0.462s] Level 1:colcon.colcon_core.environment:checking '/home/david/ros2_ws/install/parc_robot/bin'
[0.462s] INFO:colcon.colcon_core.shell:Creating package script '/home/david/ros2_ws/install/parc_robot/share/parc_robot/package.ps1'
[0.462s] INFO:colcon.colcon_core.shell:Creating package descriptor '/home/david/ros2_ws/install/parc_robot/share/parc_robot/package.dsv'
[0.462s] INFO:colcon.colcon_core.shell:Creating package script '/home/david/ros2_ws/install/parc_robot/share/parc_robot/package.sh'
[0.463s] INFO:colcon.colcon_core.shell:Creating package script '/home/david/ros2_ws/install/parc_robot/share/parc_robot/package.bash'
[0.463s] INFO:colcon.colcon_core.shell:Creating package script '/home/david/ros2_ws/install/parc_robot/share/parc_robot/package.zsh'
[0.463s] Level 1:colcon.colcon_core.environment:create_file_with_runtime_dependencies(/home/david/ros2_ws/install/parc_robot/share/colcon-core/packages/parc_robot)
[0.464s] Level 1:colcon.colcon_core.environment:create_environment_scripts_only(parc_robot_description)
[0.464s] Level 1:colcon.colcon_core.environment:checking '/home/david/ros2_ws/install/parc_robot_description' for CMake module files
[0.464s] Level 1:colcon.colcon_core.environment:checking '/home/david/ros2_ws/install/parc_robot_description' for CMake config files
[0.464s] Level 1:colcon.colcon_core.shell:create_environment_hook('parc_robot_description', 'cmake_prefix_path')
[0.464s] INFO:colcon.colcon_core.shell:Creating environment hook '/home/david/ros2_ws/install/parc_robot_description/share/parc_robot_description/hook/cmake_prefix_path.ps1'
[0.465s] INFO:colcon.colcon_core.shell:Creating environment descriptor '/home/david/ros2_ws/install/parc_robot_description/share/parc_robot_description/hook/cmake_prefix_path.dsv'
[0.465s] INFO:colcon.colcon_core.shell:Creating environment hook '/home/david/ros2_ws/install/parc_robot_description/share/parc_robot_description/hook/cmake_prefix_path.sh'
[0.465s] Level 1:colcon.colcon_core.environment:checking '/home/david/ros2_ws/install/parc_robot_description/bin'
[0.465s] Level 1:colcon.colcon_core.environment:checking '/home/david/ros2_ws/install/parc_robot_description/lib/pkgconfig/parc_robot_description.pc'
[0.465s] Level 1:colcon.colcon_core.environment:checking '/home/david/ros2_ws/install/parc_robot_description/lib/python3.10/site-packages'
[0.465s] Level 1:colcon.colcon_core.environment:checking '/home/david/ros2_ws/install/parc_robot_description/bin'
[0.466s] INFO:colcon.colcon_core.shell:Creating package script '/home/david/ros2_ws/install/parc_robot_description/share/parc_robot_description/package.ps1'
[0.466s] INFO:colcon.colcon_core.shell:Creating package descriptor '/home/david/ros2_ws/install/parc_robot_description/share/parc_robot_description/package.dsv'
[0.466s] INFO:colcon.colcon_core.shell:Creating package script '/home/david/ros2_ws/install/parc_robot_description/share/parc_robot_description/package.sh'
[0.466s] INFO:colcon.colcon_core.shell:Creating package script '/home/david/ros2_ws/install/parc_robot_description/share/parc_robot_description/package.bash'
[0.466s] INFO:colcon.colcon_core.shell:Creating package script '/home/david/ros2_ws/install/parc_robot_description/share/parc_robot_description/package.zsh'
[0.467s] Level 1:colcon.colcon_core.environment:create_file_with_runtime_dependencies(/home/david/ros2_ws/install/parc_robot_description/share/colcon-core/packages/parc_robot_description)
[0.528s] DEBUG:colcon.colcon_core.event_handler.log_command:Invoked command in '/home/david/ros2_ws/build/parc_robot_interfaces' returned '0': CMAKE_PREFIX_PATH=${CMAKE_PREFIX_PATH}:/home/david/ros2_ws/install/test_publisher:/opt/ros/humble /usr/bin/cmake --build /home/david/ros2_ws/build/parc_robot_interfaces -- -j20 -l20
[0.569s] DEBUG:colcon.colcon_core.event_handler.log_command:Invoking command in '/home/david/ros2_ws/build/parc_robot_interfaces': CMAKE_PREFIX_PATH=${CMAKE_PREFIX_PATH}:/home/david/ros2_ws/install/test_publisher:/opt/ros/humble /usr/bin/cmake --install /home/david/ros2_ws/build/parc_robot_interfaces
[0.603s] Level 1:colcon.colcon_core.environment:create_environment_scripts_only(parc_robot_interfaces)
[0.604s] Level 1:colcon.colcon_core.environment:checking '/home/david/ros2_ws/install/parc_robot_interfaces' for CMake module files
[0.604s] DEBUG:colcon.colcon_core.event_handler.log_command:Invoked command in '/home/david/ros2_ws/build/parc_robot_interfaces' returned '0': CMAKE_PREFIX_PATH=${CMAKE_PREFIX_PATH}:/home/david/ros2_ws/install/test_publisher:/opt/ros/humble /usr/bin/cmake --install /home/david/ros2_ws/build/parc_robot_interfaces
[0.604s] Level 1:colcon.colcon_core.environment:checking '/home/david/ros2_ws/install/parc_robot_interfaces' for CMake config files
[0.604s] Level 1:colcon.colcon_core.shell:create_environment_hook('parc_robot_interfaces', 'cmake_prefix_path')
[0.604s] INFO:colcon.colcon_core.shell:Creating environment hook '/home/david/ros2_ws/install/parc_robot_interfaces/share/parc_robot_interfaces/hook/cmake_prefix_path.ps1'
[0.605s] INFO:colcon.colcon_core.shell:Creating environment descriptor '/home/david/ros2_ws/install/parc_robot_interfaces/share/parc_robot_interfaces/hook/cmake_prefix_path.dsv'
[0.605s] INFO:colcon.colcon_core.shell:Creating environment hook '/home/david/ros2_ws/install/parc_robot_interfaces/share/parc_robot_interfaces/hook/cmake_prefix_path.sh'
[0.605s] Level 1:colcon.colcon_core.environment:checking '/home/david/ros2_ws/install/parc_robot_interfaces/lib'
[0.605s] Level 1:colcon.colcon_core.shell:create_environment_hook('parc_robot_interfaces', 'ld_library_path_lib')
[0.605s] INFO:colcon.colcon_core.shell:Creating environment hook '/home/david/ros2_ws/install/parc_robot_interfaces/share/parc_robot_interfaces/hook/ld_library_path_lib.ps1'
[0.605s] INFO:colcon.colcon_core.shell:Creating environment descriptor '/home/david/ros2_ws/install/parc_robot_interfaces/share/parc_robot_interfaces/hook/ld_library_path_lib.dsv'
[0.606s] INFO:colcon.colcon_core.shell:Creating environment hook '/home/david/ros2_ws/install/parc_robot_interfaces/share/parc_robot_interfaces/hook/ld_library_path_lib.sh'
[0.606s] Level 1:colcon.colcon_core.environment:checking '/home/david/ros2_ws/install/parc_robot_interfaces/bin'
[0.606s] Level 1:colcon.colcon_core.environment:checking '/home/david/ros2_ws/install/parc_robot_interfaces/lib/pkgconfig/parc_robot_interfaces.pc'
[0.606s] Level 1:colcon.colcon_core.environment:checking '/home/david/ros2_ws/install/parc_robot_interfaces/lib/python3.10/site-packages'
[0.606s] Level 1:colcon.colcon_core.environment:checking '/home/david/ros2_ws/install/parc_robot_interfaces/bin'
[0.606s] INFO:colcon.colcon_core.shell:Creating package script '/home/david/ros2_ws/install/parc_robot_interfaces/share/parc_robot_interfaces/package.ps1'
[0.607s] INFO:colcon.colcon_core.shell:Creating package descriptor '/home/david/ros2_ws/install/parc_robot_interfaces/share/parc_robot_interfaces/package.dsv'
[0.607s] INFO:colcon.colcon_core.shell:Creating package script '/home/david/ros2_ws/install/parc_robot_interfaces/share/parc_robot_interfaces/package.sh'
[0.607s] INFO:colcon.colcon_core.shell:Creating package script '/home/david/ros2_ws/install/parc_robot_interfaces/share/parc_robot_interfaces/package.bash'
[0.607s] INFO:colcon.colcon_core.shell:Creating package script '/home/david/ros2_ws/install/parc_robot_interfaces/share/parc_robot_interfaces/package.zsh'
[0.607s] Level 1:colcon.colcon_core.environment:create_file_with_runtime_dependencies(/home/david/ros2_ws/install/parc_robot_interfaces/share/colcon-core/packages/parc_robot_interfaces)
[0.627s] DEBUG:colcon.colcon_core.event_handler.log_command:Invoking command in '/home/david/ros2_ws/src/test_publisher': PYTHONPATH=/home/david/ros2_ws/build/test_publisher/prefix_override:/usr/lib/python3/dist-packages/colcon_core/task/python/colcon_distutils_commands:/home/david/ros2_ws/install/test_publisher/lib/python3.10/site-packages:${PYTHONPATH} /usr/bin/python3 -W ignore:setup.py install is deprecated setup.py egg_info --egg-base ../../build/test_publisher build --build-base /home/david/ros2_ws/build/test_publisher/build install --record /home/david/ros2_ws/build/test_publisher/install.log --single-version-externally-managed install_data
[0.650s] Level 1:colcon.colcon_core.environment:create_environment_scripts_only(parc_robot_interfaces)
[0.651s] Level 1:colcon.colcon_core.environment:checking '/home/david/ros2_ws/install/parc_robot_interfaces' for CMake module files
[0.651s] Level 1:colcon.colcon_core.environment:checking '/home/david/ros2_ws/install/parc_robot_interfaces' for CMake config files
[0.651s] Level 1:colcon.colcon_core.shell:create_environment_hook('parc_robot_interfaces', 'cmake_prefix_path')
[0.651s] INFO:colcon.colcon_core.shell:Creating environment hook '/home/david/ros2_ws/install/parc_robot_interfaces/share/parc_robot_interfaces/hook/cmake_prefix_path.ps1'
[0.651s] INFO:colcon.colcon_core.shell:Creating environment descriptor '/home/david/ros2_ws/install/parc_robot_interfaces/share/parc_robot_interfaces/hook/cmake_prefix_path.dsv'
[0.652s] INFO:colcon.colcon_core.shell:Creating environment hook '/home/david/ros2_ws/install/parc_robot_interfaces/share/parc_robot_interfaces/hook/cmake_prefix_path.sh'
[0.652s] Level 1:colcon.colcon_core.environment:checking '/home/david/ros2_ws/install/parc_robot_interfaces/lib'
[0.652s] Level 1:colcon.colcon_core.shell:create_environment_hook('parc_robot_interfaces', 'ld_library_path_lib')
[0.652s] INFO:colcon.colcon_core.shell:Creating environment hook '/home/david/ros2_ws/install/parc_robot_interfaces/share/parc_robot_interfaces/hook/ld_library_path_lib.ps1'
[0.652s] INFO:colcon.colcon_core.shell:Creating environment descriptor '/home/david/ros2_ws/install/parc_robot_interfaces/share/parc_robot_interfaces/hook/ld_library_path_lib.dsv'
[0.653s] INFO:colcon.colcon_core.shell:Creating environment hook '/home/david/ros2_ws/install/parc_robot_interfaces/share/parc_robot_interfaces/hook/ld_library_path_lib.sh'
[0.653s] Level 1:colcon.colcon_core.environment:checking '/home/david/ros2_ws/install/parc_robot_interfaces/bin'
[0.653s] Level 1:colcon.colcon_core.environment:checking '/home/david/ros2_ws/install/parc_robot_interfaces/lib/pkgconfig/parc_robot_interfaces.pc'
[0.653s] Level 1:colcon.colcon_core.environment:checking '/home/david/ros2_ws/install/parc_robot_interfaces/lib/python3.10/site-packages'
[0.653s] Level 1:colcon.colcon_core.environment:checking '/home/david/ros2_ws/install/parc_robot_interfaces/bin'
[0.653s] INFO:colcon.colcon_core.shell:Creating package script '/home/david/ros2_ws/install/parc_robot_interfaces/share/parc_robot_interfaces/package.ps1'
[0.653s] INFO:colcon.colcon_core.shell:Creating package descriptor '/home/david/ros2_ws/install/parc_robot_interfaces/share/parc_robot_interfaces/package.dsv'
[0.654s] INFO:colcon.colcon_core.shell:Creating package script '/home/david/ros2_ws/install/parc_robot_interfaces/share/parc_robot_interfaces/package.sh'
[0.654s] INFO:colcon.colcon_core.shell:Creating package script '/home/david/ros2_ws/install/parc_robot_interfaces/share/parc_robot_interfaces/package.bash'
[0.654s] INFO:colcon.colcon_core.shell:Creating package script '/home/david/ros2_ws/install/parc_robot_interfaces/share/parc_robot_interfaces/package.zsh'
[0.654s] Level 1:colcon.colcon_core.environment:create_file_with_runtime_dependencies(/home/david/ros2_ws/install/parc_robot_interfaces/share/colcon-core/packages/parc_robot_interfaces)
[0.654s] INFO:colcon.colcon_ros.task.ament_cmake.build:Building ROS package in '/home/david/ros2_ws/src/parc_robot_bringup' with build type 'ament_cmake'
[0.654s] INFO:colcon.colcon_cmake.task.cmake.build:Building CMake package in '/home/david/ros2_ws/src/parc_robot_bringup'
[0.655s] INFO:colcon.colcon_core.shell:Skip shell extension 'powershell' for command environment: Not usable outside of PowerShell
[0.655s] DEBUG:colcon.colcon_core.shell:Skip shell extension 'dsv' for command environment
[0.661s] DEBUG:colcon.colcon_core.event_handler.log_command:Invoking command in '/home/david/ros2_ws/build/parc_robot_bringup': CMAKE_PREFIX_PATH=/home/david/ros2_ws/install/parc_robot_interfaces:/home/david/ros2_ws/install/parc_robot_description:/home/david/ros2_ws/install/parc_robot_bringup:/home/david/ros2_ws/install/parc_robot:/home/david/ros2_ws/install/test_publisher:/opt/ros/humble /usr/bin/cmake --build /home/david/ros2_ws/build/parc_robot_bringup -- -j20 -l20
[0.787s] Level 1:colcon.colcon_core.environment:checking '/home/david/ros2_ws/install/test_publisher' for CMake module files
[0.787s] DEBUG:colcon.colcon_core.event_handler.log_command:Invoked command in '/home/david/ros2_ws/src/test_publisher' returned '0': PYTHONPATH=/home/david/ros2_ws/build/test_publisher/prefix_override:/usr/lib/python3/dist-packages/colcon_core/task/python/colcon_distutils_commands:/home/david/ros2_ws/install/test_publisher/lib/python3.10/site-packages:${PYTHONPATH} /usr/bin/python3 -W ignore:setup.py install is deprecated setup.py egg_info --egg-base ../../build/test_publisher build --build-base /home/david/ros2_ws/build/test_publisher/build install --record /home/david/ros2_ws/build/test_publisher/install.log --single-version-externally-managed install_data
[0.788s] Level 1:colcon.colcon_core.environment:checking '/home/david/ros2_ws/install/test_publisher' for CMake config files
[0.788s] Level 1:colcon.colcon_core.environment:checking '/home/david/ros2_ws/install/test_publisher/lib'
[0.788s] Level 1:colcon.colcon_core.environment:checking '/home/david/ros2_ws/install/test_publisher/bin'
[0.788s] Level 1:colcon.colcon_core.environment:checking '/home/david/ros2_ws/install/test_publisher/lib/pkgconfig/test_publisher.pc'
[0.788s] Level 1:colcon.colcon_core.environment:checking '/home/david/ros2_ws/install/test_publisher/lib/python3.10/site-packages'
[0.788s] Level 1:colcon.colcon_core.shell:create_environment_hook('test_publisher', 'pythonpath')
[0.789s] INFO:colcon.colcon_core.shell:Creating environment hook '/home/david/ros2_ws/install/test_publisher/share/test_publisher/hook/pythonpath.ps1'
[0.789s] INFO:colcon.colcon_core.shell:Creating environment descriptor '/home/david/ros2_ws/install/test_publisher/share/test_publisher/hook/pythonpath.dsv'
[0.789s] INFO:colcon.colcon_core.shell:Creating environment hook '/home/david/ros2_ws/install/test_publisher/share/test_publisher/hook/pythonpath.sh'
[0.790s] Level 1:colcon.colcon_core.environment:checking '/home/david/ros2_ws/install/test_publisher/bin'
[0.790s] Level 1:colcon.colcon_core.environment:create_environment_scripts_only(test_publisher)
[0.790s] INFO:colcon.colcon_core.shell:Creating package script '/home/david/ros2_ws/install/test_publisher/share/test_publisher/package.ps1'
[0.790s] INFO:colcon.colcon_core.shell:Creating package descriptor '/home/david/ros2_ws/install/test_publisher/share/test_publisher/package.dsv'
[0.791s] INFO:colcon.colcon_core.shell:Creating package script '/home/david/ros2_ws/install/test_publisher/share/test_publisher/package.sh'
[0.791s] INFO:colcon.colcon_core.shell:Creating package script '/home/david/ros2_ws/install/test_publisher/share/test_publisher/package.bash'
[0.791s] INFO:colcon.colcon_core.shell:Creating package script '/home/david/ros2_ws/install/test_publisher/share/test_publisher/package.zsh'
[0.792s] Level 1:colcon.colcon_core.environment:create_file_with_runtime_dependencies(/home/david/ros2_ws/install/test_publisher/share/colcon-core/packages/test_publisher)
[0.929s] DEBUG:colcon.colcon_core.event_handler.log_command:Invoked command in '/home/david/ros2_ws/build/parc_robot_bringup' returned '0': CMAKE_PREFIX_PATH=/home/david/ros2_ws/install/parc_robot_interfaces:/home/david/ros2_ws/install/parc_robot_description:/home/david/ros2_ws/install/parc_robot_bringup:/home/david/ros2_ws/install/parc_robot:/home/david/ros2_ws/install/test_publisher:/opt/ros/humble /usr/bin/cmake --build /home/david/ros2_ws/build/parc_robot_bringup -- -j20 -l20
[0.945s] DEBUG:colcon.colcon_core.event_handler.log_command:Invoking command in '/home/david/ros2_ws/build/parc_robot_bringup': CMAKE_PREFIX_PATH=/home/david/ros2_ws/install/parc_robot_interfaces:/home/david/ros2_ws/install/parc_robot_description:/home/david/ros2_ws/install/parc_robot_bringup:/home/david/ros2_ws/install/parc_robot:/home/david/ros2_ws/install/test_publisher:/opt/ros/humble /usr/bin/cmake --install /home/david/ros2_ws/build/parc_robot_bringup
[0.983s] Level 1:colcon.colcon_core.environment:create_environment_scripts_only(parc_robot_bringup)
[0.983s] Level 1:colcon.colcon_core.environment:checking '/home/david/ros2_ws/install/parc_robot_bringup' for CMake module files
[0.983s] DEBUG:colcon.colcon_core.event_handler.log_command:Invoked command in '/home/david/ros2_ws/build/parc_robot_bringup' returned '0': CMAKE_PREFIX_PATH=/home/david/ros2_ws/install/parc_robot_interfaces:/home/david/ros2_ws/install/parc_robot_description:/home/david/ros2_ws/install/parc_robot_bringup:/home/david/ros2_ws/install/parc_robot:/home/david/ros2_ws/install/test_publisher:/opt/ros/humble /usr/bin/cmake --install /home/david/ros2_ws/build/parc_robot_bringup
[0.984s] Level 1:colcon.colcon_core.environment:checking '/home/david/ros2_ws/install/parc_robot_bringup' for CMake config files
[0.984s] Level 1:colcon.colcon_core.shell:create_environment_hook('parc_robot_bringup', 'cmake_prefix_path')
[0.984s] INFO:colcon.colcon_core.shell:Creating environment hook '/home/david/ros2_ws/install/parc_robot_bringup/share/parc_robot_bringup/hook/cmake_prefix_path.ps1'
[0.985s] INFO:colcon.colcon_core.shell:Creating environment descriptor '/home/david/ros2_ws/install/parc_robot_bringup/share/parc_robot_bringup/hook/cmake_prefix_path.dsv'
[0.985s] INFO:colcon.colcon_core.shell:Creating environment hook '/home/david/ros2_ws/install/parc_robot_bringup/share/parc_robot_bringup/hook/cmake_prefix_path.sh'
[0.985s] Level 1:colcon.colcon_core.environment:checking '/home/david/ros2_ws/install/parc_robot_bringup/lib'
[0.985s] Level 1:colcon.colcon_core.environment:checking '/home/david/ros2_ws/install/parc_robot_bringup/bin'
[0.985s] Level 1:colcon.colcon_core.environment:checking '/home/david/ros2_ws/install/parc_robot_bringup/lib/pkgconfig/parc_robot_bringup.pc'
[0.986s] Level 1:colcon.colcon_core.environment:checking '/home/david/ros2_ws/install/parc_robot_bringup/lib/python3.10/site-packages'
[0.986s] Level 1:colcon.colcon_core.environment:checking '/home/david/ros2_ws/install/parc_robot_bringup/bin'
[0.986s] INFO:colcon.colcon_core.shell:Creating package script '/home/david/ros2_ws/install/parc_robot_bringup/share/parc_robot_bringup/package.ps1'
[0.986s] INFO:colcon.colcon_core.shell:Creating package descriptor '/home/david/ros2_ws/install/parc_robot_bringup/share/parc_robot_bringup/package.dsv'
[0.987s] INFO:colcon.colcon_core.shell:Creating package script '/home/david/ros2_ws/install/parc_robot_bringup/share/parc_robot_bringup/package.sh'
[0.987s] INFO:colcon.colcon_core.shell:Creating package script '/home/david/ros2_ws/install/parc_robot_bringup/share/parc_robot_bringup/package.bash'
[0.987s] INFO:colcon.colcon_core.shell:Creating package script '/home/david/ros2_ws/install/parc_robot_bringup/share/parc_robot_bringup/package.zsh'
[0.988s] Level 1:colcon.colcon_core.environment:create_file_with_runtime_dependencies(/home/david/ros2_ws/install/parc_robot_bringup/share/colcon-core/packages/parc_robot_bringup)
[1.005s] Level 1:colcon.colcon_core.environment:create_environment_scripts_only(parc_robot_bringup)
[1.005s] Level 1:colcon.colcon_core.environment:checking '/home/david/ros2_ws/install/parc_robot_bringup' for CMake module files
[1.005s] Level 1:colcon.colcon_core.environment:checking '/home/david/ros2_ws/install/parc_robot_bringup' for CMake config files
[1.005s] Level 1:colcon.colcon_core.shell:create_environment_hook('parc_robot_bringup', 'cmake_prefix_path')
[1.005s] INFO:colcon.colcon_core.shell:Creating environment hook '/home/david/ros2_ws/install/parc_robot_bringup/share/parc_robot_bringup/hook/cmake_prefix_path.ps1'
[1.005s] INFO:colcon.colcon_core.shell:Creating environment descriptor '/home/david/ros2_ws/install/parc_robot_bringup/share/parc_robot_bringup/hook/cmake_prefix_path.dsv'
[1.006s] INFO:colcon.colcon_core.shell:Creating environment hook '/home/david/ros2_ws/install/parc_robot_bringup/share/parc_robot_bringup/hook/cmake_prefix_path.sh'
[1.006s] Level 1:colcon.colcon_core.environment:checking '/home/david/ros2_ws/install/parc_robot_bringup/lib'
[1.006s] Level 1:colcon.colcon_core.environment:checking '/home/david/ros2_ws/install/parc_robot_bringup/bin'
[1.006s] Level 1:colcon.colcon_core.environment:checking '/home/david/ros2_ws/install/parc_robot_bringup/lib/pkgconfig/parc_robot_bringup.pc'
[1.006s] Level 1:colcon.colcon_core.environment:checking '/home/david/ros2_ws/install/parc_robot_bringup/lib/python3.10/site-packages'
[1.006s] Level 1:colcon.colcon_core.environment:checking '/home/david/ros2_ws/install/parc_robot_bringup/bin'
[1.006s] INFO:colcon.colcon_core.shell:Creating package script '/home/david/ros2_ws/install/parc_robot_bringup/share/parc_robot_bringup/package.ps1'
[1.007s] INFO:colcon.colcon_core.shell:Creating package descriptor '/home/david/ros2_ws/install/parc_robot_bringup/share/parc_robot_bringup/package.dsv'
[1.007s] INFO:colcon.colcon_core.shell:Creating package script '/home/david/ros2_ws/install/parc_robot_bringup/share/parc_robot_bringup/package.sh'
[1.007s] INFO:colcon.colcon_core.shell:Creating package script '/home/david/ros2_ws/install/parc_robot_bringup/share/parc_robot_bringup/package.bash'
[1.007s] INFO:colcon.colcon_core.shell:Creating package script '/home/david/ros2_ws/install/parc_robot_bringup/share/parc_robot_bringup/package.zsh'
[1.007s] Level 1:colcon.colcon_core.environment:create_file_with_runtime_dependencies(/home/david/ros2_ws/install/parc_robot_bringup/share/colcon-core/packages/parc_robot_bringup)
[1.007s] DEBUG:colcon.colcon_parallel_executor.executor.parallel:closing loop
[1.008s] DEBUG:colcon.colcon_parallel_executor.executor.parallel:loop closed
[1.008s] DEBUG:colcon.colcon_parallel_executor.executor.parallel:run_until_complete finished with '0'
[1.008s] DEBUG:colcon.colcon_core.event_reactor:joining thread
[1.011s] INFO:colcon.colcon_core.plugin_system:Skipping extension 'colcon_notification.desktop_notification.terminal_notifier': Not used on non-Darwin systems
[1.011s] INFO:colcon.colcon_core.plugin_system:Skipping extension 'colcon_notification.desktop_notification.win32': Not used on non-Windows systems
[1.011s] INFO:colcon.colcon_notification.desktop_notification:Sending desktop notification using 'notify2'
[1.018s] DEBUG:colcon.colcon_core.event_reactor:joined thread
[1.019s] INFO:colcon.colcon_core.shell:Creating prefix script '/home/david/ros2_ws/install/local_setup.ps1'
[1.019s] INFO:colcon.colcon_core.shell:Creating prefix util module '/home/david/ros2_ws/install/_local_setup_util_ps1.py'
[1.020s] INFO:colcon.colcon_core.shell:Creating prefix chain script '/home/david/ros2_ws/install/setup.ps1'
[1.021s] INFO:colcon.colcon_core.shell:Creating prefix script '/home/david/ros2_ws/install/local_setup.sh'
[1.021s] INFO:colcon.colcon_core.shell:Creating prefix util module '/home/david/ros2_ws/install/_local_setup_util_sh.py'
[1.021s] INFO:colcon.colcon_core.shell:Creating prefix chain script '/home/david/ros2_ws/install/setup.sh'
[1.022s] INFO:colcon.colcon_core.shell:Creating prefix script '/home/david/ros2_ws/install/local_setup.bash'
[1.022s] INFO:colcon.colcon_core.shell:Creating prefix chain script '/home/david/ros2_ws/install/setup.bash'
[1.022s] INFO:colcon.colcon_core.shell:Creating prefix script '/home/david/ros2_ws/install/local_setup.zsh'
[1.023s] INFO:colcon.colcon_core.shell:Creating prefix chain script '/home/david/ros2_ws/install/setup.zsh'
