[0.038s] Invoking command in '/home/david/ros2_ws/build/parc_robot': CMAKE_PREFIX_PATH=${CMAKE_PREFIX_PATH}:/home/david/ros2_ws/install/test_publisher:/opt/ros/humble /usr/bin/cmake --build /home/david/ros2_ws/build/parc_robot -- -j20 -l20
[0.202s] Invoked command in '/home/david/ros2_ws/build/parc_robot' returned '0': CMAKE_PREFIX_PATH=${CMAKE_PREFIX_PATH}:/home/david/ros2_ws/install/test_publisher:/opt/ros/humble /usr/bin/cmake --build /home/david/ros2_ws/build/parc_robot -- -j20 -l20
[0.223s] Invoking command in '/home/david/ros2_ws/build/parc_robot': CMAKE_PREFIX_PATH=${CMAKE_PREFIX_PATH}:/home/david/ros2_ws/install/test_publisher:/opt/ros/humble /usr/bin/cmake --install /home/david/ros2_ws/build/parc_robot
[0.229s] -- Install configuration: ""
[0.229s] -- Up-to-date: /home/david/ros2_ws/install/parc_robot/share/ament_index/resource_index/package_run_dependencies/parc_robot
[0.229s] -- Up-to-date: /home/david/ros2_ws/install/parc_robot/share/ament_index/resource_index/parent_prefix_path/parc_robot
[0.229s] -- Up-to-date: /home/david/ros2_ws/install/parc_robot/share/parc_robot/environment/ament_prefix_path.sh
[0.229s] -- Up-to-date: /home/david/ros2_ws/install/parc_robot/share/parc_robot/environment/ament_prefix_path.dsv
[0.229s] -- Up-to-date: /home/david/ros2_ws/install/parc_robot/share/parc_robot/environment/path.sh
[0.229s] -- Up-to-date: /home/david/ros2_ws/install/parc_robot/share/parc_robot/environment/path.dsv
[0.229s] -- Up-to-date: /home/david/ros2_ws/install/parc_robot/share/parc_robot/local_setup.bash
[0.229s] -- Up-to-date: /home/david/ros2_ws/install/parc_robot/share/parc_robot/local_setup.sh
[0.229s] -- Up-to-date: /home/david/ros2_ws/install/parc_robot/share/parc_robot/local_setup.zsh
[0.229s] -- Up-to-date: /home/david/ros2_ws/install/parc_robot/share/parc_robot/local_setup.dsv
[0.229s] -- Installing: /home/david/ros2_ws/install/parc_robot/share/parc_robot/package.dsv
[0.229s] -- Up-to-date: /home/david/ros2_ws/install/parc_robot/share/ament_index/resource_index/packages/parc_robot
[0.229s] -- Up-to-date: /home/david/ros2_ws/install/parc_robot/share/parc_robot/cmake/parc_robotConfig.cmake
[0.229s] -- Up-to-date: /home/david/ros2_ws/install/parc_robot/share/parc_robot/cmake/parc_robotConfig-version.cmake
[0.229s] -- Up-to-date: /home/david/ros2_ws/install/parc_robot/share/parc_robot/package.xml
[0.230s] Invoked command in '/home/david/ros2_ws/build/parc_robot' returned '0': CMAKE_PREFIX_PATH=${CMAKE_PREFIX_PATH}:/home/david/ros2_ws/install/test_publisher:/opt/ros/humble /usr/bin/cmake --install /home/david/ros2_ws/build/parc_robot
