[  3%] Built target parc_robot_interfaces__cpp
[ 12%] Built target parc_robot_interfaces__rosidl_generator_c
[ 12%] Built target ament_cmake_python_copy_parc_robot_interfaces
[ 22%] Built target parc_robot_interfaces__rosidl_typesupport_c
[ 32%] Built target parc_robot_interfaces__rosidl_typesupport_introspection_cpp
[ 41%] Built target parc_robot_interfaces__rosidl_typesupport_introspection_c
[ 51%] Built target parc_robot_interfaces__rosidl_typesupport_fastrtps_c
[ 61%] Built target parc_robot_interfaces__rosidl_typesupport_cpp
[ 70%] Built target parc_robot_interfaces__rosidl_typesupport_fastrtps_cpp
[ 70%] Built target parc_robot_interfaces
[ 74%] Built target parc_robot_interfaces__py
[ 80%] Built target parc_robot_interfaces__rosidl_generator_py
[ 87%] Built target parc_robot_interfaces__rosidl_typesupport_c__pyext
[ 93%] Built target parc_robot_interfaces__rosidl_typesupport_introspection_c__pyext
[100%] Built target parc_robot_interfaces__rosidl_typesupport_fastrtps_c__pyext
running egg_info
writing parc_robot_interfaces.egg-info/PKG-INFO
writing dependency_links to parc_robot_interfaces.egg-info/dependency_links.txt
writing top-level names to parc_robot_interfaces.egg-info/top_level.txt
reading manifest file 'parc_robot_interfaces.egg-info/SOURCES.txt'
writing manifest file 'parc_robot_interfaces.egg-info/SOURCES.txt'
[100%] Built target ament_cmake_python_build_parc_robot_interfaces_egg
