[0.037s] Invoking command in '/home/david/ros2_ws/build/parc_robot_interfaces': CMAKE_PREFIX_PATH=${CMAKE_PREFIX_PATH}:/home/david/ros2_ws/install/test_publisher:/opt/ros/humble /usr/bin/cmake --build /home/david/ros2_ws/build/parc_robot_interfaces -- -j20 -l20
[0.071s] [  3%] Built target parc_robot_interfaces__cpp
[0.073s] [ 12%] Built target parc_robot_interfaces__rosidl_generator_c
[0.075s] [ 12%] Built target ament_cmake_python_copy_parc_robot_interfaces
[0.085s] [ 22%] Built target parc_robot_interfaces__rosidl_typesupport_c
[0.085s] [ 32%] Built target parc_robot_interfaces__rosidl_typesupport_introspection_cpp
[0.086s] [ 41%] Built target parc_robot_interfaces__rosidl_typesupport_introspection_c
[0.088s] [ 51%] Built target parc_robot_interfaces__rosidl_typesupport_fastrtps_c
[0.088s] [ 61%] Built target parc_robot_interfaces__rosidl_typesupport_cpp
[0.088s] [ 70%] Built target parc_robot_interfaces__rosidl_typesupport_fastrtps_cpp
[0.102s] [ 70%] Built target parc_robot_interfaces
[0.116s] [ 74%] Built target parc_robot_interfaces__py
[0.132s] [ 80%] Built target parc_robot_interfaces__rosidl_generator_py
[0.149s] [ 87%] Built target parc_robot_interfaces__rosidl_typesupport_c__pyext
[0.150s] [ 93%] Built target parc_robot_interfaces__rosidl_typesupport_introspection_c__pyext
[0.150s] [100%] Built target parc_robot_interfaces__rosidl_typesupport_fastrtps_c__pyext
[0.227s] running egg_info
[0.241s] writing parc_robot_interfaces.egg-info/PKG-INFO
[0.241s] writing dependency_links to parc_robot_interfaces.egg-info/dependency_links.txt
[0.242s] writing top-level names to parc_robot_interfaces.egg-info/top_level.txt
[0.278s] reading manifest file 'parc_robot_interfaces.egg-info/SOURCES.txt'
[0.278s] writing manifest file 'parc_robot_interfaces.egg-info/SOURCES.txt'
[0.296s] [100%] Built target ament_cmake_python_build_parc_robot_interfaces_egg
