-- The C compiler identification is GNU 11.4.0
-- The CXX compiler identification is GNU 11.4.0
-- Detecting C compiler ABI info
-- Detecting C compiler ABI info - done
-- Check for working C compiler: /usr/bin/cc - skipped
-- Detecting C compile features
-- Detecting C compile features - done
-- Detecting CXX compiler ABI info
-- Detecting CXX compiler ABI info - done
-- Check for working CXX compiler: /usr/bin/c++ - skipped
-- Detecting CXX compile features
-- Detecting CXX compile features - done
-- Found ament_cmake: 1.3.10 (/opt/ros/humble/share/ament_cmake/cmake)
-- Found Python3: /home/david/anaconda3/bin/python3 (found version "3.12.4") found components: Interpreter 
-- Found rosidl_default_generators: 1.2.0 (/opt/ros/humble/share/rosidl_default_generators/cmake)
-- Using all available rosidl_typesupport_c: rosidl_typesupport_fastrtps_c;rosidl_typesupport_introspection_c
-- Found rosidl_adapter: 3.1.5 (/opt/ros/humble/share/rosidl_adapter/cmake)
-- Using all available rosidl_typesupport_cpp: rosidl_typesupport_fastrtps_cpp;rosidl_typesupport_introspection_cpp
-- Found std_msgs: 4.2.4 (/opt/ros/humble/share/std_msgs/cmake)
-- Found ament_cmake_ros: 0.10.0 (/opt/ros/humble/share/ament_cmake_ros/cmake)
-- Using all available rosidl_typesupport_c: rosidl_typesupport_fastrtps_c;rosidl_typesupport_introspection_c
-- Using all available rosidl_typesupport_cpp: rosidl_typesupport_fastrtps_cpp;rosidl_typesupport_introspection_cpp
-- Found PythonInterp: /home/david/anaconda3/bin/python3 (found suitable version "3.12.4", minimum required is "3.6") 
-- Found python_cmake_module: 0.10.0 (/opt/ros/humble/share/python_cmake_module/cmake)
-- Found PythonLibs: /home/david/anaconda3/lib/libpython3.12.so (found suitable version "3.12.4", minimum required is "3.5") 
-- Using PYTHON_EXECUTABLE: /home/david/anaconda3/bin/python3
-- Using PYTHON_INCLUDE_DIRS: /home/david/anaconda3/include/python3.12
-- Using PYTHON_LIBRARIES: /home/david/anaconda3/lib/libpython3.12.so
-- Found PythonExtra: .so  
-- Using numpy include directory: /home/david/anaconda3/lib/python3.12/site-packages/numpy/core/include
-- Configuring done
-- Generating done
-- Build files have been written to: /home/david/ros2_ws/build/parc_robot_interfaces
[  3%] [34m[1mGenerating C code for ROS interfaces[0m
[  6%] [34m[1mGenerating C++ code for ROS interfaces[0m
[  6%] Built target ament_cmake_python_copy_parc_robot_interfaces
[  9%] [32mBuilding C object CMakeFiles/parc_robot_interfaces__rosidl_generator_c.dir/rosidl_generator_c/parc_robot_interfaces/msg/detail/crop_yield__functions.c.o[0m
[  9%] Built target parc_robot_interfaces__cpp
[ 19%] [34m[1mGenerating C++ introspection for ROS interfaces[0m
[ 19%] [34m[1mGenerating C++ type support dispatch for ROS interfaces[0m
[ 19%] [34m[1mGenerating C++ type support for eProsima Fast-RTPS[0m
running egg_info
creating parc_robot_interfaces.egg-info
[ 22%] [32m[1mLinking C shared library libparc_robot_interfaces__rosidl_generator_c.so[0m
writing parc_robot_interfaces.egg-info/PKG-INFO
writing dependency_links to parc_robot_interfaces.egg-info/dependency_links.txt
writing top-level names to parc_robot_interfaces.egg-info/top_level.txt
writing manifest file 'parc_robot_interfaces.egg-info/SOURCES.txt'
[ 22%] Built target parc_robot_interfaces__rosidl_generator_c
[ 25%] [34m[1mGenerating C type support dispatch for ROS interfaces[0m
[ 29%] [34m[1mGenerating C type support for eProsima Fast-RTPS[0m
[ 32%] [34m[1mGenerating C introspection for ROS interfaces[0m
reading manifest file 'parc_robot_interfaces.egg-info/SOURCES.txt'
writing manifest file 'parc_robot_interfaces.egg-info/SOURCES.txt'
[ 32%] Built target ament_cmake_python_build_parc_robot_interfaces_egg
[ 35%] [32mBuilding CXX object CMakeFiles/parc_robot_interfaces__rosidl_typesupport_cpp.dir/rosidl_typesupport_cpp/parc_robot_interfaces/msg/crop_yield__type_support.cpp.o[0m
[ 38%] [32mBuilding CXX object CMakeFiles/parc_robot_interfaces__rosidl_typesupport_introspection_cpp.dir/rosidl_typesupport_introspection_cpp/parc_robot_interfaces/msg/detail/crop_yield__type_support.cpp.o[0m
[ 41%] [32mBuilding CXX object CMakeFiles/parc_robot_interfaces__rosidl_typesupport_fastrtps_cpp.dir/rosidl_typesupport_fastrtps_cpp/parc_robot_interfaces/msg/detail/dds_fastrtps/crop_yield__type_support.cpp.o[0m
[ 45%] [32mBuilding CXX object CMakeFiles/parc_robot_interfaces__rosidl_typesupport_c.dir/rosidl_typesupport_c/parc_robot_interfaces/msg/crop_yield__type_support.cpp.o[0m
[ 48%] [32mBuilding C object CMakeFiles/parc_robot_interfaces__rosidl_typesupport_introspection_c.dir/rosidl_typesupport_introspection_c/parc_robot_interfaces/msg/detail/crop_yield__type_support.c.o[0m
[ 51%] [32mBuilding CXX object CMakeFiles/parc_robot_interfaces__rosidl_typesupport_fastrtps_c.dir/rosidl_typesupport_fastrtps_c/parc_robot_interfaces/msg/detail/crop_yield__type_support_c.cpp.o[0m
[ 54%] [32m[1mLinking CXX shared library libparc_robot_interfaces__rosidl_typesupport_c.so[0m
[ 58%] [32m[1mLinking C shared library libparc_robot_interfaces__rosidl_typesupport_introspection_c.so[0m
[ 58%] Built target parc_robot_interfaces__rosidl_typesupport_c
[ 58%] Built target parc_robot_interfaces__rosidl_typesupport_introspection_c
[ 61%] [32m[1mLinking CXX shared library libparc_robot_interfaces__rosidl_typesupport_cpp.so[0m
[ 61%] Built target parc_robot_interfaces__rosidl_typesupport_cpp
[ 64%] [32m[1mLinking CXX shared library libparc_robot_interfaces__rosidl_typesupport_introspection_cpp.so[0m
[ 67%] [32m[1mLinking CXX shared library libparc_robot_interfaces__rosidl_typesupport_fastrtps_cpp.so[0m
[ 70%] [32m[1mLinking CXX shared library libparc_robot_interfaces__rosidl_typesupport_fastrtps_c.so[0m
[ 70%] Built target parc_robot_interfaces__rosidl_typesupport_introspection_cpp
[ 70%] Built target parc_robot_interfaces__rosidl_typesupport_fastrtps_cpp
[ 70%] Built target parc_robot_interfaces__rosidl_typesupport_fastrtps_c
[ 70%] Built target parc_robot_interfaces
[ 74%] [34m[1mGenerating Python code for ROS interfaces[0m
[ 74%] Built target parc_robot_interfaces__py
[ 77%] [32mBuilding C object CMakeFiles/parc_robot_interfaces__rosidl_generator_py.dir/rosidl_generator_py/parc_robot_interfaces/msg/_crop_yield_s.c.o[0m
[ 80%] [32m[1mLinking C shared library rosidl_generator_py/parc_robot_interfaces/libparc_robot_interfaces__rosidl_generator_py.so[0m
[ 80%] Built target parc_robot_interfaces__rosidl_generator_py
[ 83%] [32mBuilding C object CMakeFiles/parc_robot_interfaces__rosidl_typesupport_introspection_c__pyext.dir/rosidl_generator_py/parc_robot_interfaces/_parc_robot_interfaces_s.ep.rosidl_typesupport_introspection_c.c.o[0m
[ 87%] [32mBuilding C object CMakeFiles/parc_robot_interfaces__rosidl_typesupport_fastrtps_c__pyext.dir/rosidl_generator_py/parc_robot_interfaces/_parc_robot_interfaces_s.ep.rosidl_typesupport_fastrtps_c.c.o[0m
[ 90%] [32mBuilding C object CMakeFiles/parc_robot_interfaces__rosidl_typesupport_c__pyext.dir/rosidl_generator_py/parc_robot_interfaces/_parc_robot_interfaces_s.ep.rosidl_typesupport_c.c.o[0m
[ 93%] [32m[1mLinking C shared library rosidl_generator_py/parc_robot_interfaces/parc_robot_interfaces_s__rosidl_typesupport_introspection_c.cpython-312-x86_64-linux-gnu.so[0m
[ 96%] [32m[1mLinking C shared library rosidl_generator_py/parc_robot_interfaces/parc_robot_interfaces_s__rosidl_typesupport_c.cpython-312-x86_64-linux-gnu.so[0m
[100%] [32m[1mLinking C shared library rosidl_generator_py/parc_robot_interfaces/parc_robot_interfaces_s__rosidl_typesupport_fastrtps_c.cpython-312-x86_64-linux-gnu.so[0m
[100%] Built target parc_robot_interfaces__rosidl_typesupport_fastrtps_c__pyext
[100%] Built target parc_robot_interfaces__rosidl_typesupport_introspection_c__pyext
[100%] Built target parc_robot_interfaces__rosidl_typesupport_c__pyext
-- Install configuration: ""
-- Installing: /home/david/ros2_ws/install/parc_robot_interfaces/share/ament_index/resource_index/rosidl_interfaces/parc_robot_interfaces
-- Installing: /home/david/ros2_ws/install/parc_robot_interfaces/include/parc_robot_interfaces/parc_robot_interfaces
-- Installing: /home/david/ros2_ws/install/parc_robot_interfaces/include/parc_robot_interfaces/parc_robot_interfaces/msg
-- Installing: /home/david/ros2_ws/install/parc_robot_interfaces/include/parc_robot_interfaces/parc_robot_interfaces/msg/detail
-- Installing: /home/david/ros2_ws/install/parc_robot_interfaces/include/parc_robot_interfaces/parc_robot_interfaces/msg/detail/crop_yield__type_support.h
-- Installing: /home/david/ros2_ws/install/parc_robot_interfaces/include/parc_robot_interfaces/parc_robot_interfaces/msg/detail/crop_yield__functions.h
-- Installing: /home/david/ros2_ws/install/parc_robot_interfaces/include/parc_robot_interfaces/parc_robot_interfaces/msg/detail/crop_yield__struct.h
-- Installing: /home/david/ros2_ws/install/parc_robot_interfaces/include/parc_robot_interfaces/parc_robot_interfaces/msg/detail/crop_yield__functions.c
-- Installing: /home/david/ros2_ws/install/parc_robot_interfaces/include/parc_robot_interfaces/parc_robot_interfaces/msg/crop_yield.h
-- Installing: /home/david/ros2_ws/install/parc_robot_interfaces/include/parc_robot_interfaces/parc_robot_interfaces/msg/rosidl_generator_c__visibility_control.h
-- Installing: /home/david/ros2_ws/install/parc_robot_interfaces/share/parc_robot_interfaces/environment/library_path.sh
-- Installing: /home/david/ros2_ws/install/parc_robot_interfaces/share/parc_robot_interfaces/environment/library_path.dsv
-- Installing: /home/david/ros2_ws/install/parc_robot_interfaces/lib/libparc_robot_interfaces__rosidl_generator_c.so
-- Set runtime path of "/home/david/ros2_ws/install/parc_robot_interfaces/lib/libparc_robot_interfaces__rosidl_generator_c.so" to ""
-- Up-to-date: /home/david/ros2_ws/install/parc_robot_interfaces/include/parc_robot_interfaces/parc_robot_interfaces
-- Up-to-date: /home/david/ros2_ws/install/parc_robot_interfaces/include/parc_robot_interfaces/parc_robot_interfaces/msg
-- Installing: /home/david/ros2_ws/install/parc_robot_interfaces/include/parc_robot_interfaces/parc_robot_interfaces/msg/rosidl_typesupport_fastrtps_c__visibility_control.h
-- Up-to-date: /home/david/ros2_ws/install/parc_robot_interfaces/include/parc_robot_interfaces/parc_robot_interfaces/msg/detail
-- Installing: /home/david/ros2_ws/install/parc_robot_interfaces/include/parc_robot_interfaces/parc_robot_interfaces/msg/detail/crop_yield__rosidl_typesupport_fastrtps_c.h
-- Installing: /home/david/ros2_ws/install/parc_robot_interfaces/lib/libparc_robot_interfaces__rosidl_typesupport_fastrtps_c.so
-- Set runtime path of "/home/david/ros2_ws/install/parc_robot_interfaces/lib/libparc_robot_interfaces__rosidl_typesupport_fastrtps_c.so" to ""
-- Up-to-date: /home/david/ros2_ws/install/parc_robot_interfaces/include/parc_robot_interfaces/parc_robot_interfaces
-- Up-to-date: /home/david/ros2_ws/install/parc_robot_interfaces/include/parc_robot_interfaces/parc_robot_interfaces/msg
-- Up-to-date: /home/david/ros2_ws/install/parc_robot_interfaces/include/parc_robot_interfaces/parc_robot_interfaces/msg/detail
-- Installing: /home/david/ros2_ws/install/parc_robot_interfaces/include/parc_robot_interfaces/parc_robot_interfaces/msg/detail/crop_yield__rosidl_typesupport_introspection_c.h
-- Installing: /home/david/ros2_ws/install/parc_robot_interfaces/include/parc_robot_interfaces/parc_robot_interfaces/msg/detail/crop_yield__type_support.c
-- Installing: /home/david/ros2_ws/install/parc_robot_interfaces/include/parc_robot_interfaces/parc_robot_interfaces/msg/rosidl_typesupport_introspection_c__visibility_control.h
-- Installing: /home/david/ros2_ws/install/parc_robot_interfaces/lib/libparc_robot_interfaces__rosidl_typesupport_introspection_c.so
-- Set runtime path of "/home/david/ros2_ws/install/parc_robot_interfaces/lib/libparc_robot_interfaces__rosidl_typesupport_introspection_c.so" to ""
-- Installing: /home/david/ros2_ws/install/parc_robot_interfaces/lib/libparc_robot_interfaces__rosidl_typesupport_c.so
-- Set runtime path of "/home/david/ros2_ws/install/parc_robot_interfaces/lib/libparc_robot_interfaces__rosidl_typesupport_c.so" to ""
-- Up-to-date: /home/david/ros2_ws/install/parc_robot_interfaces/include/parc_robot_interfaces/parc_robot_interfaces
-- Up-to-date: /home/david/ros2_ws/install/parc_robot_interfaces/include/parc_robot_interfaces/parc_robot_interfaces/msg
-- Up-to-date: /home/david/ros2_ws/install/parc_robot_interfaces/include/parc_robot_interfaces/parc_robot_interfaces/msg/detail
-- Installing: /home/david/ros2_ws/install/parc_robot_interfaces/include/parc_robot_interfaces/parc_robot_interfaces/msg/detail/crop_yield__builder.hpp
-- Installing: /home/david/ros2_ws/install/parc_robot_interfaces/include/parc_robot_interfaces/parc_robot_interfaces/msg/detail/crop_yield__traits.hpp
-- Installing: /home/david/ros2_ws/install/parc_robot_interfaces/include/parc_robot_interfaces/parc_robot_interfaces/msg/detail/crop_yield__struct.hpp
-- Installing: /home/david/ros2_ws/install/parc_robot_interfaces/include/parc_robot_interfaces/parc_robot_interfaces/msg/crop_yield.hpp
-- Up-to-date: /home/david/ros2_ws/install/parc_robot_interfaces/include/parc_robot_interfaces/parc_robot_interfaces
-- Up-to-date: /home/david/ros2_ws/install/parc_robot_interfaces/include/parc_robot_interfaces/parc_robot_interfaces/msg
-- Installing: /home/david/ros2_ws/install/parc_robot_interfaces/include/parc_robot_interfaces/parc_robot_interfaces/msg/rosidl_typesupport_fastrtps_cpp__visibility_control.h
-- Up-to-date: /home/david/ros2_ws/install/parc_robot_interfaces/include/parc_robot_interfaces/parc_robot_interfaces/msg/detail
-- Installing: /home/david/ros2_ws/install/parc_robot_interfaces/include/parc_robot_interfaces/parc_robot_interfaces/msg/detail/dds_fastrtps
-- Installing: /home/david/ros2_ws/install/parc_robot_interfaces/include/parc_robot_interfaces/parc_robot_interfaces/msg/detail/crop_yield__rosidl_typesupport_fastrtps_cpp.hpp
-- Installing: /home/david/ros2_ws/install/parc_robot_interfaces/lib/libparc_robot_interfaces__rosidl_typesupport_fastrtps_cpp.so
-- Set runtime path of "/home/david/ros2_ws/install/parc_robot_interfaces/lib/libparc_robot_interfaces__rosidl_typesupport_fastrtps_cpp.so" to ""
-- Up-to-date: /home/david/ros2_ws/install/parc_robot_interfaces/include/parc_robot_interfaces/parc_robot_interfaces
-- Up-to-date: /home/david/ros2_ws/install/parc_robot_interfaces/include/parc_robot_interfaces/parc_robot_interfaces/msg
-- Up-to-date: /home/david/ros2_ws/install/parc_robot_interfaces/include/parc_robot_interfaces/parc_robot_interfaces/msg/detail
-- Installing: /home/david/ros2_ws/install/parc_robot_interfaces/include/parc_robot_interfaces/parc_robot_interfaces/msg/detail/crop_yield__type_support.cpp
-- Installing: /home/david/ros2_ws/install/parc_robot_interfaces/include/parc_robot_interfaces/parc_robot_interfaces/msg/detail/crop_yield__rosidl_typesupport_introspection_cpp.hpp
-- Installing: /home/david/ros2_ws/install/parc_robot_interfaces/lib/libparc_robot_interfaces__rosidl_typesupport_introspection_cpp.so
-- Set runtime path of "/home/david/ros2_ws/install/parc_robot_interfaces/lib/libparc_robot_interfaces__rosidl_typesupport_introspection_cpp.so" to ""
-- Installing: /home/david/ros2_ws/install/parc_robot_interfaces/lib/libparc_robot_interfaces__rosidl_typesupport_cpp.so
-- Set runtime path of "/home/david/ros2_ws/install/parc_robot_interfaces/lib/libparc_robot_interfaces__rosidl_typesupport_cpp.so" to ""
-- Installing: /home/david/ros2_ws/install/parc_robot_interfaces/share/parc_robot_interfaces/environment/pythonpath.sh
-- Installing: /home/david/ros2_ws/install/parc_robot_interfaces/share/parc_robot_interfaces/environment/pythonpath.dsv
-- Installing: /home/david/ros2_ws/install/parc_robot_interfaces/lib/python3.12/site-packages/parc_robot_interfaces-0.0.0-py3.12.egg-info
-- Installing: /home/david/ros2_ws/install/parc_robot_interfaces/lib/python3.12/site-packages/parc_robot_interfaces-0.0.0-py3.12.egg-info/top_level.txt
-- Installing: /home/david/ros2_ws/install/parc_robot_interfaces/lib/python3.12/site-packages/parc_robot_interfaces-0.0.0-py3.12.egg-info/SOURCES.txt
-- Installing: /home/david/ros2_ws/install/parc_robot_interfaces/lib/python3.12/site-packages/parc_robot_interfaces-0.0.0-py3.12.egg-info/dependency_links.txt
-- Installing: /home/david/ros2_ws/install/parc_robot_interfaces/lib/python3.12/site-packages/parc_robot_interfaces-0.0.0-py3.12.egg-info/PKG-INFO
-- Installing: /home/david/ros2_ws/install/parc_robot_interfaces/lib/python3.12/site-packages/parc_robot_interfaces
-- Installing: /home/david/ros2_ws/install/parc_robot_interfaces/lib/python3.12/site-packages/parc_robot_interfaces/msg
-- Installing: /home/david/ros2_ws/install/parc_robot_interfaces/lib/python3.12/site-packages/parc_robot_interfaces/msg/_crop_yield.py
-- Installing: /home/david/ros2_ws/install/parc_robot_interfaces/lib/python3.12/site-packages/parc_robot_interfaces/msg/_crop_yield_s.c
-- Installing: /home/david/ros2_ws/install/parc_robot_interfaces/lib/python3.12/site-packages/parc_robot_interfaces/msg/__init__.py
-- Installing: /home/david/ros2_ws/install/parc_robot_interfaces/lib/python3.12/site-packages/parc_robot_interfaces/parc_robot_interfaces_s__rosidl_typesupport_c.cpython-312-x86_64-linux-gnu.so
-- Installing: /home/david/ros2_ws/install/parc_robot_interfaces/lib/python3.12/site-packages/parc_robot_interfaces/parc_robot_interfaces_s__rosidl_typesupport_fastrtps_c.cpython-312-x86_64-linux-gnu.so
-- Installing: /home/david/ros2_ws/install/parc_robot_interfaces/lib/python3.12/site-packages/parc_robot_interfaces/libparc_robot_interfaces__rosidl_generator_py.so
-- Installing: /home/david/ros2_ws/install/parc_robot_interfaces/lib/python3.12/site-packages/parc_robot_interfaces/_parc_robot_interfaces_s.ep.rosidl_typesupport_fastrtps_c.c
-- Installing: /home/david/ros2_ws/install/parc_robot_interfaces/lib/python3.12/site-packages/parc_robot_interfaces/_parc_robot_interfaces_s.ep.rosidl_typesupport_introspection_c.c
-- Installing: /home/david/ros2_ws/install/parc_robot_interfaces/lib/python3.12/site-packages/parc_robot_interfaces/__init__.py
-- Installing: /home/david/ros2_ws/install/parc_robot_interfaces/lib/python3.12/site-packages/parc_robot_interfaces/_parc_robot_interfaces_s.ep.rosidl_typesupport_c.c
-- Installing: /home/david/ros2_ws/install/parc_robot_interfaces/lib/python3.12/site-packages/parc_robot_interfaces/parc_robot_interfaces_s__rosidl_typesupport_introspection_c.cpython-312-x86_64-linux-gnu.so
Listing '/home/david/ros2_ws/install/parc_robot_interfaces/lib/python3.12/site-packages/parc_robot_interfaces'...
Compiling '/home/david/ros2_ws/install/parc_robot_interfaces/lib/python3.12/site-packages/parc_robot_interfaces/__init__.py'...
Listing '/home/david/ros2_ws/install/parc_robot_interfaces/lib/python3.12/site-packages/parc_robot_interfaces/msg'...
Compiling '/home/david/ros2_ws/install/parc_robot_interfaces/lib/python3.12/site-packages/parc_robot_interfaces/msg/__init__.py'...
Compiling '/home/david/ros2_ws/install/parc_robot_interfaces/lib/python3.12/site-packages/parc_robot_interfaces/msg/_crop_yield.py'...
-- Installing: /home/david/ros2_ws/install/parc_robot_interfaces/lib/python3.12/site-packages/parc_robot_interfaces/parc_robot_interfaces_s__rosidl_typesupport_fastrtps_c.cpython-312-x86_64-linux-gnu.so
-- Set runtime path of "/home/david/ros2_ws/install/parc_robot_interfaces/lib/python3.12/site-packages/parc_robot_interfaces/parc_robot_interfaces_s__rosidl_typesupport_fastrtps_c.cpython-312-x86_64-linux-gnu.so" to ""
-- Installing: /home/david/ros2_ws/install/parc_robot_interfaces/lib/python3.12/site-packages/parc_robot_interfaces/parc_robot_interfaces_s__rosidl_typesupport_introspection_c.cpython-312-x86_64-linux-gnu.so
-- Set runtime path of "/home/david/ros2_ws/install/parc_robot_interfaces/lib/python3.12/site-packages/parc_robot_interfaces/parc_robot_interfaces_s__rosidl_typesupport_introspection_c.cpython-312-x86_64-linux-gnu.so" to ""
-- Installing: /home/david/ros2_ws/install/parc_robot_interfaces/lib/python3.12/site-packages/parc_robot_interfaces/parc_robot_interfaces_s__rosidl_typesupport_c.cpython-312-x86_64-linux-gnu.so
-- Set runtime path of "/home/david/ros2_ws/install/parc_robot_interfaces/lib/python3.12/site-packages/parc_robot_interfaces/parc_robot_interfaces_s__rosidl_typesupport_c.cpython-312-x86_64-linux-gnu.so" to ""
-- Installing: /home/david/ros2_ws/install/parc_robot_interfaces/lib/libparc_robot_interfaces__rosidl_generator_py.so
-- Set runtime path of "/home/david/ros2_ws/install/parc_robot_interfaces/lib/libparc_robot_interfaces__rosidl_generator_py.so" to ""
-- Installing: /home/david/ros2_ws/install/parc_robot_interfaces/share/parc_robot_interfaces/msg/CropYield.idl
-- Installing: /home/david/ros2_ws/install/parc_robot_interfaces/share/parc_robot_interfaces/msg/CropYield.msg
-- Installing: /home/david/ros2_ws/install/parc_robot_interfaces/share/ament_index/resource_index/package_run_dependencies/parc_robot_interfaces
-- Installing: /home/david/ros2_ws/install/parc_robot_interfaces/share/ament_index/resource_index/parent_prefix_path/parc_robot_interfaces
-- Installing: /home/david/ros2_ws/install/parc_robot_interfaces/share/parc_robot_interfaces/environment/ament_prefix_path.sh
-- Installing: /home/david/ros2_ws/install/parc_robot_interfaces/share/parc_robot_interfaces/environment/ament_prefix_path.dsv
-- Installing: /home/david/ros2_ws/install/parc_robot_interfaces/share/parc_robot_interfaces/environment/path.sh
-- Installing: /home/david/ros2_ws/install/parc_robot_interfaces/share/parc_robot_interfaces/environment/path.dsv
-- Installing: /home/david/ros2_ws/install/parc_robot_interfaces/share/parc_robot_interfaces/local_setup.bash
-- Installing: /home/david/ros2_ws/install/parc_robot_interfaces/share/parc_robot_interfaces/local_setup.sh
-- Installing: /home/david/ros2_ws/install/parc_robot_interfaces/share/parc_robot_interfaces/local_setup.zsh
-- Installing: /home/david/ros2_ws/install/parc_robot_interfaces/share/parc_robot_interfaces/local_setup.dsv
-- Installing: /home/david/ros2_ws/install/parc_robot_interfaces/share/parc_robot_interfaces/package.dsv
-- Installing: /home/david/ros2_ws/install/parc_robot_interfaces/share/ament_index/resource_index/packages/parc_robot_interfaces
-- Installing: /home/david/ros2_ws/install/parc_robot_interfaces/share/parc_robot_interfaces/cmake/export_parc_robot_interfaces__rosidl_generator_cExport.cmake
-- Installing: /home/david/ros2_ws/install/parc_robot_interfaces/share/parc_robot_interfaces/cmake/export_parc_robot_interfaces__rosidl_generator_cExport-noconfig.cmake
-- Installing: /home/david/ros2_ws/install/parc_robot_interfaces/share/parc_robot_interfaces/cmake/export_parc_robot_interfaces__rosidl_typesupport_fastrtps_cExport.cmake
-- Installing: /home/david/ros2_ws/install/parc_robot_interfaces/share/parc_robot_interfaces/cmake/export_parc_robot_interfaces__rosidl_typesupport_fastrtps_cExport-noconfig.cmake
-- Installing: /home/david/ros2_ws/install/parc_robot_interfaces/share/parc_robot_interfaces/cmake/parc_robot_interfaces__rosidl_typesupport_introspection_cExport.cmake
-- Installing: /home/david/ros2_ws/install/parc_robot_interfaces/share/parc_robot_interfaces/cmake/parc_robot_interfaces__rosidl_typesupport_introspection_cExport-noconfig.cmake
-- Installing: /home/david/ros2_ws/install/parc_robot_interfaces/share/parc_robot_interfaces/cmake/parc_robot_interfaces__rosidl_typesupport_cExport.cmake
-- Installing: /home/david/ros2_ws/install/parc_robot_interfaces/share/parc_robot_interfaces/cmake/parc_robot_interfaces__rosidl_typesupport_cExport-noconfig.cmake
-- Installing: /home/david/ros2_ws/install/parc_robot_interfaces/share/parc_robot_interfaces/cmake/export_parc_robot_interfaces__rosidl_generator_cppExport.cmake
-- Installing: /home/david/ros2_ws/install/parc_robot_interfaces/share/parc_robot_interfaces/cmake/export_parc_robot_interfaces__rosidl_typesupport_fastrtps_cppExport.cmake
-- Installing: /home/david/ros2_ws/install/parc_robot_interfaces/share/parc_robot_interfaces/cmake/export_parc_robot_interfaces__rosidl_typesupport_fastrtps_cppExport-noconfig.cmake
-- Installing: /home/david/ros2_ws/install/parc_robot_interfaces/share/parc_robot_interfaces/cmake/parc_robot_interfaces__rosidl_typesupport_introspection_cppExport.cmake
-- Installing: /home/david/ros2_ws/install/parc_robot_interfaces/share/parc_robot_interfaces/cmake/parc_robot_interfaces__rosidl_typesupport_introspection_cppExport-noconfig.cmake
-- Installing: /home/david/ros2_ws/install/parc_robot_interfaces/share/parc_robot_interfaces/cmake/parc_robot_interfaces__rosidl_typesupport_cppExport.cmake
-- Installing: /home/david/ros2_ws/install/parc_robot_interfaces/share/parc_robot_interfaces/cmake/parc_robot_interfaces__rosidl_typesupport_cppExport-noconfig.cmake
-- Installing: /home/david/ros2_ws/install/parc_robot_interfaces/share/parc_robot_interfaces/cmake/export_parc_robot_interfaces__rosidl_generator_pyExport.cmake
-- Installing: /home/david/ros2_ws/install/parc_robot_interfaces/share/parc_robot_interfaces/cmake/export_parc_robot_interfaces__rosidl_generator_pyExport-noconfig.cmake
-- Installing: /home/david/ros2_ws/install/parc_robot_interfaces/share/parc_robot_interfaces/cmake/rosidl_cmake-extras.cmake
-- Installing: /home/david/ros2_ws/install/parc_robot_interfaces/share/parc_robot_interfaces/cmake/ament_cmake_export_include_directories-extras.cmake
-- Installing: /home/david/ros2_ws/install/parc_robot_interfaces/share/parc_robot_interfaces/cmake/ament_cmake_export_libraries-extras.cmake
-- Installing: /home/david/ros2_ws/install/parc_robot_interfaces/share/parc_robot_interfaces/cmake/ament_cmake_export_targets-extras.cmake
-- Installing: /home/david/ros2_ws/install/parc_robot_interfaces/share/parc_robot_interfaces/cmake/rosidl_cmake_export_typesupport_targets-extras.cmake
-- Installing: /home/david/ros2_ws/install/parc_robot_interfaces/share/parc_robot_interfaces/cmake/ament_cmake_export_dependencies-extras.cmake
-- Installing: /home/david/ros2_ws/install/parc_robot_interfaces/share/parc_robot_interfaces/cmake/rosidl_cmake_export_typesupport_libraries-extras.cmake
-- Installing: /home/david/ros2_ws/install/parc_robot_interfaces/share/parc_robot_interfaces/cmake/parc_robot_interfacesConfig.cmake
-- Installing: /home/david/ros2_ws/install/parc_robot_interfaces/share/parc_robot_interfaces/cmake/parc_robot_interfacesConfig-version.cmake
-- Installing: /home/david/ros2_ws/install/parc_robot_interfaces/share/parc_robot_interfaces/package.xml
