[0.009s] Invoking command in '/home/david/ros2_ws/build/parc_robot_interfaces': CMAKE_PREFIX_PATH=/opt/ros/humble CONDA_PROMPT_MODIFIER=(base) /usr/bin/cmake /home/david/ros2_ws/src/parc_robot_interfaces -DCMAKE_INSTALL_PREFIX=/home/david/ros2_ws/install/parc_robot_interfaces
[0.049s] -- The C compiler identification is GNU 11.4.0
[0.089s] -- The CXX compiler identification is GNU 11.4.0
[0.094s] -- Detecting C compiler ABI info
[0.141s] -- Detecting C compiler ABI info - done
[0.145s] -- Check for working C compiler: /usr/bin/cc - skipped
[0.145s] -- Detecting C compile features
[0.145s] -- Detecting C compile features - done
[0.147s] -- Detecting CXX compiler ABI info
[0.201s] -- Detecting CXX compiler ABI info - done
[0.206s] -- Check for working CXX compiler: /usr/bin/c++ - skipped
[0.206s] -- Detecting CXX compile features
[0.207s] -- Detecting CXX compile features - done
[0.208s] -- Found ament_cmake: 1.3.10 (/opt/ros/humble/share/ament_cmake/cmake)
[0.470s] -- Found Python3: /home/david/anaconda3/bin/python3 (found version "3.12.4") found components: Interpreter 
[0.536s] -- Found rosidl_default_generators: 1.2.0 (/opt/ros/humble/share/rosidl_default_generators/cmake)
[0.537s] -- Using all available rosidl_typesupport_c: rosidl_typesupport_fastrtps_c;rosidl_typesupport_introspection_c
[0.541s] -- Found rosidl_adapter: 3.1.5 (/opt/ros/humble/share/rosidl_adapter/cmake)
[0.565s] -- Using all available rosidl_typesupport_cpp: rosidl_typesupport_fastrtps_cpp;rosidl_typesupport_introspection_cpp
[0.585s] -- Found std_msgs: 4.2.4 (/opt/ros/humble/share/std_msgs/cmake)
[0.792s] -- Found ament_cmake_ros: 0.10.0 (/opt/ros/humble/share/ament_cmake_ros/cmake)
[0.909s] -- Using all available rosidl_typesupport_c: rosidl_typesupport_fastrtps_c;rosidl_typesupport_introspection_c
[1.063s] -- Using all available rosidl_typesupport_cpp: rosidl_typesupport_fastrtps_cpp;rosidl_typesupport_introspection_cpp
[1.082s] -- Found PythonInterp: /home/david/anaconda3/bin/python3 (found suitable version "3.12.4", minimum required is "3.6") 
[1.083s] -- Found python_cmake_module: 0.10.0 (/opt/ros/humble/share/python_cmake_module/cmake)
[1.102s] -- Found PythonLibs: /home/david/anaconda3/lib/libpython3.12.so (found suitable version "3.12.4", minimum required is "3.5") 
[1.102s] -- Using PYTHON_EXECUTABLE: /home/david/anaconda3/bin/python3
[1.102s] -- Using PYTHON_INCLUDE_DIRS: /home/david/anaconda3/include/python3.12
[1.102s] -- Using PYTHON_LIBRARIES: /home/david/anaconda3/lib/libpython3.12.so
[1.119s] -- Found PythonExtra: .so  
[1.213s] -- Using numpy include directory: /home/david/anaconda3/lib/python3.12/site-packages/numpy/core/include
[1.219s] -- Configuring done
[1.233s] -- Generating done
[1.234s] -- Build files have been written to: /home/david/ros2_ws/build/parc_robot_interfaces
[1.238s] Invoked command in '/home/david/ros2_ws/build/parc_robot_interfaces' returned '0': CMAKE_PREFIX_PATH=/opt/ros/humble CONDA_PROMPT_MODIFIER=(base) /usr/bin/cmake /home/david/ros2_ws/src/parc_robot_interfaces -DCMAKE_INSTALL_PREFIX=/home/david/ros2_ws/install/parc_robot_interfaces
[1.239s] Invoking command in '/home/david/ros2_ws/build/parc_robot_interfaces': CMAKE_PREFIX_PATH=/opt/ros/humble CONDA_PROMPT_MODIFIER=(base) /usr/bin/cmake --build /home/david/ros2_ws/build/parc_robot_interfaces -- -j20 -l20
[1.270s] [  3%] [34m[1mGenerating C code for ROS interfaces[0m
[1.278s] [  6%] [34m[1mGenerating C++ code for ROS interfaces[0m
[1.283s] [  6%] Built target ament_cmake_python_copy_parc_robot_interfaces
[1.420s] [  9%] [32mBuilding C object CMakeFiles/parc_robot_interfaces__rosidl_generator_c.dir/rosidl_generator_c/parc_robot_interfaces/msg/detail/crop_yield__functions.c.o[0m
[1.421s] [  9%] Built target parc_robot_interfaces__cpp
[1.428s] [ 19%] [34m[1mGenerating C++ introspection for ROS interfaces[0m
[1.428s] [ 19%] [34m[1mGenerating C++ type support dispatch for ROS interfaces[0m
[1.428s] [ 19%] [34m[1mGenerating C++ type support for eProsima Fast-RTPS[0m
[1.451s] running egg_info
[1.452s] creating parc_robot_interfaces.egg-info
[1.455s] [ 22%] [32m[1mLinking C shared library libparc_robot_interfaces__rosidl_generator_c.so[0m
[1.469s] writing parc_robot_interfaces.egg-info/PKG-INFO
[1.469s] writing dependency_links to parc_robot_interfaces.egg-info/dependency_links.txt
[1.469s] writing top-level names to parc_robot_interfaces.egg-info/top_level.txt
[1.469s] writing manifest file 'parc_robot_interfaces.egg-info/SOURCES.txt'
[1.490s] [ 22%] Built target parc_robot_interfaces__rosidl_generator_c
[1.498s] [ 25%] [34m[1mGenerating C type support dispatch for ROS interfaces[0m
[1.499s] [ 29%] [34m[1mGenerating C type support for eProsima Fast-RTPS[0m
[1.500s] [ 32%] [34m[1mGenerating C introspection for ROS interfaces[0m
[1.521s] reading manifest file 'parc_robot_interfaces.egg-info/SOURCES.txt'
[1.522s] writing manifest file 'parc_robot_interfaces.egg-info/SOURCES.txt'
[1.551s] [ 32%] Built target ament_cmake_python_build_parc_robot_interfaces_egg
[1.593s] [ 35%] [32mBuilding CXX object CMakeFiles/parc_robot_interfaces__rosidl_typesupport_cpp.dir/rosidl_typesupport_cpp/parc_robot_interfaces/msg/crop_yield__type_support.cpp.o[0m
[1.605s] [ 38%] [32mBuilding CXX object CMakeFiles/parc_robot_interfaces__rosidl_typesupport_introspection_cpp.dir/rosidl_typesupport_introspection_cpp/parc_robot_interfaces/msg/detail/crop_yield__type_support.cpp.o[0m
[1.626s] [ 41%] [32mBuilding CXX object CMakeFiles/parc_robot_interfaces__rosidl_typesupport_fastrtps_cpp.dir/rosidl_typesupport_fastrtps_cpp/parc_robot_interfaces/msg/detail/dds_fastrtps/crop_yield__type_support.cpp.o[0m
[1.676s] [ 45%] [32mBuilding CXX object CMakeFiles/parc_robot_interfaces__rosidl_typesupport_c.dir/rosidl_typesupport_c/parc_robot_interfaces/msg/crop_yield__type_support.cpp.o[0m
[1.688s] [ 48%] [32mBuilding C object CMakeFiles/parc_robot_interfaces__rosidl_typesupport_introspection_c.dir/rosidl_typesupport_introspection_c/parc_robot_interfaces/msg/detail/crop_yield__type_support.c.o[0m
[1.701s] [ 51%] [32mBuilding CXX object CMakeFiles/parc_robot_interfaces__rosidl_typesupport_fastrtps_c.dir/rosidl_typesupport_fastrtps_c/parc_robot_interfaces/msg/detail/crop_yield__type_support_c.cpp.o[0m
[1.703s] [ 54%] [32m[1mLinking CXX shared library libparc_robot_interfaces__rosidl_typesupport_c.so[0m
[1.719s] [ 58%] [32m[1mLinking C shared library libparc_robot_interfaces__rosidl_typesupport_introspection_c.so[0m
[1.745s] [ 58%] Built target parc_robot_interfaces__rosidl_typesupport_c
[1.748s] [ 58%] Built target parc_robot_interfaces__rosidl_typesupport_introspection_c
[1.779s] [ 61%] [32m[1mLinking CXX shared library libparc_robot_interfaces__rosidl_typesupport_cpp.so[0m
[1.812s] [ 61%] Built target parc_robot_interfaces__rosidl_typesupport_cpp
[1.875s] [ 64%] [32m[1mLinking CXX shared library libparc_robot_interfaces__rosidl_typesupport_introspection_cpp.so[0m
[1.877s] [ 67%] [32m[1mLinking CXX shared library libparc_robot_interfaces__rosidl_typesupport_fastrtps_cpp.so[0m
[1.903s] [ 70%] [32m[1mLinking CXX shared library libparc_robot_interfaces__rosidl_typesupport_fastrtps_c.so[0m
[1.910s] [ 70%] Built target parc_robot_interfaces__rosidl_typesupport_introspection_cpp
[1.927s] [ 70%] Built target parc_robot_interfaces__rosidl_typesupport_fastrtps_cpp
[1.953s] [ 70%] Built target parc_robot_interfaces__rosidl_typesupport_fastrtps_c
[1.967s] [ 70%] Built target parc_robot_interfaces
[1.981s] [ 74%] [34m[1mGenerating Python code for ROS interfaces[0m
[2.124s] [ 74%] Built target parc_robot_interfaces__py
[2.137s] [ 77%] [32mBuilding C object CMakeFiles/parc_robot_interfaces__rosidl_generator_py.dir/rosidl_generator_py/parc_robot_interfaces/msg/_crop_yield_s.c.o[0m
[2.201s] [ 80%] [32m[1mLinking C shared library rosidl_generator_py/parc_robot_interfaces/libparc_robot_interfaces__rosidl_generator_py.so[0m
[2.226s] [ 80%] Built target parc_robot_interfaces__rosidl_generator_py
[2.241s] [ 83%] [32mBuilding C object CMakeFiles/parc_robot_interfaces__rosidl_typesupport_introspection_c__pyext.dir/rosidl_generator_py/parc_robot_interfaces/_parc_robot_interfaces_s.ep.rosidl_typesupport_introspection_c.c.o[0m
[2.241s] [ 87%] [32mBuilding C object CMakeFiles/parc_robot_interfaces__rosidl_typesupport_fastrtps_c__pyext.dir/rosidl_generator_py/parc_robot_interfaces/_parc_robot_interfaces_s.ep.rosidl_typesupport_fastrtps_c.c.o[0m
[2.241s] [ 90%] [32mBuilding C object CMakeFiles/parc_robot_interfaces__rosidl_typesupport_c__pyext.dir/rosidl_generator_py/parc_robot_interfaces/_parc_robot_interfaces_s.ep.rosidl_typesupport_c.c.o[0m
[2.296s] [ 93%] [32m[1mLinking C shared library rosidl_generator_py/parc_robot_interfaces/parc_robot_interfaces_s__rosidl_typesupport_introspection_c.cpython-312-x86_64-linux-gnu.so[0m
[2.297s] [ 96%] [32m[1mLinking C shared library rosidl_generator_py/parc_robot_interfaces/parc_robot_interfaces_s__rosidl_typesupport_c.cpython-312-x86_64-linux-gnu.so[0m
[2.298s] [100%] [32m[1mLinking C shared library rosidl_generator_py/parc_robot_interfaces/parc_robot_interfaces_s__rosidl_typesupport_fastrtps_c.cpython-312-x86_64-linux-gnu.so[0m
[2.320s] [100%] Built target parc_robot_interfaces__rosidl_typesupport_fastrtps_c__pyext
[2.321s] [100%] Built target parc_robot_interfaces__rosidl_typesupport_introspection_c__pyext
[2.321s] [100%] Built target parc_robot_interfaces__rosidl_typesupport_c__pyext
[2.330s] Invoked command in '/home/david/ros2_ws/build/parc_robot_interfaces' returned '0': CMAKE_PREFIX_PATH=/opt/ros/humble CONDA_PROMPT_MODIFIER=(base) /usr/bin/cmake --build /home/david/ros2_ws/build/parc_robot_interfaces -- -j20 -l20
[2.379s] Invoking command in '/home/david/ros2_ws/build/parc_robot_interfaces': CMAKE_PREFIX_PATH=/opt/ros/humble CONDA_PROMPT_MODIFIER=(base) /usr/bin/cmake --install /home/david/ros2_ws/build/parc_robot_interfaces
[2.386s] -- Install configuration: ""
[2.386s] -- Installing: /home/david/ros2_ws/install/parc_robot_interfaces/share/ament_index/resource_index/rosidl_interfaces/parc_robot_interfaces
[2.386s] -- Installing: /home/david/ros2_ws/install/parc_robot_interfaces/include/parc_robot_interfaces/parc_robot_interfaces
[2.386s] -- Installing: /home/david/ros2_ws/install/parc_robot_interfaces/include/parc_robot_interfaces/parc_robot_interfaces/msg
[2.386s] -- Installing: /home/david/ros2_ws/install/parc_robot_interfaces/include/parc_robot_interfaces/parc_robot_interfaces/msg/detail
[2.386s] -- Installing: /home/david/ros2_ws/install/parc_robot_interfaces/include/parc_robot_interfaces/parc_robot_interfaces/msg/detail/crop_yield__type_support.h
[2.387s] -- Installing: /home/david/ros2_ws/install/parc_robot_interfaces/include/parc_robot_interfaces/parc_robot_interfaces/msg/detail/crop_yield__functions.h
[2.387s] -- Installing: /home/david/ros2_ws/install/parc_robot_interfaces/include/parc_robot_interfaces/parc_robot_interfaces/msg/detail/crop_yield__struct.h
[2.387s] -- Installing: /home/david/ros2_ws/install/parc_robot_interfaces/include/parc_robot_interfaces/parc_robot_interfaces/msg/detail/crop_yield__functions.c
[2.387s] -- Installing: /home/david/ros2_ws/install/parc_robot_interfaces/include/parc_robot_interfaces/parc_robot_interfaces/msg/crop_yield.h
[2.387s] -- Installing: /home/david/ros2_ws/install/parc_robot_interfaces/include/parc_robot_interfaces/parc_robot_interfaces/msg/rosidl_generator_c__visibility_control.h
[2.387s] -- Installing: /home/david/ros2_ws/install/parc_robot_interfaces/share/parc_robot_interfaces/environment/library_path.sh
[2.387s] -- Installing: /home/david/ros2_ws/install/parc_robot_interfaces/share/parc_robot_interfaces/environment/library_path.dsv
[2.387s] -- Installing: /home/david/ros2_ws/install/parc_robot_interfaces/lib/libparc_robot_interfaces__rosidl_generator_c.so
[2.388s] -- Set runtime path of "/home/david/ros2_ws/install/parc_robot_interfaces/lib/libparc_robot_interfaces__rosidl_generator_c.so" to ""
[2.388s] -- Up-to-date: /home/david/ros2_ws/install/parc_robot_interfaces/include/parc_robot_interfaces/parc_robot_interfaces
[2.388s] -- Up-to-date: /home/david/ros2_ws/install/parc_robot_interfaces/include/parc_robot_interfaces/parc_robot_interfaces/msg
[2.388s] -- Installing: /home/david/ros2_ws/install/parc_robot_interfaces/include/parc_robot_interfaces/parc_robot_interfaces/msg/rosidl_typesupport_fastrtps_c__visibility_control.h
[2.388s] -- Up-to-date: /home/david/ros2_ws/install/parc_robot_interfaces/include/parc_robot_interfaces/parc_robot_interfaces/msg/detail
[2.388s] -- Installing: /home/david/ros2_ws/install/parc_robot_interfaces/include/parc_robot_interfaces/parc_robot_interfaces/msg/detail/crop_yield__rosidl_typesupport_fastrtps_c.h
[2.388s] -- Installing: /home/david/ros2_ws/install/parc_robot_interfaces/lib/libparc_robot_interfaces__rosidl_typesupport_fastrtps_c.so
[2.388s] -- Set runtime path of "/home/david/ros2_ws/install/parc_robot_interfaces/lib/libparc_robot_interfaces__rosidl_typesupport_fastrtps_c.so" to ""
[2.388s] -- Up-to-date: /home/david/ros2_ws/install/parc_robot_interfaces/include/parc_robot_interfaces/parc_robot_interfaces
[2.388s] -- Up-to-date: /home/david/ros2_ws/install/parc_robot_interfaces/include/parc_robot_interfaces/parc_robot_interfaces/msg
[2.388s] -- Up-to-date: /home/david/ros2_ws/install/parc_robot_interfaces/include/parc_robot_interfaces/parc_robot_interfaces/msg/detail
[2.388s] -- Installing: /home/david/ros2_ws/install/parc_robot_interfaces/include/parc_robot_interfaces/parc_robot_interfaces/msg/detail/crop_yield__rosidl_typesupport_introspection_c.h
[2.388s] -- Installing: /home/david/ros2_ws/install/parc_robot_interfaces/include/parc_robot_interfaces/parc_robot_interfaces/msg/detail/crop_yield__type_support.c
[2.388s] -- Installing: /home/david/ros2_ws/install/parc_robot_interfaces/include/parc_robot_interfaces/parc_robot_interfaces/msg/rosidl_typesupport_introspection_c__visibility_control.h
[2.389s] -- Installing: /home/david/ros2_ws/install/parc_robot_interfaces/lib/libparc_robot_interfaces__rosidl_typesupport_introspection_c.so
[2.389s] -- Set runtime path of "/home/david/ros2_ws/install/parc_robot_interfaces/lib/libparc_robot_interfaces__rosidl_typesupport_introspection_c.so" to ""
[2.389s] -- Installing: /home/david/ros2_ws/install/parc_robot_interfaces/lib/libparc_robot_interfaces__rosidl_typesupport_c.so
[2.389s] -- Set runtime path of "/home/david/ros2_ws/install/parc_robot_interfaces/lib/libparc_robot_interfaces__rosidl_typesupport_c.so" to ""
[2.389s] -- Up-to-date: /home/david/ros2_ws/install/parc_robot_interfaces/include/parc_robot_interfaces/parc_robot_interfaces
[2.389s] -- Up-to-date: /home/david/ros2_ws/install/parc_robot_interfaces/include/parc_robot_interfaces/parc_robot_interfaces/msg
[2.389s] -- Up-to-date: /home/david/ros2_ws/install/parc_robot_interfaces/include/parc_robot_interfaces/parc_robot_interfaces/msg/detail
[2.389s] -- Installing: /home/david/ros2_ws/install/parc_robot_interfaces/include/parc_robot_interfaces/parc_robot_interfaces/msg/detail/crop_yield__builder.hpp
[2.389s] -- Installing: /home/david/ros2_ws/install/parc_robot_interfaces/include/parc_robot_interfaces/parc_robot_interfaces/msg/detail/crop_yield__traits.hpp
[2.389s] -- Installing: /home/david/ros2_ws/install/parc_robot_interfaces/include/parc_robot_interfaces/parc_robot_interfaces/msg/detail/crop_yield__struct.hpp
[2.389s] -- Installing: /home/david/ros2_ws/install/parc_robot_interfaces/include/parc_robot_interfaces/parc_robot_interfaces/msg/crop_yield.hpp
[2.389s] -- Up-to-date: /home/david/ros2_ws/install/parc_robot_interfaces/include/parc_robot_interfaces/parc_robot_interfaces
[2.390s] -- Up-to-date: /home/david/ros2_ws/install/parc_robot_interfaces/include/parc_robot_interfaces/parc_robot_interfaces/msg
[2.390s] -- Installing: /home/david/ros2_ws/install/parc_robot_interfaces/include/parc_robot_interfaces/parc_robot_interfaces/msg/rosidl_typesupport_fastrtps_cpp__visibility_control.h
[2.390s] -- Up-to-date: /home/david/ros2_ws/install/parc_robot_interfaces/include/parc_robot_interfaces/parc_robot_interfaces/msg/detail
[2.390s] -- Installing: /home/david/ros2_ws/install/parc_robot_interfaces/include/parc_robot_interfaces/parc_robot_interfaces/msg/detail/dds_fastrtps
[2.390s] -- Installing: /home/david/ros2_ws/install/parc_robot_interfaces/include/parc_robot_interfaces/parc_robot_interfaces/msg/detail/crop_yield__rosidl_typesupport_fastrtps_cpp.hpp
[2.390s] -- Installing: /home/david/ros2_ws/install/parc_robot_interfaces/lib/libparc_robot_interfaces__rosidl_typesupport_fastrtps_cpp.so
[2.390s] -- Set runtime path of "/home/david/ros2_ws/install/parc_robot_interfaces/lib/libparc_robot_interfaces__rosidl_typesupport_fastrtps_cpp.so" to ""
[2.390s] -- Up-to-date: /home/david/ros2_ws/install/parc_robot_interfaces/include/parc_robot_interfaces/parc_robot_interfaces
[2.390s] -- Up-to-date: /home/david/ros2_ws/install/parc_robot_interfaces/include/parc_robot_interfaces/parc_robot_interfaces/msg
[2.390s] -- Up-to-date: /home/david/ros2_ws/install/parc_robot_interfaces/include/parc_robot_interfaces/parc_robot_interfaces/msg/detail
[2.390s] -- Installing: /home/david/ros2_ws/install/parc_robot_interfaces/include/parc_robot_interfaces/parc_robot_interfaces/msg/detail/crop_yield__type_support.cpp
[2.390s] -- Installing: /home/david/ros2_ws/install/parc_robot_interfaces/include/parc_robot_interfaces/parc_robot_interfaces/msg/detail/crop_yield__rosidl_typesupport_introspection_cpp.hpp
[2.390s] -- Installing: /home/david/ros2_ws/install/parc_robot_interfaces/lib/libparc_robot_interfaces__rosidl_typesupport_introspection_cpp.so
[2.391s] -- Set runtime path of "/home/david/ros2_ws/install/parc_robot_interfaces/lib/libparc_robot_interfaces__rosidl_typesupport_introspection_cpp.so" to ""
[2.391s] -- Installing: /home/david/ros2_ws/install/parc_robot_interfaces/lib/libparc_robot_interfaces__rosidl_typesupport_cpp.so
[2.391s] -- Set runtime path of "/home/david/ros2_ws/install/parc_robot_interfaces/lib/libparc_robot_interfaces__rosidl_typesupport_cpp.so" to ""
[2.391s] -- Installing: /home/david/ros2_ws/install/parc_robot_interfaces/share/parc_robot_interfaces/environment/pythonpath.sh
[2.391s] -- Installing: /home/david/ros2_ws/install/parc_robot_interfaces/share/parc_robot_interfaces/environment/pythonpath.dsv
[2.391s] -- Installing: /home/david/ros2_ws/install/parc_robot_interfaces/lib/python3.12/site-packages/parc_robot_interfaces-0.0.0-py3.12.egg-info
[2.391s] -- Installing: /home/david/ros2_ws/install/parc_robot_interfaces/lib/python3.12/site-packages/parc_robot_interfaces-0.0.0-py3.12.egg-info/top_level.txt
[2.391s] -- Installing: /home/david/ros2_ws/install/parc_robot_interfaces/lib/python3.12/site-packages/parc_robot_interfaces-0.0.0-py3.12.egg-info/SOURCES.txt
[2.391s] -- Installing: /home/david/ros2_ws/install/parc_robot_interfaces/lib/python3.12/site-packages/parc_robot_interfaces-0.0.0-py3.12.egg-info/dependency_links.txt
[2.391s] -- Installing: /home/david/ros2_ws/install/parc_robot_interfaces/lib/python3.12/site-packages/parc_robot_interfaces-0.0.0-py3.12.egg-info/PKG-INFO
[2.391s] -- Installing: /home/david/ros2_ws/install/parc_robot_interfaces/lib/python3.12/site-packages/parc_robot_interfaces
[2.391s] -- Installing: /home/david/ros2_ws/install/parc_robot_interfaces/lib/python3.12/site-packages/parc_robot_interfaces/msg
[2.391s] -- Installing: /home/david/ros2_ws/install/parc_robot_interfaces/lib/python3.12/site-packages/parc_robot_interfaces/msg/_crop_yield.py
[2.391s] -- Installing: /home/david/ros2_ws/install/parc_robot_interfaces/lib/python3.12/site-packages/parc_robot_interfaces/msg/_crop_yield_s.c
[2.391s] -- Installing: /home/david/ros2_ws/install/parc_robot_interfaces/lib/python3.12/site-packages/parc_robot_interfaces/msg/__init__.py
[2.391s] -- Installing: /home/david/ros2_ws/install/parc_robot_interfaces/lib/python3.12/site-packages/parc_robot_interfaces/parc_robot_interfaces_s__rosidl_typesupport_c.cpython-312-x86_64-linux-gnu.so
[2.391s] -- Installing: /home/david/ros2_ws/install/parc_robot_interfaces/lib/python3.12/site-packages/parc_robot_interfaces/parc_robot_interfaces_s__rosidl_typesupport_fastrtps_c.cpython-312-x86_64-linux-gnu.so
[2.391s] -- Installing: /home/david/ros2_ws/install/parc_robot_interfaces/lib/python3.12/site-packages/parc_robot_interfaces/libparc_robot_interfaces__rosidl_generator_py.so
[2.392s] -- Installing: /home/david/ros2_ws/install/parc_robot_interfaces/lib/python3.12/site-packages/parc_robot_interfaces/_parc_robot_interfaces_s.ep.rosidl_typesupport_fastrtps_c.c
[2.392s] -- Installing: /home/david/ros2_ws/install/parc_robot_interfaces/lib/python3.12/site-packages/parc_robot_interfaces/_parc_robot_interfaces_s.ep.rosidl_typesupport_introspection_c.c
[2.392s] -- Installing: /home/david/ros2_ws/install/parc_robot_interfaces/lib/python3.12/site-packages/parc_robot_interfaces/__init__.py
[2.392s] -- Installing: /home/david/ros2_ws/install/parc_robot_interfaces/lib/python3.12/site-packages/parc_robot_interfaces/_parc_robot_interfaces_s.ep.rosidl_typesupport_c.c
[2.392s] -- Installing: /home/david/ros2_ws/install/parc_robot_interfaces/lib/python3.12/site-packages/parc_robot_interfaces/parc_robot_interfaces_s__rosidl_typesupport_introspection_c.cpython-312-x86_64-linux-gnu.so
[2.416s] Listing '/home/david/ros2_ws/install/parc_robot_interfaces/lib/python3.12/site-packages/parc_robot_interfaces'...
[2.416s] Compiling '/home/david/ros2_ws/install/parc_robot_interfaces/lib/python3.12/site-packages/parc_robot_interfaces/__init__.py'...
[2.416s] Listing '/home/david/ros2_ws/install/parc_robot_interfaces/lib/python3.12/site-packages/parc_robot_interfaces/msg'...
[2.416s] Compiling '/home/david/ros2_ws/install/parc_robot_interfaces/lib/python3.12/site-packages/parc_robot_interfaces/msg/__init__.py'...
[2.416s] Compiling '/home/david/ros2_ws/install/parc_robot_interfaces/lib/python3.12/site-packages/parc_robot_interfaces/msg/_crop_yield.py'...
[2.420s] -- Installing: /home/david/ros2_ws/install/parc_robot_interfaces/lib/python3.12/site-packages/parc_robot_interfaces/parc_robot_interfaces_s__rosidl_typesupport_fastrtps_c.cpython-312-x86_64-linux-gnu.so
[2.420s] -- Set runtime path of "/home/david/ros2_ws/install/parc_robot_interfaces/lib/python3.12/site-packages/parc_robot_interfaces/parc_robot_interfaces_s__rosidl_typesupport_fastrtps_c.cpython-312-x86_64-linux-gnu.so" to ""
[2.420s] -- Installing: /home/david/ros2_ws/install/parc_robot_interfaces/lib/python3.12/site-packages/parc_robot_interfaces/parc_robot_interfaces_s__rosidl_typesupport_introspection_c.cpython-312-x86_64-linux-gnu.so
[2.420s] -- Set runtime path of "/home/david/ros2_ws/install/parc_robot_interfaces/lib/python3.12/site-packages/parc_robot_interfaces/parc_robot_interfaces_s__rosidl_typesupport_introspection_c.cpython-312-x86_64-linux-gnu.so" to ""
[2.421s] -- Installing: /home/david/ros2_ws/install/parc_robot_interfaces/lib/python3.12/site-packages/parc_robot_interfaces/parc_robot_interfaces_s__rosidl_typesupport_c.cpython-312-x86_64-linux-gnu.so
[2.421s] -- Set runtime path of "/home/david/ros2_ws/install/parc_robot_interfaces/lib/python3.12/site-packages/parc_robot_interfaces/parc_robot_interfaces_s__rosidl_typesupport_c.cpython-312-x86_64-linux-gnu.so" to ""
[2.421s] -- Installing: /home/david/ros2_ws/install/parc_robot_interfaces/lib/libparc_robot_interfaces__rosidl_generator_py.so
[2.421s] -- Set runtime path of "/home/david/ros2_ws/install/parc_robot_interfaces/lib/libparc_robot_interfaces__rosidl_generator_py.so" to ""
[2.421s] -- Installing: /home/david/ros2_ws/install/parc_robot_interfaces/share/parc_robot_interfaces/msg/CropYield.idl
[2.421s] -- Installing: /home/david/ros2_ws/install/parc_robot_interfaces/share/parc_robot_interfaces/msg/CropYield.msg
[2.421s] -- Installing: /home/david/ros2_ws/install/parc_robot_interfaces/share/ament_index/resource_index/package_run_dependencies/parc_robot_interfaces
[2.421s] -- Installing: /home/david/ros2_ws/install/parc_robot_interfaces/share/ament_index/resource_index/parent_prefix_path/parc_robot_interfaces
[2.421s] -- Installing: /home/david/ros2_ws/install/parc_robot_interfaces/share/parc_robot_interfaces/environment/ament_prefix_path.sh
[2.421s] -- Installing: /home/david/ros2_ws/install/parc_robot_interfaces/share/parc_robot_interfaces/environment/ament_prefix_path.dsv
[2.421s] -- Installing: /home/david/ros2_ws/install/parc_robot_interfaces/share/parc_robot_interfaces/environment/path.sh
[2.421s] -- Installing: /home/david/ros2_ws/install/parc_robot_interfaces/share/parc_robot_interfaces/environment/path.dsv
[2.421s] -- Installing: /home/david/ros2_ws/install/parc_robot_interfaces/share/parc_robot_interfaces/local_setup.bash
[2.422s] -- Installing: /home/david/ros2_ws/install/parc_robot_interfaces/share/parc_robot_interfaces/local_setup.sh
[2.422s] -- Installing: /home/david/ros2_ws/install/parc_robot_interfaces/share/parc_robot_interfaces/local_setup.zsh
[2.422s] -- Installing: /home/david/ros2_ws/install/parc_robot_interfaces/share/parc_robot_interfaces/local_setup.dsv
[2.422s] -- Installing: /home/david/ros2_ws/install/parc_robot_interfaces/share/parc_robot_interfaces/package.dsv
[2.422s] -- Installing: /home/david/ros2_ws/install/parc_robot_interfaces/share/ament_index/resource_index/packages/parc_robot_interfaces
[2.422s] -- Installing: /home/david/ros2_ws/install/parc_robot_interfaces/share/parc_robot_interfaces/cmake/export_parc_robot_interfaces__rosidl_generator_cExport.cmake
[2.422s] -- Installing: /home/david/ros2_ws/install/parc_robot_interfaces/share/parc_robot_interfaces/cmake/export_parc_robot_interfaces__rosidl_generator_cExport-noconfig.cmake
[2.422s] -- Installing: /home/david/ros2_ws/install/parc_robot_interfaces/share/parc_robot_interfaces/cmake/export_parc_robot_interfaces__rosidl_typesupport_fastrtps_cExport.cmake
[2.422s] -- Installing: /home/david/ros2_ws/install/parc_robot_interfaces/share/parc_robot_interfaces/cmake/export_parc_robot_interfaces__rosidl_typesupport_fastrtps_cExport-noconfig.cmake
[2.422s] -- Installing: /home/david/ros2_ws/install/parc_robot_interfaces/share/parc_robot_interfaces/cmake/parc_robot_interfaces__rosidl_typesupport_introspection_cExport.cmake
[2.422s] -- Installing: /home/david/ros2_ws/install/parc_robot_interfaces/share/parc_robot_interfaces/cmake/parc_robot_interfaces__rosidl_typesupport_introspection_cExport-noconfig.cmake
[2.422s] -- Installing: /home/david/ros2_ws/install/parc_robot_interfaces/share/parc_robot_interfaces/cmake/parc_robot_interfaces__rosidl_typesupport_cExport.cmake
[2.422s] -- Installing: /home/david/ros2_ws/install/parc_robot_interfaces/share/parc_robot_interfaces/cmake/parc_robot_interfaces__rosidl_typesupport_cExport-noconfig.cmake
[2.423s] -- Installing: /home/david/ros2_ws/install/parc_robot_interfaces/share/parc_robot_interfaces/cmake/export_parc_robot_interfaces__rosidl_generator_cppExport.cmake
[2.423s] -- Installing: /home/david/ros2_ws/install/parc_robot_interfaces/share/parc_robot_interfaces/cmake/export_parc_robot_interfaces__rosidl_typesupport_fastrtps_cppExport.cmake
[2.423s] -- Installing: /home/david/ros2_ws/install/parc_robot_interfaces/share/parc_robot_interfaces/cmake/export_parc_robot_interfaces__rosidl_typesupport_fastrtps_cppExport-noconfig.cmake
[2.423s] -- Installing: /home/david/ros2_ws/install/parc_robot_interfaces/share/parc_robot_interfaces/cmake/parc_robot_interfaces__rosidl_typesupport_introspection_cppExport.cmake
[2.423s] -- Installing: /home/david/ros2_ws/install/parc_robot_interfaces/share/parc_robot_interfaces/cmake/parc_robot_interfaces__rosidl_typesupport_introspection_cppExport-noconfig.cmake
[2.423s] -- Installing: /home/david/ros2_ws/install/parc_robot_interfaces/share/parc_robot_interfaces/cmake/parc_robot_interfaces__rosidl_typesupport_cppExport.cmake
[2.423s] -- Installing: /home/david/ros2_ws/install/parc_robot_interfaces/share/parc_robot_interfaces/cmake/parc_robot_interfaces__rosidl_typesupport_cppExport-noconfig.cmake
[2.423s] -- Installing: /home/david/ros2_ws/install/parc_robot_interfaces/share/parc_robot_interfaces/cmake/export_parc_robot_interfaces__rosidl_generator_pyExport.cmake
[2.423s] -- Installing: /home/david/ros2_ws/install/parc_robot_interfaces/share/parc_robot_interfaces/cmake/export_parc_robot_interfaces__rosidl_generator_pyExport-noconfig.cmake
[2.423s] -- Installing: /home/david/ros2_ws/install/parc_robot_interfaces/share/parc_robot_interfaces/cmake/rosidl_cmake-extras.cmake
[2.423s] -- Installing: /home/david/ros2_ws/install/parc_robot_interfaces/share/parc_robot_interfaces/cmake/ament_cmake_export_include_directories-extras.cmake
[2.423s] -- Installing: /home/david/ros2_ws/install/parc_robot_interfaces/share/parc_robot_interfaces/cmake/ament_cmake_export_libraries-extras.cmake
[2.423s] -- Installing: /home/david/ros2_ws/install/parc_robot_interfaces/share/parc_robot_interfaces/cmake/ament_cmake_export_targets-extras.cmake
[2.423s] -- Installing: /home/david/ros2_ws/install/parc_robot_interfaces/share/parc_robot_interfaces/cmake/rosidl_cmake_export_typesupport_targets-extras.cmake
[2.423s] -- Installing: /home/david/ros2_ws/install/parc_robot_interfaces/share/parc_robot_interfaces/cmake/ament_cmake_export_dependencies-extras.cmake
[2.423s] -- Installing: /home/david/ros2_ws/install/parc_robot_interfaces/share/parc_robot_interfaces/cmake/rosidl_cmake_export_typesupport_libraries-extras.cmake
[2.424s] -- Installing: /home/david/ros2_ws/install/parc_robot_interfaces/share/parc_robot_interfaces/cmake/parc_robot_interfacesConfig.cmake
[2.424s] -- Installing: /home/david/ros2_ws/install/parc_robot_interfaces/share/parc_robot_interfaces/cmake/parc_robot_interfacesConfig-version.cmake
[2.424s] -- Installing: /home/david/ros2_ws/install/parc_robot_interfaces/share/parc_robot_interfaces/package.xml
[2.426s] Invoked command in '/home/david/ros2_ws/build/parc_robot_interfaces' returned '0': CMAKE_PREFIX_PATH=/opt/ros/humble CONDA_PROMPT_MODIFIER=(base) /usr/bin/cmake --install /home/david/ros2_ws/build/parc_robot_interfaces
